Pickup_dayofweek	pickup_year	pickup_hour	Count
Saturday	2014	19	183176
Monday	2014	11	76012
Friday	2016	8	116768
Friday	2016	14	111232
Wednesday	2013	7	4772
Thursday	2015	20	176665
Friday	2015	6	40993
Monday	2013	9	7559
Wednesday	2013	10	6529
Monday	2015	19	145968
Friday	2013	8	7685
Tuesday	2015	18	165367
Friday	2013	20	13058
Thursday	2016	1	48412
Thursday	2015	8	130872
Saturday	2015	19	219884
Sunday	2015	10	87146
Sunday	2013	21	7446
Saturday	2014	21	183927
Monday	2014	5	20231
Wednesday	2016	13	91429
Sunday	2013	14	7959
Tuesday	2015	11	96106
Friday	2013	7	5191
Wednesday	2014	17	139667
Sunday	2014	10	65778
Saturday	2015	22	229551
Saturday	2013	21	11856
Tuesday	2013	18	13012
Thursday	2013	17	11234
Thursday	2016	10	94959
Saturday	2015	9	87883
Sunday	2016	13	102999
Wednesday	2015	5	20138
Monday	2014	8	95473
Saturday	2014	22	191352
Thursday	2014	10	89479
Friday	2014	6	30825
Monday	2016	17	127247
Wednesday	2016	0	61159
Thursday	2013	6	2594
Monday	2016	8	107246
Monday	2016	12	80300
Thursday	2016	2	29908
Thursday	2013	8	7189
Wednesday	2015	17	157666
Saturday	2014	9	67347
Sunday	2014	4	92508
Saturday	2015	5	47278
Sunday	2016	21	109786
Thursday	2014	19	152663
Friday	2014	16	138412
Sunday	2014	5	46130
Saturday	2016	9	79336
Saturday	2015	6	37980
Monday	2013	23	5466
Tuesday	2015	13	96930
Monday	2015	15	116954
Sunday	2014	20	120220
Sunday	2015	13	117704
Tuesday	2015	15	121570
Monday	2013	2	2319
Wednesday	2014	8	102433
Monday	2014	10	81587
Wednesday	2013	22	7182
Monday	2014	1	48519
Thursday	2014	14	99140
Saturday	2016	20	175201
Tuesday	2016	17	130311
Sunday	2015	3	144074
Wednesday	2013	6	2496
Sunday	2016	23	90855
Sunday	2015	0	232461
Tuesday	2015	0	65034
Thursday	2015	1	69289
Thursday	2014	9	100666
Wednesday	2013	20	9065
Sunday	2015	23	114513
Saturday	2014	23	196332
Sunday	2016	2	133569
Sunday	2016	6	30344
Saturday	2015	23	240683
Friday	2013	19	13769
Sunday	2013	7	2651
Wednesday	2015	11	100351
Monday	2014	15	97276
Friday	2016	10	99493
Tuesday	2013	7	5071
Friday	2015	9	125649
Saturday	2015	0	210225
Friday	2013	10	7375
Monday	2014	22	85402
Monday	2013	3	1979
Tuesday	2015	19	161745
Wednesday	2013	16	9725
Friday	2013	14	8896
Thursday	2013	21	9491
Wednesday	2015	12	100409
Tuesday	2014	16	110338
Friday	2016	18	189623
Tuesday	2016	15	107107
Saturday	2013	11	6513
Sunday	2014	23	94074
Saturday	2015	20	213212
Tuesday	2013	15	10178
Wednesday	2013	11	6611
Tuesday	2016	1	35430
Sunday	2016	10	78206
Wednesday	2016	2	24279
Wednesday	2016	11	88142
Monday	2014	3	24535
Friday	2014	19	186662
Friday	2013	13	7605
Monday	2014	16	105775
Monday	2014	23	71755
Thursday	2014	5	18511
Wednesday	2013	19	10270
Friday	2013	23	11509
Saturday	2013	2	7969
Saturday	2014	16	144549
Sunday	2014	15	114204
Tuesday	2014	5	16776
Thursday	2016	21	137439
Thursday	2014	0	74693
Thursday	2016	7	78869
Sunday	2016	18	137125
Friday	2015	19	220943
Saturday	2015	3	119230
Monday	2014	2	32568
Wednesday	2013	12	6688
Saturday	2013	15	9484
Monday	2013	1	3067
Tuesday	2015	4	20431
Tuesday	2015	5	19450
Saturday	2013	8	3960
Thursday	2013	0	4864
Sunday	2015	17	154345
Tuesday	2014	6	29308
Friday	2013	11	7466
Tuesday	2013	11	7172
Sunday	2013	19	9115
Sunday	2013	20	8418
Tuesday	2013	19	12778
Saturday	2015	18	205695
Saturday	2016	10	91999
Saturday	2014	7	36056
Sunday	2013	15	8634
Sunday	2013	16	9415
Friday	2016	6	39136
Tuesday	2016	6	34809
Saturday	2015	21	219418
Thursday	2016	18	164954
Saturday	2014	12	95667
Sunday	2015	19	156608
Friday	2016	5	24243
Monday	2013	21	7708
Tuesday	2014	4	18093
Thursday	2014	21	134253
Thursday	2015	4	31004
Sunday	2016	14	112640
Saturday	2014	15	131795
Wednesday	2013	2	2578
Monday	2013	4	2158
Friday	2015	8	125892
Tuesday	2015	7	83385
Thursday	2015	16	150903
Sunday	2015	15	142120
Wednesday	2014	22	118268
Tuesday	2016	14	96635
Friday	2016	9	114492
Tuesday	2016	18	146142
Tuesday	2013	4	2018
Thursday	2013	4	2015
Saturday	2015	17	184776
Monday	2015	21	114945
Sunday	2014	21	112940
Wednesday	2014	21	128043
Sunday	2015	21	135985
Thursday	2016	4	19395
Tuesday	2016	2	22096
Wednesday	2016	16	121069
Tuesday	2013	16	11204
Wednesday	2014	7	66275
Friday	2015	0	114291
Sunday	2015	7	37231
Sunday	2013	13	7156
Saturday	2016	2	120906
Sunday	2016	17	130553
Sunday	2014	9	50518
Monday	2014	4	25501
Sunday	2013	12	6672
Friday	2013	16	11480
Friday	2016	2	49981
Saturday	2015	10	102566
Saturday	2014	17	155172
Monday	2013	14	8176
Thursday	2016	15	117338
Tuesday	2013	0	4507
Tuesday	2016	10	91722
Thursday	2016	0	72673
Thursday	2016	13	92813
Sunday	2013	11	6036
Friday	2014	10	90125
Saturday	2014	3	102663
Sunday	2015	20	144307
Wednesday	2013	15	8904
Thursday	2016	22	129849
Tuesday	2016	7	76102
Friday	2015	11	106134
Monday	2015	18	150262
Saturday	2013	9	5289
Thursday	2013	7	5057
Friday	2014	17	157363
Wednesday	2016	20	131704
Monday	2016	10	87370
Wednesday	2013	17	10240
Wednesday	2014	3	21437
Friday	2014	5	20912
Monday	2013	20	9115
Thursday	2013	5	1696
Wednesday	2015	7	85429
Saturday	2015	13	129458
Wednesday	2013	14	7823
Monday	2015	20	127140
Tuesday	2013	6	2630
Tuesday	2013	10	7467
Thursday	2013	23	7367
Sunday	2014	16	123102
Tuesday	2015	16	130455
Saturday	2013	4	5229
Tuesday	2013	13	7734
Thursday	2013	9	7287
Sunday	2014	11	77572
Wednesday	2014	20	137182
Friday	2016	20	175572
Monday	2016	13	82254
Monday	2016	18	136800
Thursday	2016	20	144488
Thursday	2013	19	11596
Tuesday	2014	10	86534
Thursday	2014	23	116783
Friday	2014	9	99591
Tuesday	2014	3	17122
Monday	2013	15	9080
Saturday	2013	14	8479
Monday	2013	11	6931
Wednesday	2016	22	111892
Monday	2016	11	81545
Thursday	2016	14	106263
Tuesday	2013	5	1826
Saturday	2013	18	12281
Thursday	2014	20	141737
Friday	2014	13	85031
Saturday	2013	19	12417
Thursday	2013	2	2470
Tuesday	2014	23	83779
Friday	2014	21	175494
Friday	2016	16	146436
Wednesday	2015	18	174712
Friday	2013	17	12679
Saturday	2015	12	123411
Friday	2014	3	31825
Sunday	2016	4	84926
Wednesday	2015	19	173377
Sunday	2014	2	145044
Wednesday	2013	21	8224
Monday	2015	6	39865
Wednesday	2013	8	6984
Friday	2013	5	1889
Monday	2015	9	118810
Thursday	2015	18	191381
Tuesday	2013	20	11808
Wednesday	2013	5	1885
Saturday	2016	6	32347
Tuesday	2016	4	15493
Thursday	2013	16	10497
Sunday	2013	18	9454
Wednesday	2014	9	102028
Tuesday	2015	22	119759
Wednesday	2015	6	38238
Saturday	2016	19	184702
Saturday	2015	4	90874
Thursday	2014	2	32556
Thursday	2016	3	20944
Thursday	2015	5	25728
Wednesday	2015	16	140257
Sunday	2014	7	29034
Monday	2014	13	77423
Sunday	2016	19	130896
Tuesday	2013	2	2215
Wednesday	2016	5	16895
Wednesday	2016	14	101496
Thursday	2015	13	107068
Friday	2015	20	209246
Monday	2016	23	73603
Tuesday	2013	1	3145
Sunday	2013	23	5647
Thursday	2014	1	50591
Friday	2014	7	65010
Wednesday	2015	8	129548
Thursday	2014	12	85184
Monday	2016	0	68516
Monday	2016	1	45269
Wednesday	2013	23	6519
Saturday	2014	2	128645
Saturday	2014	4	79164
Thursday	2016	11	90342
Wednesday	2016	8	113445
Wednesday	2013	9	7042
Monday	2015	0	86861
Wednesday	2015	14	115762
Wednesday	2013	3	2045
Saturday	2013	6	2456
Monday	2014	6	30637
Tuesday	2014	1	37013
Wednesday	2016	23	97540
Friday	2015	5	25849
Friday	2013	22	11884
Saturday	2016	14	126793
Thursday	2014	16	122623
Friday	2013	3	2631
Monday	2015	3	28671
Monday	2014	12	75989
Saturday	2013	12	7061
Sunday	2013	1	10899
Sunday	2015	6	36294
Monday	2015	5	25122
Friday	2014	4	27492
Sunday	2014	18	132636
Monday	2016	4	23474
Thursday	2015	14	122452
Tuesday	2015	6	37002
Wednesday	2016	6	34075
Saturday	2016	11	103362
Saturday	2016	17	158607
Monday	2016	19	128108
Monday	2013	8	7612
Friday	2014	11	86447
Sunday	2014	8	35823
Tuesday	2013	23	8295
Tuesday	2014	9	98470
Friday	2014	18	178098
Saturday	2014	8	51416
Friday	2014	22	179599
Saturday	2016	1	148064
Monday	2016	16	112903
Wednesday	2013	13	6885
Tuesday	2013	17	12571
Sunday	2015	11	102873
Monday	2014	19	120857
Wednesday	2014	16	121838
Monday	2016	3	22190
Saturday	2016	4	72818
Wednesday	2014	5	18004
Tuesday	2015	17	147462
Thursday	2013	3	2029
Tuesday	2016	16	116624
Wednesday	2014	13	88181
Friday	2014	2	45660
Thursday	2015	3	33869
Saturday	2013	23	11710
Wednesday	2014	15	111348
Monday	2016	14	93768
Tuesday	2013	21	11074
Friday	2013	0	6131
Friday	2016	12	90536
Friday	2015	2	57120
Sunday	2014	17	126938
Sunday	2014	22	106706
Monday	2013	19	10188
Monday	2013	6	2727
Tuesday	2013	9	7629
Thursday	2016	8	116648
Friday	2015	7	85016
Monday	2013	22	6741
Wednesday	2015	0	78014
Saturday	2014	1	154612
Sunday	2014	19	129453
Friday	2016	1	72995
Saturday	2016	13	116706
Saturday	2013	17	11251
Saturday	2015	7	46595
Monday	2015	17	137711
Friday	2013	21	12146
Wednesday	2016	10	92440
Thursday	2016	16	129664
Thursday	2015	23	146849
Saturday	2014	6	30537
Thursday	2016	17	149962
Sunday	2016	5	42312
Sunday	2016	20	117523
Monday	2013	10	7171
Wednesday	2013	4	2009
Thursday	2013	20	10511
Friday	2013	6	2586
Thursday	2015	9	127031
Thursday	2013	10	7181
Saturday	2016	5	37609
Tuesday	2014	17	123512
Sunday	2015	22	129905
Monday	2015	8	122941
Wednesday	2016	7	75215
Monday	2016	22	86212
Sunday	2013	0	11303
Tuesday	2016	12	84617
Saturday	2015	2	151480
Wednesday	2013	0	4821
Monday	2014	9	92841
Saturday	2016	3	96915
Tuesday	2015	8	125910
Sunday	2015	4	108839
Friday	2014	20	178793
Sunday	2016	15	121433
Wednesday	2016	9	108232
Monday	2013	7	5148
Monday	2015	12	93198
Saturday	2016	15	139662
Sunday	2016	7	32129
Tuesday	2016	3	15263
Wednesday	2016	19	149945
Wednesday	2014	0	67288
Friday	2014	1	68302
Wednesday	2015	21	144953
Friday	2015	15	144891
Sunday	2016	8	41331
Wednesday	2013	1	3559
Saturday	2014	14	115658
Saturday	2016	22	187428
Friday	2015	18	213827
Thursday	2016	19	161210
Sunday	2013	5	3285
Friday	2016	22	175949
Saturday	2016	12	111178
Monday	2016	2	29960
Tuesday	2016	5	17278
Sunday	2014	12	86095
Friday	2013	9	7809
Wednesday	2014	19	152165
Tuesday	2015	14	110165
Thursday	2016	6	36065
Friday	2016	11	93970
Tuesday	2013	12	7625
Sunday	2013	10	5248
Thursday	2013	11	7009
Tuesday	2014	8	100328
Wednesday	2014	2	28648
Thursday	2014	4	21812
Tuesday	2015	23	103536
Tuesday	2014	7	65735
Monday	2013	5	1856
Thursday	2013	14	8276
Friday	2013	2	3262
Saturday	2013	10	5851
Saturday	2016	7	41163
Thursday	2015	12	104773
Friday	2015	12	101349
Tuesday	2014	18	136750
Thursday	2014	11	84593
Friday	2014	14	101485
Friday	2015	3	39324
Monday	2015	10	101718
Friday	2014	0	95245
Friday	2016	3	36188
Wednesday	2016	1	39854
Wednesday	2016	12	89318
Sunday	2015	2	175044
Sunday	2015	12	112244
Sunday	2014	0	189083
Saturday	2013	16	10836
Monday	2016	21	98073
Wednesday	2014	18	152075
Sunday	2013	6	2338
Sunday	2015	5	54779
Wednesday	2015	20	156215
Saturday	2014	10	78446
Monday	2014	18	126268
Thursday	2013	12	7201
Tuesday	2015	2	27238
Monday	2016	7	72664
Thursday	2016	12	90292
Tuesday	2014	20	117555
Saturday	2016	23	195824
Monday	2015	23	86019
Monday	2015	14	106008
Sunday	2013	8	3090
Tuesday	2013	14	8780
Tuesday	2014	0	55369
Thursday	2014	17	138012
Thursday	2016	9	110965
Sunday	2016	9	60157
Thursday	2014	8	102175
Wednesday	2014	1	44906
Friday	2016	0	99748
Thursday	2014	15	110686
Monday	2016	9	102342
Monday	2016	15	103709
Wednesday	2014	4	20156
Sunday	2013	9	4126
Tuesday	2016	8	114484
Thursday	2014	22	128299
Tuesday	2015	10	104152
Friday	2013	18	13446
Saturday	2016	21	179633
Tuesday	2014	13	82327
Sunday	2013	3	7547
Friday	2014	8	98622
Tuesday	2016	0	55320
Wednesday	2015	13	101927
Saturday	2015	1	185192
Tuesday	2014	19	134099
Tuesday	2014	22	98672
Wednesday	2014	10	90596
Wednesday	2014	12	86944
Monday	2016	20	109100
Saturday	2016	8	58637
Tuesday	2015	1	43402
Thursday	2015	19	189877
Friday	2015	17	187796
Saturday	2013	20	12122
Sunday	2014	13	93839
Friday	2016	13	89408
Wednesday	2016	4	16562
Monday	2015	4	29708
Tuesday	2014	11	81025
Saturday	2015	15	159326
Wednesday	2015	22	135518
Sunday	2015	1	216310
Thursday	2013	13	7387
Monday	2016	5	21210
Friday	2016	23	179933
Friday	2014	23	183107
Thursday	2016	23	118174
Monday	2013	17	10469
Monday	2014	14	87485
Tuesday	2014	14	93227
Tuesday	2015	21	132861
Wednesday	2015	9	125399
Sunday	2013	2	9161
Monday	2013	12	7253
Monday	2013	0	4459
Friday	2014	15	120981
Thursday	2015	17	171299
Thursday	2015	21	170974
Monday	2015	2	38272
Monday	2015	22	101303
Friday	2016	19	190451
Friday	2015	13	100228
Tuesday	2014	2	23354
Thursday	2014	6	30545
Saturday	2014	20	182243
Sunday	2016	16	127508
Friday	2013	1	4494
Saturday	2013	7	3068
Monday	2013	13	7360
Tuesday	2016	23	84242
Thursday	2014	3	23489
Friday	2013	12	7573
Sunday	2013	17	9361
Wednesday	2015	1	52596
Thursday	2015	10	110417
Saturday	2013	0	10465
Sunday	2016	22	103871
Tuesday	2016	22	99626
Tuesday	2014	12	81276
Wednesday	2015	3	22583
Friday	2015	14	123163
Tuesday	2016	20	122199
Friday	2016	17	169108
Friday	2013	4	2325
Friday	2015	23	221035
Monday	2014	0	72758
Sunday	2015	16	149719
Thursday	2015	15	136857
Wednesday	2014	6	30752
Thursday	2015	6	42237
Tuesday	2014	21	107840
Saturday	2014	13	103156
Wednesday	2015	2	32764
Tuesday	2013	3	1884
Saturday	2014	5	40506
Monday	2016	6	35377
Saturday	2013	13	7566
Sunday	2015	14	131564
Wednesday	2014	14	99635
Monday	2014	17	116919
Monday	2015	7	82289
Sunday	2016	0	181646
Sunday	2016	3	111670
Wednesday	2016	21	121645
Thursday	2013	1	3411
Saturday	2013	22	11989
Friday	2016	7	79193
Tuesday	2015	3	19661
Saturday	2013	3	6472
Monday	2014	21	95886
Wednesday	2014	11	86242
Thursday	2015	7	88651
Wednesday	2015	4	21892
Sunday	2013	4	6137
Monday	2013	16	10130
Wednesday	2015	15	128312
Wednesday	2015	23	118555
Wednesday	2016	3	16840
Sunday	2014	6	30172
Sunday	2014	14	105384
Wednesday	2013	18	10619
Thursday	2013	18	11791
Friday	2016	21	172477
Sunday	2016	12	98617
Sunday	2014	1	176444
Thursday	2013	22	8488
Monday	2014	20	107938
Friday	2014	12	84780
Tuesday	2016	21	111681
Wednesday	2016	18	155180
Thursday	2015	22	161819
Friday	2015	10	111279
Monday	2015	1	57787
Monday	2015	16	125475
Thursday	2013	15	9468
Friday	2015	22	213751
Saturday	2014	0	173725
Sunday	2014	3	119782
Thursday	2014	13	86723
Sunday	2013	22	6781
Tuesday	2015	20	143244
Friday	2016	4	30480
Sunday	2016	1	165565
Saturday	2013	5	2948
Saturday	2016	0	170966
Wednesday	2014	23	102112
Friday	2013	15	10257
Saturday	2014	18	172229
Friday	2015	21	207599
Sunday	2015	8	46077
Monday	2015	13	94328
Tuesday	2016	9	108366
Thursday	2014	7	67757
Wednesday	2016	15	111189
Saturday	2015	14	143520
Thursday	2015	11	104522
Friday	2015	16	162509
Tuesday	2015	12	95073
Wednesday	2015	10	107739
Thursday	2015	0	98176
Tuesday	2013	8	7492
Monday	2013	18	10804
Sunday	2015	9	66606
Saturday	2015	8	65781
Tuesday	2016	19	140307
Thursday	2016	5	18472
Monday	2014	7	63177
Saturday	2013	1	9375
Monday	2015	11	94404
Tuesday	2014	15	103324
Saturday	2014	11	88185
Friday	2016	15	129921
Thursday	2014	18	153272
Sunday	2015	18	161518
Saturday	2015	16	172813
Thursday	2015	2	46433
Tuesday	2016	11	85964
Saturday	2016	16	149635
Sunday	2016	11	91814
Friday	2015	1	83763
Saturday	2016	18	175630
Wednesday	2016	17	140006
Friday	2015	4	33255
Saturday	2015	11	114902
Tuesday	2013	22	9964
Tuesday	2016	13	84896
Tuesday	2015	9	121667
