Pickup_date	pickup_hour	Count
2014-02-05	23	1097
2014-02-12	7	1172
2014-02-22	16	2410
2014-02-24	23	1132
2014-02-28	19	3686
2014-02-02	12	1114
2014-02-04	8	1593
2014-02-21	0	1384
2014-02-25	0	867
2014-02-15	0	2897
2014-02-16	2	1885
2014-02-25	12	1435
2014-02-26	23	1449
2014-02-07	5	254
2014-02-07	12	1369
2014-02-12	8	1842
2014-02-13	4	230
2014-02-01	8	753
2014-02-02	7	384
2014-02-04	20	1834
2014-02-16	4	1281
2014-02-07	16	2251
2014-02-21	7	959
2014-02-15	8	748
2014-02-02	10	859
2014-02-10	13	1326
2014-02-22	1	2447
2014-02-25	2	335
2014-02-18	1	506
2014-02-19	10	1383
2014-02-13	11	532
2014-02-16	17	2188
2014-02-18	6	339
2014-02-23	4	1766
2014-02-25	15	1856
2014-02-08	22	3040
2014-02-15	20	2725
2014-02-25	22	1617
2014-02-10	9	1701
2014-02-14	4	235
2014-02-12	12	1570
2014-02-15	17	2441
2014-02-22	3	1645
2014-02-10	1	460
2014-02-10	6	433
2014-02-17	4	493
2014-02-28	5	354
2014-02-08	4	1149
2014-02-22	21	3409
2014-02-23	13	1439
2014-02-23	14	1691
2014-02-08	5	578
2014-02-14	7	979
2014-02-17	17	1964
2014-02-20	12	1469
2014-02-23	18	2286
2014-02-02	22	2035
2014-02-09	21	1375
2014-02-20	20	2499
2014-02-06	2	347
2014-02-09	22	1212
2014-02-10	16	1866
2014-02-15	23	2613
2014-02-18	22	1407
2014-02-28	10	1823
2014-02-10	3	265
2014-02-15	12	1393
2014-02-24	9	1647
2014-02-13	18	1683
2014-02-18	16	1879
2014-02-02	13	1248
2014-02-04	2	230
2014-02-05	1	525
2014-02-09	4	1427
2014-02-14	20	3723
2014-02-23	1	3017
2014-02-25	10	1469
2014-02-24	20	2061
2014-02-07	10	1426
2014-02-17	22	1403
2014-02-26	1	586
2014-02-01	10	1066
2014-02-12	23	1552
2014-02-05	15	1540
2014-02-06	9	1626
2014-02-14	6	358
2014-02-21	18	2988
2014-02-02	2	2061
2014-02-13	1	648
2014-02-05	5	115
2014-02-11	5	234
2014-02-16	7	438
2014-02-09	3	1818
2014-02-11	19	2449
2014-02-15	5	714
2014-02-02	19	1737
2014-02-03	3	374
2014-02-24	8	1778
2014-02-09	2	2160
2014-02-09	11	1155
2014-02-09	5	692
2014-02-27	17	2807
2014-02-04	17	2108
2014-02-05	17	1869
2014-02-13	6	244
2014-02-06	21	2031
2014-02-07	13	1353
2014-02-22	8	829
2014-02-07	11	1323
2014-02-08	16	2415
2014-02-21	9	1599
2014-02-22	2	1947
2014-02-09	10	957
2014-02-13	8	626
2014-02-13	9	608
2014-02-23	6	521
2014-02-05	21	1379
2014-02-12	11	1526
2014-02-17	1	1208
2014-02-21	11	1474
2014-02-01	17	2308
2014-02-03	18	1423
2014-02-17	3	592
2014-02-07	14	1660
2014-02-24	6	486
2014-02-25	11	1433
2014-02-27	10	1588
2014-02-01	3	1506
2014-02-05	0	853
2014-02-05	20	1542
2014-02-11	2	325
2014-02-11	23	1378
2014-02-15	6	432
2014-02-23	23	1457
2014-02-26	4	284
2014-02-26	11	1470
2014-02-07	0	1245
2014-02-13	16	1436
2014-02-15	21	2626
2014-02-20	2	478
2014-02-20	9	1600
2014-02-24	10	1403
2014-02-06	17	2302
2014-02-08	10	1132
2014-02-11	6	442
2014-02-19	22	1589
2014-02-27	23	2101
2014-02-11	14	1695
2014-02-23	19	2321
2014-02-28	23	3240
2014-02-09	14	1604
2014-02-09	18	2182
2014-02-10	12	1296
2014-02-10	15	1675
2014-02-18	4	274
2014-02-23	3	2181
2014-02-23	8	567
2014-02-02	11	985
2014-02-05	22	1295
2014-02-26	10	1614
2014-02-13	21	1714
2014-02-01	23	2690
2014-02-04	22	1368
2014-02-08	6	411
2014-02-19	9	1600
2014-02-09	1	2527
2014-02-16	9	763
2014-02-01	0	2396
2014-02-02	0	2598
2014-02-12	9	1766
2014-02-16	12	1296
2014-02-17	13	1373
2014-02-18	8	1258
2014-02-01	18	2579
2014-02-20	13	1541
2014-02-24	18	2431
2014-02-25	8	1849
2014-02-26	21	2127
2014-02-02	9	637
2014-02-05	11	1209
2014-02-17	2	792
2014-02-03	10	1064
2014-02-08	18	2973
2014-02-11	4	268
2014-02-22	23	3326
2014-02-03	1	811
2014-02-20	23	1706
2014-02-08	1	2230
2014-02-20	18	2606
2014-02-01	9	929
2014-02-13	5	187
2014-02-24	2	411
2014-02-06	6	449
2014-02-15	16	2397
2014-02-04	6	418
2014-02-06	3	259
2014-02-07	23	2698
2014-02-19	3	283
2014-02-09	23	1031
2014-02-21	22	2671
2014-02-27	20	2978
2014-02-15	19	2682
2014-02-21	23	2711
2014-02-22	5	659
2014-02-22	7	570
2014-02-22	15	2186
2014-02-27	9	1668
2014-02-08	9	1092
2014-02-10	20	1896
2014-02-17	20	1874
2014-02-03	22	828
2014-02-05	16	1701
2014-02-14	11	1605
2014-02-16	6	402
2014-02-18	5	228
2014-02-19	1	560
2014-02-22	17	2718
2014-02-26	3	261
2014-02-16	13	1543
2014-02-02	5	661
2014-02-08	12	1515
2014-02-09	16	1933
2014-02-20	17	2445
2014-02-24	4	377
2014-02-26	12	1489
2014-02-03	19	1330
2014-02-07	17	2621
2014-02-07	18	3027
2014-02-11	21	2023
2014-02-13	19	1657
2014-02-16	5	594
2014-02-04	13	1362
2014-02-06	7	1150
2014-02-17	18	2109
2014-02-28	8	2104
2014-02-13	13	766
2014-02-15	2	2005
2014-02-19	4	303
2014-02-24	7	1222
2014-02-19	14	1551
2014-02-21	17	2629
2014-02-28	21	3270
2014-02-25	21	1930
2014-02-27	12	1477
2014-02-15	4	1416
2014-02-19	17	2190
2014-02-03	21	1066
2014-02-12	19	3005
2014-02-14	14	2025
2014-02-24	3	329
2014-02-14	12	1622
2014-02-22	18	3074
2014-02-28	17	3190
2014-02-13	2	389
2014-02-22	9	1121
2014-02-23	7	434
2014-02-11	13	1527
2014-02-18	2	318
2014-02-18	13	1316
2014-02-21	6	425
2014-02-25	19	2525
2014-02-27	5	263
2014-02-28	12	1740
2014-02-03	0	1252
2014-02-23	2	2561
2014-02-07	3	380
2014-02-09	15	1728
2014-02-18	17	2065
2014-02-23	5	813
2014-02-27	3	334
2014-02-08	17	2527
2014-02-14	16	2794
2014-02-28	2	602
2014-02-26	19	2688
2014-02-08	20	3081
2014-02-21	2	620
2014-02-01	7	461
2014-02-20	8	1443
2014-02-24	21	1688
2014-02-02	23	1779
2014-02-11	17	2470
2014-02-16	23	1849
2014-02-28	14	2073
2014-02-13	10	567
2014-02-15	18	2609
2014-02-19	18	2380
2014-02-01	16	2081
2014-02-16	21	2092
2014-02-11	16	2156
2014-02-26	5	240
2014-02-07	21	2829
2014-02-03	14	1144
2014-02-12	5	194
2014-02-12	14	1893
2014-02-17	6	376
2014-02-19	20	2025
2014-02-03	15	1231
2014-02-08	14	1865
2014-02-19	12	1713
2014-02-24	13	1419
2014-02-26	22	1804
2014-02-05	13	1218
2014-02-15	10	1214
2014-02-17	8	842
2014-02-25	5	231
2014-02-26	18	2756
2014-02-01	1	2150
2014-02-03	16	1341
2014-02-03	20	1134
2014-02-08	19	3090
2014-02-13	20	1726
2014-02-20	0	1031
2014-02-24	19	2368
2014-02-05	18	1931
2014-02-14	21	3490
2014-02-25	7	1193
2014-02-04	23	1137
2014-02-08	13	1604
2014-02-10	21	1536
2014-02-12	3	267
2014-02-23	0	3255
2014-02-06	13	1347
2014-02-13	3	286
2014-02-25	17	2377
2014-02-11	0	820
2014-02-21	20	2810
2014-02-06	10	1496
2014-02-18	12	1229
2014-02-28	0	1580
2014-02-26	16	2228
2014-02-01	11	1241
2014-02-11	1	470
2014-02-16	15	1914
2014-02-20	15	1877
2014-02-25	9	1726
2014-02-04	3	161
2014-02-10	17	2097
2014-02-11	18	2574
2014-02-12	16	2437
2014-02-22	12	1524
2014-02-19	19	2167
2014-02-04	11	1340
2014-02-23	15	1692
2014-02-27	0	1176
2014-02-08	11	1295
2014-02-10	19	2112
2014-02-12	20	2615
2014-02-22	14	1913
2014-02-28	13	1726
2014-02-01	5	572
2014-02-01	19	2747
2014-02-07	15	1957
2014-02-14	1	529
2014-02-15	13	1705
2014-02-19	5	232
2014-02-14	13	1679
2014-02-20	5	241
2014-02-20	1	672
2014-02-06	4	255
2014-02-06	18	2599
2014-02-08	15	2145
2014-02-26	6	457
2014-02-22	11	1364
2014-02-25	4	299
2014-02-18	19	2195
2014-02-16	11	1295
2014-02-18	18	2169
2014-02-02	6	401
2014-02-06	11	1423
2014-02-11	10	1754
2014-02-12	13	1642
2014-02-13	12	696
2014-02-13	23	1065
2014-02-04	7	1077
2014-02-20	6	410
2014-02-21	16	2350
2014-02-27	2	466
2014-02-28	6	524
2014-02-17	12	1189
2014-02-18	9	1396
2014-02-18	20	1876
2014-02-21	3	449
2014-02-22	0	2690
2014-02-07	9	1581
2014-02-20	22	1960
2014-02-08	23	3040
2014-02-13	15	1241
2014-02-15	9	1002
2014-02-27	16	2449
2014-02-19	7	813
2014-02-11	3	251
2014-02-16	1	2183
2014-02-23	12	1278
2014-02-05	7	549
2014-02-05	10	1284
2014-02-06	15	1847
2014-02-08	8	772
2014-02-14	5	188
2014-02-15	22	2647
2014-02-03	5	271
2014-02-16	0	2448
2014-02-17	21	1569
2014-02-28	18	3473
2014-02-15	7	472
2014-02-24	5	288
2014-02-04	16	1983
2014-02-07	22	2772
2014-02-10	2	308
2014-02-10	10	1414
2014-02-23	21	1823
2014-02-02	3	1732
2014-02-11	22	1661
2014-02-12	15	2164
2014-02-02	1	2393
2014-02-27	19	3151
2014-02-04	5	210
2014-02-06	0	882
2014-02-06	22	1790
2014-02-10	23	1054
2014-02-16	22	2043
2014-02-18	23	1181
2014-02-15	1	2500
2014-02-16	20	2249
2014-02-04	14	1494
2014-02-05	3	172
2014-02-12	2	365
2014-02-20	16	2236
2014-02-04	15	1778
2014-02-05	6	227
2014-02-06	16	2050
2014-02-19	21	1832
2014-02-26	14	1691
2014-02-03	6	414
2014-02-14	19	3829
2014-02-22	20	3341
2014-02-08	2	1801
2014-02-10	0	771
2014-02-12	18	2956
2014-02-16	16	2107
2014-02-04	1	349
2014-02-17	16	1952
2014-02-21	19	2866
2014-02-04	0	541
2014-02-07	4	353
2014-02-22	22	3370
2014-02-26	9	1759
2014-02-27	22	2321
2014-02-09	0	2795
2014-02-09	7	393
2014-02-04	21	1669
2014-02-23	20	2230
2014-02-25	1	489
2014-02-28	9	1941
2014-02-14	17	3233
2014-02-27	14	1910
2014-02-02	14	1433
2014-02-07	20	3076
2014-02-13	14	1042
2014-02-17	7	575
2014-02-11	12	1579
2014-02-14	22	3184
2014-02-25	6	429
2014-02-19	13	1516
2014-02-25	3	257
2014-02-27	1	721
2014-02-28	16	2818
2014-02-18	10	1293
2014-02-19	8	1447
2014-02-21	10	1502
2014-02-21	13	1495
2014-02-25	18	2663
2014-02-27	11	1539
2014-02-02	17	2085
2014-02-02	15	1642
2014-02-16	10	1069
2014-02-04	18	2215
2014-02-23	9	732
2014-02-03	2	554
2014-02-05	8	1055
2014-02-10	7	1100
2014-02-21	4	411
2014-02-03	11	1008
2014-02-10	11	1311
2014-02-15	3	1721
2014-02-20	14	1698
2014-02-21	12	1439
2014-02-25	16	2107
2014-02-28	1	966
2014-02-01	6	349
2014-02-01	15	1817
2014-02-13	17	1493
2014-02-14	10	1683
2014-02-20	11	1423
2014-02-23	22	1667
2014-02-02	21	1576
2014-02-11	15	1901
2014-02-13	22	1282
2014-02-17	19	2095
2014-02-19	16	1855
2014-02-01	4	1129
2014-02-01	12	1372
2014-02-27	8	1820
2014-02-25	23	1359
2014-02-05	2	308
2014-02-05	12	1219
2014-02-22	13	1728
2014-02-23	16	1848
2014-02-24	17	2342
2014-02-09	12	1252
2014-02-26	8	1887
2014-02-06	12	1290
2014-02-07	19	3214
2014-02-14	18	3547
2014-02-17	10	1024
2014-02-21	15	2345
2014-02-24	16	2070
2014-02-03	4	341
2014-02-26	20	2428
2014-02-04	10	1419
2014-02-18	0	834
2014-02-23	10	969
2014-02-24	11	1347
2014-02-03	7	897
2014-02-03	23	723
2014-02-06	19	2549
2014-02-28	4	457
2014-02-06	14	1597
2014-02-07	8	1684
2014-02-12	4	250
2014-02-17	14	1449
2014-02-19	6	383
2014-02-22	10	1283
2014-02-24	1	670
2014-02-07	7	1149
2014-02-13	7	527
2014-02-05	9	1359
2014-02-14	23	3174
2014-02-16	14	1729
2014-02-26	2	379
2014-02-27	7	1218
2014-02-23	17	2092
2014-02-20	7	999
2014-02-01	22	2625
2014-02-02	20	1592
2014-02-04	9	1622
2014-02-27	4	351
2014-02-03	13	1002
2014-02-06	1	540
2014-02-21	5	243
2014-02-08	3	1462
2014-02-09	9	764
2014-02-14	15	2403
2014-02-16	19	2495
2014-02-24	14	1596
2014-02-03	8	1321
2014-02-05	19	1894
2014-02-10	8	1785
2014-02-18	3	244
2014-02-19	2	385
2014-02-22	6	478
2014-02-09	6	419
2014-02-11	11	1608
2014-02-14	3	224
2014-02-26	13	1520
2014-02-11	7	1154
2014-02-16	3	1562
2014-02-19	15	1682
2014-02-01	2	1792
2014-02-24	22	1483
2014-02-27	13	1601
2014-02-28	3	469
2014-02-05	4	118
2014-02-17	5	354
2014-02-17	23	1090
2014-02-26	0	998
2014-02-26	7	1177
2014-02-08	0	2587
2014-02-10	22	1257
2014-02-12	10	1567
2014-02-21	8	1484
2014-02-22	19	3190
2014-02-26	17	2511
2014-02-28	11	1665
2014-02-12	22	1888
2014-02-20	3	341
2014-02-28	20	3692
2014-02-09	8	522
2014-02-18	7	757
2014-02-19	0	899
2014-02-25	20	2302
2014-02-16	18	2450
2014-02-21	21	2762
2014-02-27	15	2181
2014-02-13	0	1132
2014-02-17	9	987
2014-02-24	0	1051
2014-02-25	13	1449
2014-02-03	17	1405
2014-02-05	14	1389
2014-02-11	8	1776
2014-02-12	0	975
2014-02-07	2	512
2014-02-07	6	461
2014-02-08	21	2964
2014-02-14	2	310
2014-02-03	12	996
2014-02-01	20	2719
2014-02-02	18	2253
2014-02-10	14	1469
2014-02-12	6	405
2014-02-17	0	1604
2014-02-07	1	833
2014-02-20	10	1485
2014-02-02	8	453
2014-02-14	0	844
2014-02-14	8	1674
2014-02-21	1	900
2014-02-01	14	1640
2014-02-01	21	2584
2014-02-03	9	1201
2014-02-04	12	1273
2014-02-04	19	2159
2014-02-16	8	515
2014-02-17	11	1131
2014-02-06	20	2279
2014-02-10	18	2269
2014-02-20	19	2485
2014-02-28	15	2394
2014-02-02	16	1853
2014-02-06	5	266
2014-02-09	20	1633
2014-02-26	15	1946
2014-02-28	22	3290
2014-02-09	17	2005
2014-02-10	4	341
2014-02-12	17	2744
2014-02-17	15	1611
2014-02-21	14	1691
2014-02-01	13	1436
2014-02-06	8	1807
2014-02-10	5	242
2014-02-14	9	1845
2014-02-18	15	1521
2014-02-27	18	3049
2014-02-20	21	2543
2014-02-24	12	1352
2014-02-12	1	617
2014-02-18	11	1151
2014-02-19	11	1687
2014-02-24	15	2006
2014-02-15	14	1781
2014-02-18	14	1412
2014-02-11	9	1656
2014-02-12	21	2226
2014-02-18	21	1615
2014-02-20	4	311
2014-02-11	20	2260
2014-02-15	11	1386
2014-02-02	4	1335
2014-02-04	4	219
2014-02-06	23	1568
2014-02-09	13	1470
2014-02-09	19	1821
2014-02-22	4	1297
2014-02-28	7	1351
2014-02-25	14	1630
2014-02-27	6	464
2014-02-27	21	2834
2014-02-08	7	534
2014-02-15	15	2065
2014-02-19	23	1329
2014-02-23	11	1158
