Date	Daily Precipitation	Daily Snow Fall	Daily Average Wind Speed	Daily Peak Wind Speed	Temperature
2/7/2014	0	0	10.63333333	27	28.59090909
3/8/2015	0	0	7.766666667	32.66666667	41.12087912
9/29/2015	0.08	0	5.8	20.33333333	74.86111111
1/22/2016	0.01	0.2	9.5	24.33333333	26.72164948
4/11/2014	0	0	7.833333333	23.66666667	60.15730337
6/23/2014	0	0	6.5	21.66666667	72.62921348
8/20/2014	0	0	4.9	17	74.72727273
8/21/2014	0.382	0	6.033333333	19.33333333	73.47115385
10/14/2014	0.03375	0	9.866666667	27.66666667	69.32258065
11/5/2014	0	0	7.8	24.66666667	59.21590909
11/27/2014	0.68	None	8.8	26.33333333	36.7265625
12/26/2014	0.004	0	8.9	22	44.48863636
2/20/2016	0	0	11	28.33333333	50.07865169
4/19/2016	0	0	11.43333333	31.66666667	64.46590909
8/1/2016	0.622	0	8.1	21	73.27118644
11/10/2016	0.015	0	10	28.66666667	50.05747126
11/12/2016	0	0	9.5	26	44.90909091
10/29/2013	0	0	6.266666667	16	49.57954545
12/10/2013	0.13875	1.533333333	9.933333333	27.66666667	34.25
2/28/2015	0	5.033333333	None	21.33333333	22.72727273
3/25/2015	0.073333333	0	5.8	22.66666667	39.89108911
10/5/2015	0	0	9.666666667	23	58.21649485
12/31/2015	0.2	0	9.766666667	24.33333333	46.63461538
8/18/2013	None	0	4.3	19.33333333	71.54545455
11/5/2013	0	0	5.8	16.33333333	48.38636364
7/5/2014	0.1375	0	11.43333333	29.33333333	73.97752809
7/15/2014	1.12	0	5.9	25.66666667	74.57575758
3/22/2015	0	0	13.63333333	32	37.08988764
4/9/2015	0.0075	0	10.96666667	25	39.88429752
10/4/2015	0.01	0	15.1	31.66666667	57.61290323
10/22/2015	0	0	7.866666667	22.33333333	65.06818182
1/9/2016	0.02	0	10.46666667	23.33333333	45.11403509
4/23/2016	0.13875	0	10.06666667	25.33333333	63.01941748
9/17/2016	0	0	6.6	20.66666667	69.25531915
11/18/2016	0	0	5.233333333	16	54.625
2/2/2014	None	0	5.2	18.66666667	42.03883495
5/7/2014	0	0	7.033333333	22.33333333	58.15730337
8/17/2014	0.01	0	8.333333333	22	74.54545455
8/28/2014	0	0	10.06666667	27.66666667	75
2/19/2015	0	0	17.9	36.66666667	18.15909091
8/16/2015	0	0	4.533333333	22.66666667	82.38297872
11/14/2015	0	0	13.86666667	38.33333333	46.29545455
11/26/2015	0	0	4.5	16.33333333	50.125
5/9/2016	0.04625	0	10.5	34.33333333	62.84090909
3/9/2014	0	0	10.8	25.66666667	40.47727273
5/5/2015	0	0	5.366666667	19.66666667	70.36363636
2/5/2016	0.466	3.166666667	14.13333333	34.33333333	34.99280576
7/29/2016	0.7375	0	8.1	23	75.09160305
8/18/2016	0.021666667	0	4	14.5	79.01136364
10/19/2016	0	0	7.2	21.66666667	74.59090909
9/24/2013	0	0	7.366666667	19.33333333	60.81818182
10/15/2013	0	0	4.833333333	17	59.84269663
12/8/2013	0.053333333	0.7	8.333333333	22.33333333	30.82539683
1/27/2014	0	0	11.7	33.66666667	33.42045455
3/23/2014	0	0	12.5	27.33333333	38.18181818
4/20/2014	0	0	9	27	49.32954545
7/9/2014	0.033333333	0	8.3	24.66666667	77.58064516
10/27/2014	0	0	8.866666667	25	56.88636364
7/18/2015	0.173333333	0	8.466666667	21	77.24324324
11/25/2015	0	0	4.266666667	16	43.02272727
2/6/2016	0.06125	0	7.6	21.33333333	35.26136364
4/14/2016	0	0	7.366666667	20	49.05555556
11/2/2016	0	0	6.766666667	17.33333333	61.79545455
9/11/2013	0	0	8.1	24.66666667	82.32954545
1/12/2014	0.372857143	0	12.9	35.66666667	44.98958333
1/26/2014	0.024	0.1	15.05	35.33333333	22.93478261
2/28/2014	0	0	8.566666667	32.33333333	17.61363636
5/23/2014	0.3075	0	6.366666667	22.66666667	60.45098039
6/9/2015	0.032857143	0	10.06666667	28.66666667	72.87272727
1/3/2016	0	0	11.36666667	27.66666667	40.28409091
2/13/2014	0.7275	7.566666667	17.53333333	43.33333333	31.94219653
9/15/2014	0	0	6.333333333	16.33333333	63.53409091
11/17/2014	0.84125	0	6.566666667	30.66666667	45.11111111
2/14/2015	0.026666667	0.633333333	7.933333333	26.66666667	26.5546875
8/1/2015	0	0	8.866666667	25	82.22727273
6/7/2016	0.005	0	9.4	33.33333333	75.3
7/9/2016	0.16625	0	8.3	18.66666667	68.68067227
8/15/2016	0.013333333	0	6	15	83.48863636
8/6/2013	0	0	6.7	21.33333333	72.96590909
3/20/2014	0.723333333	0	13.46666667	36.66666667	45.52293578
10/28/2014	0	0	5.633333333	18.33333333	61.22727273
11/1/2015	0	0	8.8	24.33333333	59.19318182
3/18/2016	0.02	0	13.76666667	39.33333333	51.29213483
12/15/2016	0	0	18.86666667	45.66666667	26.3
1/29/2014	0.0475	0.7	10.56666667	26.66666667	18.21212121
5/13/2015	0	0	13.63333333	32.66666667	61.55681818
1/7/2014	0.15875	0	18.93333333	43.33333333	9.159090909
2/26/2014	0.023333333	0.3	9.1	32.33333333	26.79310345
10/23/2014	0.7025	0	14.96666667	33.33333333	52.15833333
3/26/2015	0.15	0	6.3	27.33333333	47.78571429
5/5/2016	0.025714286	0	12.53333333	26.33333333	51.625
5/18/2016	0.02	0	7.95	22	58.27272727
10/11/2013	0.02	0	14.4	28.66666667	64.31896552
10/26/2013	0	0	10.73333333	29.66666667	49.19318182
9/14/2014	0.1525	0	6.4	21	62
4/27/2015	0	0	10.96666667	29.33333333	54.81818182
6/17/2015	0.185	0	7.6	20.66666667	71.59782609
9/13/2015	0.1775	0	9.466666667	28	70.79090909
10/11/2015	0	0	6.8	17.66666667	60.22727273
11/18/2015	0	0	8.7	22.66666667	53.7745098
5/22/2016	0.13375	0	6	15.66666667	60.69230769
11/5/2016	0	0	8.2	24.33333333	54.72727273
12/7/2016	0.295	0	6.166666667	22	43.41525424
7/13/2014	0.11	0	10.96666667	27.66666667	74.95555556
12/1/2014	0.07	0	8.833333333	27.66666667	52.83516484
8/21/2015	1.13125	0	7.133333333	22.33333333	77.53488372
1/8/2016	0	0	7.833333333	21	41.02803738
2/9/2016	0.068333333	None	6.166666667	19.66666667	31.08928571
5/24/2016	0.27	0	4.333333333	19	65.28571429
10/18/2016	0	0	8.4	25	71.76136364
8/13/2013	0.38	0	5.366666667	18.33333333	72.47286822
8/23/2014	0.026	0	6.333333333	19.33333333	69.86138614
9/23/2014	0	0	4.633333333	18.66666667	61.30681818
12/10/2015	0	0	5.433333333	18.66666667	54.46590909
1/6/2016	0	0	5.7	17.33333333	33.10344828
3/2/2016	0.15875	0	17.73333333	43	43.64948454
12/19/2013	0	0	7.8	23.66666667	38.35227273
3/29/2014	1.05	0	11.33333333	31.66666667	45.98529412
4/26/2014	0.767142857	0	8.166666667	23.66666667	50.62411348
2/16/2015	0	0	11.7	39.66666667	13.61363636
11/3/2015	0	0	3.266666667	14.33333333	60.55681818
3/5/2016	0.0275	0	7.3	21	34.59090909
5/26/2016	0	0	7.1	21.66666667	77.09090909
9/27/2016	0.183333333	0	6.733333333	22	68.8317757
12/3/2013	0	0	4.4	13	44.4137931
1/24/2014	0	0	13.26666667	30.66666667	15.48863636
1/25/2014	0.033333333	0.666666667	14.2	35.33333333	24.6952381
2/20/2014	0.18125	0	6.9	25.33333333	40.36893204
5/26/2014	0	0	9.3	24.33333333	75.94318182
3/16/2015	0	0	6.6	23.66666667	42.05681818
4/3/2015	0.042	0	8	23.66666667	56.06349206
1/26/2016	0	0	7.833333333	23.66666667	42.21590909
4/2/2016	0.098333333	0	8.633333333	24.66666667	51.30097087
10/3/2016	0	0	4.2	13	65.45081967
2/11/2014	0	0	10.53333333	23.33333333	21.30681818
6/15/2014	0	0	8.333333333	23	70.64772727
8/6/2014	0	0	6.6	27	76.5
8/26/2015	0	0	8.1	22.33333333	75.97727273
9/11/2015	0.368571429	0	8.133333333	22	72.33944954
8/12/2016	0.366666667	0	8.733333333	28.66666667	83.7755102
10/18/2013	0.008571429	0	11.83333333	29.66666667	62.87234043
3/27/2014	0	0	10.76666667	29.66666667	32.64772727
3/2/2015	0.416666667	0	12.66666667	37.66666667	32.78640777
4/8/2015	0.077142857	0	13.76666667	30	42.02631579
11/30/2015	0	0	8.7	23.33333333	41.22916667
12/12/2015	None	0	2.933333333	15	58.23863636
1/1/2016	0	0	11.9	30	39.96629213
2/2/2016	0.0025	0	4.6	16	43.61363636
4/6/2016	0	0	9.933333333	37	40.05681818
5/28/2016	0	0	8.4	26.33333333	77.50561798
7/6/2016	0	0	6	20.66666667	83.30681818
8/10/2014	0	0	5.566666667	16.66666667	78.06818182
10/1/2015	0.065	0	12.83333333	30	58.51960784
12/31/2013	None	7.633333333	8.85	32.33333333	27.11111111
12/4/2014	0.06125	0	9.066666667	24.66666667	40.56818182
9/15/2015	0	0	4.966666667	15.66666667	73.03409091
2/13/2016	0	0	19.33333333	45.66666667	17.48863636
3/27/2016	0	0	7.8	20.33333333	45.52083333
8/17/2016	0.08	0	10.6	38	81.19354839
12/11/2014	0.047142857	0.3	13.2	31	34.28282828
12/25/2014	0.575	0	13.8	36.33333333	51.90990991
8/4/2015	0.212857143	0	9.166666667	38.33333333	80.46534653
8/8/2015	0	0	5.933333333	16	74.68181818
4/27/2016	0.04125	0	7.3	21	51.5212766
2/27/2014	0.018333333	0	12.83333333	40.66666667	24.79347826
7/28/2014	0.34	0	12.2	33.66666667	74.97297297
9/12/2014	0	0	8.833333333	22	68.12631579
11/23/2014	0	0	6.966666667	22.33333333	48.80681818
12/24/2015	0.855	0	7.966666667	29.66666667	64.8
6/17/2016	0.006666667	0	7.133333333	21.66666667	69.45454545
11/15/2016	0.72875	0	10.43333333	32	49.92903226
11/19/2016	0.166666667	0	7.466666667	38.33333333	53.24770642
12/28/2013	0	0	9.966666667	27	44.10227273
1/14/2014	0.198571429	0	7.166666667	21.66666667	46.28703704
7/31/2014	0	0	8.333333333	23.66666667	74.8021978
10/1/2014	0.032	0	9.1	19.66666667	62.98529412
4/4/2016	0.22	None	10.2	27.66666667	38.82089552
9/8/2016	0	0	5.533333333	18.33333333	79.36956522
8/31/2013	0	0	8.766666667	23.33333333	77.7029703
3/24/2014	0	0	10.36666667	30	28.06818182
6/2/2016	0	0	8.2	20.33333333	66.5
8/5/2016	0	0	8.2	24.66666667	76.22727273
3/19/2014	0.876666667	0	11.26666667	30	39.34146341
4/14/2014	0	0	14.16666667	38	60.14736842
11/10/2014	0	0	3.733333333	14	51.67045455
10/7/2015	0	0	5.433333333	16	64.68181818
5/19/2016	0.01	0	4.766666667	20.33333333	59.81818182
1/8/2014	0	0	10.43333333	26.66666667	16.23863636
12/14/2014	0	0	9.7	23.66666667	41.10638298
1/14/2015	0	0	9.266666667	20	25.60526316
4/1/2015	0.06375	0	8.866666667	26.66666667	42.375
4/23/2015	0.105	0	14.56666667	35.66666667	45.57954545
9/4/2015	0	0	9.633333333	24.66666667	78.22916667
10/17/2016	0	0	5.4	16.33333333	70.61363636
7/7/2015	0.06	0	8.966666667	26	79.32575758
2/28/2016	0	0	11.1	28.33333333	47.34090909
11/26/2016	0.006666667	0	9.333333333	24.33333333	47.67391304
9/15/2013	0	0	6.7	17.33333333	62.60227273
8/5/2015	0	0	7.033333333	25.66666667	79.8988764
8/23/2015	0	0	5.366666667	17	76.04040404
3/29/2016	0.1625	0	19.6	47	47.73863636
5/25/2016	0.01125	0	6.733333333	20.66666667	75.66292135
6/3/2016	0.02	0	4.466666667	17	65.89380531
11/7/2013	0.113333333	0	10.9	32.66666667	56.59055118
6/11/2014	0.034	0	10.3	25.33333333	65.07936508
12/28/2015	0.02625	0.1	12	31.33333333	40.23157895
9/16/2013	0.02	0	8.233333333	26.33333333	64.82222222
11/1/2013	0.067142857	0	11.53333333	42	64.69473684
4/7/2014	0.51	0	9.1	27.66666667	45.55555556
5/19/2014	0	0	8.933333333	33.33333333	61.58426966
7/25/2016	0.62	0	7.633333333	29.33333333	79.48461538
11/23/2013	0.06	0.2	15.73333333	42.33333333	42.13084112
12/16/2013	0	0	11.36666667	30.66666667	29.07954545
12/27/2013	0	0	9.4	23.66666667	36.26136364
1/3/2014	0.3075	4.433333333	16.03333333	36.66666667	13.43478261
3/7/2014	0	0	10.43333333	23	31.75961538
9/7/2014	0.101666667	0	6.5	20.66666667	72.01098901
10/30/2014	0.012	0	7.733333333	22	52.57303371
11/24/2014	0.578571429	0	13.06666667	41.33333333	59.79136691
3/3/2015	0.696666667	1.333333333	7.7	22.33333333	30.125
12/14/2016	0	0	9.933333333	25.66666667	39.65909091
8/25/2013	0	0	7.4	21.66666667	73.56818182
1/23/2015	0	0	8.7	22.66666667	33.60227273
10/27/2015	0	0	6.5	16.5	51.79545455
12/22/2015	0.186666667	0	6.933333333	21.66666667	57.17424242
12/23/2015	0.63625	0	7.233333333	24.33333333	55.28235294
4/12/2014	0	0	7.866666667	23.66666667	58.23958333
6/12/2014	0.024	0	8.7	20.33333333	66.01492537
8/24/2014	0.0025	0	5.5	20.66666667	70.86363636
3/14/2015	0.54	0	7.533333333	24	45.31034483
5/7/2016	0.163333333	0	6.533333333	20.66666667	52.09375
8/30/2016	0	0	7.366666667	18.5	76.98876404
12/19/2014	0	0	12.23333333	25.66666667	35.78021978
6/25/2015	0	0	6.3	24.33333333	75.20454545
1/13/2016	0	0	16.56666667	42	26.27272727
6/7/2014	0	0	5.966666667	15	71.88636364
11/8/2014	0	0	9.3	23.33333333	43.43181818
2/26/2015	0	0	10.2	24	25.12087912
10/15/2015	0	0	8.4	22	58.21590909
1/5/2016	0	0	9.366666667	33.66666667	21.25
2/8/2016	0.09	0.933333333	13.33333333	31.66666667	33.05109489
4/15/2016	0	0	5.633333333	19	50.31818182
5/12/2016	0	0	5.933333333	21.33333333	64.03488372
11/27/2016	0	0	10.6	25.66666667	45.31818182
10/28/2013	0	0	7.366666667	21.66666667	52.31818182
7/16/2014	0.871666667	0	6.3	20.66666667	74.05042017
9/22/2014	0.01	0	12.36666667	28	65.69892473
9/26/2014	0.1125	0	6.5	20.33333333	67.76136364
8/7/2015	0	0	7.566666667	24.33333333	75.92134831
11/22/2015	0.02	0	10.3	27.66666667	51.50980392
5/17/2016	0	0	8.2	24.5	58.66666667
7/2/2016	0.28625	0	11.23333333	27.66666667	73.2826087
12/12/2016	0.52125	0	9.633333333	26	42.4789916
10/23/2013	0	0	7.533333333	23	50.44318182
1/28/2014	0	0	8.6	27	17.47126437
4/3/2014	0.056	0	5.033333333	16.33333333	51.29545455
11/3/2014	0	0	11.43333333	32.33333333	50.75
3/7/2015	0	0	9.033333333	25.33333333	29.29545455
6/19/2016	0	0	6.633333333	19.66666667	72.5
12/18/2016	0.37125	0	12.1	44.66666667	46.0530303
1/1/2015	0	0	12.76666667	31.33333333	33.61363636
11/11/2015	0.4375	0	9.533333333	26.66666667	53.19047619
12/17/2015	0.43875	0	7.166666667	23	55.83544304
12/18/2015	0.761428571	0	11.33333333	29.33333333	48.27884615
11/3/2016	0	0	9.566666667	31.66666667	64.04545455
11/11/2013	0	0	11.36666667	29.66666667	49.07954545
11/25/2013	0	0	10.66666667	27.33333333	29.70454545
4/4/2014	0.1275	0	11.83333333	27.66666667	42.09230769
6/8/2015	0.04	0	12.46666667	32.33333333	68.51136364
2/16/2016	0.62	0	14.83333333	48.66666667	48.76331361
8/5/2013	0	0	7.2	20.33333333	71.21590909
6/7/2015	0	0	7.7	25.33333333	64.38636364
10/26/2015	0.011666667	0	5.933333333	20.66666667	51.81818182
4/1/2016	0.013333333	0	10.2	30.33333333	62.24561404
8/19/2016	0.01	0	5.733333333	20.66666667	80.43181818
12/26/2016	0.02	0	8.966666667	23	41.60714286
7/24/2014	0.05875	0	8.3	21	75.65
8/3/2014	0.12	0	4.3	15.66666667	70.01515152
12/15/2014	0	0	4.5	14.33333333	41.375
1/17/2015	0	0	8.866666667	25	24.05681818
1/29/2015	0.02	0.3	6.366666667	21.66666667	28.2244898
6/25/2016	0	0	7.166666667	19.66666667	73.1
8/17/2013	0	0	4.366666667	16.66666667	72.95454545
3/6/2014	0	0	9.433333333	24	24.19318182
10/21/2014	0.053333333	0	5.7	18.33333333	59.89814815
4/4/2015	0.056666667	0	16.66666667	45	50.5625
4/10/2015	0.20375	0	7.033333333	23.33333333	45.91139241
5/3/2015	0	0	5.633333333	23	60.30232558
7/28/2015	0	0	5.733333333	16.33333333	82.64772727
10/23/2015	0	0	11.36666667	27	55.14772727
11/24/2015	0	0	6.166666667	19	40.31818182
1/19/2016	0	0	18.06666667	40.33333333	24.07954545
12/6/2016	0.188333333	0	8.233333333	24	43.06122449
8/23/2013	0.11125	0	9.4	23.33333333	75.65909091
12/21/2013	0.006666667	0	7.133333333	24.33333333	53.25
4/8/2014	0.62125	0	11.06666667	34.66666667	52.57142857
4/18/2014	0	0	6.8	20	40.80612245
10/6/2014	0	0	9.533333333	29.33333333	60.86516854
1/3/2015	0.773333333	None	8.366666667	20.33333333	36.89115646
3/23/2016	0	0	8.066666667	25	57.92857143
9/29/2016	0.01	0	16.33333333	35.33333333	62.09183673
1/4/2014	0.006666667	0	6	20.66666667	19.14606742
11/1/2014	0.23125	0	14.96666667	33.66666667	45.76530612
3/26/2016	0.03	0	9.066666667	22	44.2371134
11/30/2016	1.45875	0	None	29.66666667	54.45890411
8/26/2013	0.03	0	9.6	23	75.46590909
11/30/2013	0	0	6.433333333	16.33333333	32.78888889
11/21/2014	0	0	12.86666667	31.33333333	31.94318182
1/11/2016	0.44875	0	15.66666667	39	32.95402299
11/22/2013	0.055	0	7.533333333	19.66666667	53
3/31/2014	0.26375	0.4	14.9	33.66666667	42.25663717
6/16/2014	0	0	5.9	18.66666667	71.28409091
8/8/2014	0	0	5.633333333	18.33333333	74.42045455
11/12/2014	0	0	5.8	26	58.29220779
7/10/2015	0.19	0	8.166666667	25.33333333	77.22222222
10/9/2015	0.556666667	0	9.166666667	33.66666667	66.77391304
10/13/2015	0.01	0	7.066666667	20	66.88888889
1/7/2016	0	0	3.233333333	15	39.63157895
5/31/2016	0.004	0	5.566666667	17.66666667	73.82352941
2/6/2014	0.265714286	0	8.366666667	23.66666667	27.125
8/16/2014	0	0	7.433333333	22.66666667	71.89772727
4/11/2015	0.004	0	14.16666667	35	53.60227273
5/7/2015	0	0	5.1	17.66666667	62.63157895
10/20/2015	0	0	11.16666667	25.66666667	59.04545455
7/8/2016	0.04125	0	8.633333333	24	76.35714286
8/2/2016	0	0	9.1	24	73.0212766
11/23/2015	0	0	11.7	27.66666667	39.10227273
12/9/2015	0	0	6.366666667	23.33333333	47.86363636
5/3/2016	0.685	0	7.533333333	20	52.9695122
12/1/2013	0	0	3.966666667	12	42.6952381
2/15/2014	0.113333333	2.066666667	12.46666667	35.33333333	33.20588235
8/4/2014	0.0125	0	6.366666667	20	75.30841122
10/9/2014	0	0	11.46666667	32.66666667	62.72727273
12/17/2014	0.1675	0	10.1	28.66666667	46.88392857
1/20/2015	0	0	9.566666667	23.33333333	37.05681818
9/9/2015	0.105	0	8.666666667	27.33333333	80.05263158
6/4/2016	0.095	0	5.6	17	71.70754717
11/3/2013	0.005	0	11.46666667	27.66666667	46.50588235
2/10/2014	0.07	0	12.56666667	28.33333333	25.14772727
5/6/2014	0	0	7.966666667	26.33333333	59.75
4/13/2015	0	0	9.6	30.66666667	56.23863636
5/23/2016	0.02	0	5.266666667	17.66666667	64.20454545
11/20/2013	0	0	8.833333333	26	37.52272727
7/15/2015	0.34375	0	7.366666667	26	75.9084507
9/26/2015	0	0	9.366666667	26.33333333	65.0326087
3/14/2016	0.166666667	0	16.33333333	38	44.95327103
6/24/2016	0	0	9.166666667	25.33333333	74.32954545
7/18/2016	0.216666667	0	8.833333333	31.66666667	81.6185567
8/15/2013	0	0	6.966666667	17	69.59302326
9/19/2013	0	0	6.166666667	17.66666667	65.125
11/11/2014	0	0	4.866666667	18	57.01724138
11/29/2014	0	0	5.3	18.33333333	34.20454545
3/12/2015	0	0	15.26666667	42.33333333	43.21590909
10/28/2015	1.48	0	14.7	37.33333333	62.03921569
3/31/2016	0	1.533333333	13.23333333	33	58.16853933
10/14/2013	0	0	4.7	15.33333333	57.14285714
4/13/2014	0	0	10	29.66666667	59.55670103
6/2/2014	0	0	8.333333333	23	69.56818182
10/8/2014	0.04875	0	13.2	33.33333333	67.17171717
8/19/2015	0	0	8.633333333	23.66666667	79.94354839
9/18/2015	0	0	5.066666667	20.33333333	75.21590909
12/27/2015	0.11375	0	9.2	28.66666667	53.45522388
10/23/2016	0.0725	0	14.1	41	55.61538462
1/23/2014	0	0	11.53333333	28.33333333	14.61627907
11/15/2014	0	0	7.333333333	22	37.56818182
7/23/2015	0	0	7.666666667	22.66666667	77.44444444
10/10/2015	0.30625	0	6.6	27.33333333	57.95454545
11/12/2015	0.018	0	9.1	33.66666667	56.025
4/10/2016	0.05375	0	10.93333333	29	40.85393258
5/13/2016	0.25	0	5.5	18.5	60.52892562
6/14/2016	0	0	8.9	22	70.34090909
7/16/2016	0.07	0	7.133333333	26.33333333	81.17777778
8/31/2016	0	0	7.766666667	21	78.81651376
9/18/2016	0	0	7.966666667	22.33333333	75.63366337
2/5/2014	0.991428571	3.166666667	9.8	28.66666667	32.12105263
5/15/2015	0	0	7.966666667	26.33333333	62.84090909
5/19/2015	0.01	0	5.3	28.66666667	63.82644628
12/5/2015	0	0	3.666666667	12.5	45.84090909
1/29/2016	0	0	11.26666667	37.33333333	37.54022989
6/20/2016	0	0	6.5	20.66666667	73.78409091
9/3/2016	0	0	10.06666667	24	71.53
10/20/2013	0.0025	0	9.8	27	57.375
10/22/2013	0	0	8.333333333	22.33333333	59.21348315
7/1/2015	0.34	0	9.433333333	34.66666667	75.90677966
9/16/2015	0	0	3.2	14	75.55681818
11/8/2015	0	0	7.333333333	27	52.19318182
11/9/2015	0	0	2.966666667	15.66666667	52.125
3/11/2016	0.0375	0	9.933333333	31.33333333	58.00990099
10/9/2016	0.58375	0	13.83333333	35.66666667	57.61818182
8/18/2014	0.005	0	7.066666667	20.33333333	72.46590909
2/22/2015	0.51	0.566666667	4.033333333	20.33333333	34.95275591
11/1/2016	0	0	6.1	19.5	51.6
12/17/2013	0.1225	1.1	8.233333333	22	27.62337662
12/30/2013	0.851428571	0	11	27.66666667	36.90217391
6/13/2014	0.54375	0	6.666666667	27	68.39393939
1/7/2015	0.041428571	0	18.03333333	44	19.31111111
2/12/2015	None	None	11.1	41.33333333	32.03809524
6/6/2015	0.345	0	7.6	27.66666667	65.81300813
7/19/2015	0.09	0	6.566666667	24.33333333	84.47191011
2/12/2016	0	0	10.06666667	30.66666667	21.95454545
5/2/2016	0.12875	0	4.466666667	13.66666667	51.69172932
8/3/2016	0	0	6.366666667	18.66666667	72.89655172
11/9/2016	0.03	0	6.766666667	27.33333333	55.36792453
12/29/2016	0.41	0	9.4	29	41.81746032
8/16/2013	0	0	4.433333333	18	71.55681818
6/9/2014	0.804285714	0	6.066666667	18	65.54545455
8/14/2014	0.0575	0	10	24.33333333	71.5
2/10/2015	0.05	0.1	12.73333333	27	30.62376238
1/2/2016	0	0	10.73333333	28	36.82954545
8/28/2016	0	0	5.766666667	20	78.84090909
10/10/2016	0.235	0	10.46666667	31.33333333	55.06818182
11/4/2016	0	0	10.33333333	24.33333333	56.27272727
11/10/2013	None	0	13.36666667	37	50.58426966
9/8/2015	0	0	9.133333333	25.5	82.625
9/14/2013	0	0	9.533333333	22.66666667	60.36363636
10/17/2013	0.013333333	0	7.233333333	21	65.08396947
8/26/2014	0	0	5.333333333	17.33333333	76.1978022
11/20/2014	0	0	12.66666667	31.33333333	39.44318182
5/21/2015	0	0	5.2	18.33333333	56.08888889
8/31/2015	0.048333333	0	8.4	24	82.73863636
10/31/2016	0.2975	0	9.1	28.33333333	50.24444444
11/11/2016	0	0	15.6	43	52.43589744
4/6/2014	0	0	7.7	22	45.24719101
12/4/2015	0	0	8.466666667	22.33333333	47.04545455
5/27/2016	0	0	7.233333333	26.33333333	74.40909091
8/20/2013	0	0	5.166666667	17.66666667	77.45454545
2/18/2014	0.08875	1.533333333	8	33	32.390625
3/22/2014	0	0	11.06666667	37.66666667	49.78651685
5/29/2014	0	0	7.133333333	20.66666667	56.03030303
1/12/2016	0	None	10.46666667	41.66666667	34.10227273
1/21/2016	0	0	11.43333333	28	31.34883721
6/27/2016	0.273333333	0	10.7	29.66666667	73.97894737
6/14/2014	0.745	0	10.43333333	32.33333333	68.70434783
7/24/2015	0	0	5.3	20.33333333	78.10227273
6/11/2016	0.05	0	6.7	26.33333333	74.79775281
6/15/2016	0	0	6.166666667	22	74.45555556
6/22/2016	0	0	7.633333333	32.66666667	78.69662921
9/25/2016	0	0	5.466666667	18.66666667	62.42045455
9/27/2014	0	0	4.266666667	16.33333333	71.94318182
1/4/2015	0.73125	0	9.1	42	48.02649007
4/25/2015	0	0	8.933333333	24.33333333	48.21590909
7/21/2015	None	0	6.6	26	82.66292135
5/21/2014	0	0	5.666666667	18	68.3258427
6/8/2014	0	0	5.266666667	20.33333333	74.55681818
2/17/2015	0.142857143	3.333333333	6.2	19	19.5
4/26/2015	0	0	7.666666667	22.33333333	52.98863636
12/13/2016	0.04375	0	7.033333333	22.66666667	40.85714286
9/25/2013	0	0	4.166666667	13.66666667	62.875
10/16/2013	0	0	5.1	15.66666667	61.22131148
10/25/2013	0	0	10.7	29	46.90909091
5/27/2014	None	0	7.566666667	30	76.43333333
12/2/2015	0.19875	0	4.4	20.66666667	51.34246575
2/7/2016	0	0	6.4	24	39.10227273
2/11/2016	0.05	0.7	17.63333333	42	25.05102041
2/15/2016	0.523333333	1.533333333	6.566666667	21	26.4
10/4/2016	0	0	10.33333333	24.33333333	64.1981982
8/14/2013	0.47	0	12.8	31	68.73863636
8/19/2013	None	0	7.233333333	20.66666667	73.02272727
1/20/2014	0	0	11.9	33	39.65909091
8/2/2014	0.35	0	8.1	24.33333333	68.95726496
12/31/2014	0	0.433333333	9.166666667	24.66666667	29.875
2/1/2015	0.033333333	0.333333333	6.7	19.33333333	30.625
8/14/2015	0	0	6.166666667	21.66666667	77.88636364
11/14/2013	0	0	12.13333333	28.33333333	43.375
11/24/2013	0.008	0	20.16666667	48.33333333	26.68181818
3/24/2015	0	0	6.2	18	34.65909091
7/2/2015	0.015	0	4.1	14.66666667	74.09090909
8/25/2015	0.0075	0	8.466666667	22.33333333	80.38461538
1/18/2016	0.05	0.1	17.8	38	25.78125
2/25/2016	0.76375	0	16.23333333	47	48.07751938
4/8/2016	0.086666667	0	12.8	34	46.06451613
11/21/2016	0	0	20.06666667	46	39.64044944
12/23/2013	0.2325	0	6.9	30.66666667	54.16233766
12/20/2014	0	0	6.133333333	17.66666667	32.22680412
1/24/2015	0.696666667	3.7	9.666666667	27.5	34.95483871
2/9/2015	0.065714286	0.15	15	30	26.91666667
7/31/2015	0.89125	0	6.333333333	22	82.06741573
5/11/2016	0	0	5.133333333	18.66666667	62.875
6/21/2016	None	0	8.933333333	30	79.71590909
9/28/2013	0	0	6.033333333	18.66666667	64.5
9/1/2014	0.354285714	0	5.966666667	17.33333333	79.81318681
1/19/2015	1.328571429	0	12.66666667	35.66666667	39.11363636
4/12/2015	0	0	6.6	22.33333333	51.51136364
5/10/2015	0.008571429	0	7.066666667	24	68.36
6/14/2015	0.31	0	6.333333333	21.33333333	74.48
8/29/2015	0	0	6.133333333	22	76.375
11/19/2015	0.996666667	0	13.36666667	36.66666667	61.33774834
3/22/2016	0	0	12.46666667	27.33333333	45.05952381
8/7/2016	0.0125	0	8.333333333	20.66666667	80.875
9/7/2016	0.061666667	0	10.36666667	24.66666667	76.03703704
10/25/2016	0	0	13.13333333	32	49.18181818
12/28/2016	0	0	10.43333333	25.33333333	39.10227273
11/9/2013	0	0	9.033333333	24	45.22727273
5/5/2014	0.005	0	13.06666667	37	59.24719101
7/8/2015	0.246666667	0	6	22.5	80.05376344
12/1/2015	0.195714286	0	9.466666667	22.33333333	47.97478992
11/6/2013	0	0	6.666666667	22.33333333	54.71875
12/7/2013	0.54375	0	10.3	23.66666667	37.32432432
3/26/2014	0	0	19.73333333	44.33333333	32.20454545
1/22/2015	0	0	7.266666667	24.66666667	34.05454545
4/5/2015	0	0	9.6	36	50.56179775
7/17/2015	0	0	9.1	24	73.43181818
8/18/2015	0.193333333	0	8.733333333	29	80.27083333
11/13/2015	0.01625	0	17	40.33333333	54.57954545
7/14/2016	0.466666667	0	6.7	39	79.49612403
8/28/2013	0.265	0	3.966666667	16	75.52678571
6/25/2014	0.085	0	9.466666667	29.33333333	74.83471074
12/28/2014	0.083333333	0	8.466666667	23.33333333	47.62222222
2/24/2016	0.70625	0	15.7	48.66666667	46.44021739
8/13/2016	0.028	0	8	24.66666667	87.77272727
9/6/2016	0.085	0	15.83333333	34.33333333	75.35353535
3/18/2014	0	0	9.233333333	25	33.59302326
7/7/2014	0.013333333	0	10.8	27	80.2247191
9/5/2014	0	0	7.066666667	20	77.8411215
8/6/2015	0	0	5.233333333	19	76.03409091
6/28/2016	0.33375	0	8.033333333	20	71.7483871
8/7/2013	0.01	0	9.2	25	73.98113208
6/27/2014	0	0	6.3	20.66666667	72.42718447
8/31/2014	0.516666667	0	7.633333333	33.66666667	77.33606557
1/27/2015	0.385	4.966666667	14.6	34.66666667	23.64393939
9/2/2015	0	0	5.7	22.66666667	79.76404494
10/14/2015	0	0	8.833333333	22.66666667	62.97727273
9/4/2016	0	0	10.06666667	24.66666667	72.46590909
7/26/2015	0.05	0	9.766666667	28	79.90909091
6/13/2016	0	0	14.7	33.33333333	66.40909091
5/20/2015	0	0	12.93333333	31	59.76136364
11/5/2015	0.01	0	3.3	18.66666667	62.79577465
7/25/2014	0	0	7.433333333	18.33333333	74.31460674
10/20/2014	0	0	7.266666667	21	52.53409091
11/22/2014	0	0	10.06666667	26.33333333	37.04545455
4/14/2015	0.025	0	5.333333333	24	58.39175258
4/29/2015	0	0	9.566666667	26	61.88888889
12/9/2016	0	0	19.55	39.66666667	35.59459459
9/26/2013	0	0	6.133333333	18.66666667	62.70103093
12/13/2013	0	0	11.3	32	30.28409091
6/2/2015	0.3875	0	8.566666667	21.33333333	52.63829787
6/21/2015	0.455	0	9.5	38.33333333	76.53521127
10/2/2016	0.006666667	0	4.566666667	14.33333333	61.4122807
11/8/2013	0.06875	0	13.33333333	32.66666667	45.28409091
11/18/2013	0.2125	0	12.93333333	37.66666667	59.61818182
12/26/2013	0	0	7.433333333	25.33333333	33.16161616
4/29/2016	0.033333333	0	8.8	24.66666667	51.17045455
8/20/2016	0.17	0	6.466666667	24	77.86138614
8/25/2016	0.006666667	0	12.85	29.5	77.92045455
10/5/2016	0	0	6.766666667	20	59.90322581
10/5/2013	0.012857143	0	5.9	15	67.84684685
6/26/2014	0.08375	0	6.966666667	21.33333333	77.02702703
7/23/2014	0.11	0	9.6	30	79.03125
4/20/2015	0.8025	0	12.6	40	52.36875
7/5/2015	0.004	0	5.633333333	16.5	75.22727273
8/24/2016	0	0	9.55	26	77.31034483
9/19/2016	0.431428571	0	4.566666667	21	72.30769231
11/4/2013	0	0	8.966666667	24.33333333	40.31818182
12/12/2013	0	0	12.66666667	31	25.71590909
9/21/2014	0.285	0	3.566666667	20	70.4966443
2/8/2015	0.006666667	0	9.866666667	25	34.98181818
11/7/2015	0	0	8.966666667	26	61.96590909
1/4/2016	0	0	15.73333333	36.66666667	27.98876404
9/14/2016	0.453333333	0	8.6	35.66666667	75.74038462
4/11/2016	0.01	0	13.9	28.33333333	51.64772727
4/18/2016	0	0	5.633333333	22.33333333	63.65909091
11/6/2014	0.22	0	5.266666667	21	50.63758389
3/28/2015	None	None	13.13333333	28	34.98913043
12/16/2015	0.043333333	0	7.9	23	49.34234234
2/4/2016	0.434285714	0	8.5	27.33333333	52.30701754
6/8/2016	0.314	0	13.13333333	34.66666667	61.2970297
8/29/2013	0.21	0	7.6	23	73.56097561
11/17/2013	0.025	0	5.733333333	17	55.68666667
12/6/2013	0.27375	0	8.933333333	25.33333333	46.75316456
5/14/2014	0.005	0	6.833333333	17.33333333	57.72413793
5/30/2014	0.03	0	5.133333333	30.33333333	63.85393258
7/17/2014	0.004	0	6.533333333	18	74.16091954
8/9/2014	0	0	4.666666667	16.33333333	76.96590909
11/25/2014	0.023333333	0	8.866666667	26.66666667	55.92045455
4/7/2015	0.074	0	8.6	26.33333333	48.90825688
5/17/2015	0.241428571	0	4	14.33333333	71.03305785
1/16/2016	0.26	0	10.8	26.33333333	45.90265487
3/17/2016	0.02	0	7.6	39	52.1372549
12/25/2013	0	0	8.066666667	34.66666667	25.30337079
9/12/2016	0	0	7.366666667	19.66666667	69.44318182
11/14/2014	0.1475	0	12.23333333	28	38.72641509
12/21/2015	0	0	9.333333333	27.33333333	48.88636364
5/31/2014	0.03	0	9.466666667	30	62.83333333
6/29/2014	0	0	6.866666667	22.66666667	74.06818182
7/27/2014	0.044	0	8.233333333	21	77.90816327
9/11/2014	0	0	9.733333333	24.33333333	74.99056604
10/5/2014	0.5375	0	10.06666667	25.66666667	53.59090909
8/28/2015	0	0	4.666666667	16.66666667	73.56818182
9/14/2015	0.016666667	0	11.26666667	28	68.05681818
12/11/2015	0	0	5.833333333	17.66666667	53.88118812
9/30/2013	0	0	5.166666667	16.33333333	63.43181818
10/13/2013	0	0	11.76666667	27.66666667	59.51428571
5/2/2014	0.014	0	8.3	27.66666667	61.73033708
10/25/2014	0.005	0	9.6	27.66666667	59.39772727
11/2/2014	0.438333333	0	19.83333333	45.33333333	44.27173913
5/30/2015	0	0	10.53333333	30.66666667	72.03
5/30/2016	1.38	0	6.966666667	25	71.375
7/20/2016	0	0	6.633333333	17.66666667	76.26136364
12/8/2016	0	0	12.1	34	41.93055556
4/22/2014	0.01	0	7.5	24	57.64367816
6/5/2014	0.48875	0	9.8	25.66666667	66.3630137
7/10/2014	0.033333333	0	5.266666667	19	75.39325843
10/11/2014	0.252857143	0	6.966666667	20	53.87878788
5/14/2015	0	0	7.866666667	21	60.56818182
6/29/2015	0	0	9.266666667	25.33333333	71.39772727
4/21/2016	0	0	9.566666667	25	59.6091954
5/16/2016	0	0	18.05	40.5	55.66666667
9/2/2016	0.18	0	9.133333333	22	73.95454545
11/13/2016	0	0	8.733333333	22	51.42045455
11/23/2016	0	0	9.2	24.66666667	40.73863636
9/18/2013	0	0	5.866666667	16.66666667	61.29545455
9/8/2014	0	0	10.2	22.66666667	69.81818182
5/2/2015	0	0	5.366666667	22.5	53.71428571
9/24/2015	0	0	6.6	22.33333333	70.31111111
9/27/2015	0	0	7.066666667	18	63.81188119
11/17/2016	0	0	9.033333333	24.66666667	55.26136364
6/4/2014	0.06	0	6.366666667	20.5	68.50442478
6/22/2014	0	0	5.266666667	17.66666667	69.86363636
6/15/2015	0.8825	0	7.8	23.33333333	69.78735632
9/15/2016	0.27	0	8.233333333	24.33333333	67.64772727
7/3/2016	0	0	6.966666667	20	74.35227273
10/10/2013	None	0	14.03333333	26.66666667	59.70588235
8/25/2014	0	0	4.166666667	17.33333333	76.90909091
9/20/2014	0.123333333	0	7.3	24	67.37037037
2/4/2015	0	0	7.966666667	21	33.90909091
2/27/2015	0	0	8.766666667	23	24.13636364
6/1/2015	1.075	0	12.9	28	56.38095238
3/21/2016	0.10875	0.466666667	12.73333333	36.66666667	38.92982456
7/7/2016	0.043333333	0	5.366666667	25.66666667	81.53333333
10/1/2016	0.255714286	0	11.93333333	24.66666667	59.94059406
10/2/2013	0	0	6.666666667	23.33333333	73.75
4/17/2014	0	0	10.8	26	41.02272727
10/13/2014	0.053333333	0	4.7	17	60.86206897
3/17/2015	0.015	0	15.23333333	49	46.06818182
7/9/2015	0.306	0	7.2	20.66666667	73.3740458
10/29/2015	0.97125	0	12.4	35.66666667	65.71568627
11/20/2015	0.675714286	0	10.43333333	27	55.94505495
8/10/2016	0.038333333	0	9.033333333	25.33333333	80.65454545
8/21/2016	0.293333333	0	9.766666667	25.33333333	78.80487805
12/19/2016	0.0075	0	10.3	24.33333333	27.85227273
4/28/2014	0	0	7.566666667	22.33333333	54.17977528
4/24/2015	0	0	16.4	37.33333333	43.30681818
5/29/2015	0	0	6.466666667	17.66666667	71.1011236
9/20/2015	0	0	11.53333333	25	71.9
10/6/2015	0	0	4.433333333	14.66666667	63.03409091
5/1/2016	0.176666667	0	7.433333333	21	48.078125
12/5/2016	0.18	0	8.866666667	25.33333333	44.22321429
1/5/2015	0.1275	0	17	45	35.86363636
3/9/2015	0.015	0	6.733333333	25	45.21590909
3/31/2015	0.113333333	15.2	8.766666667	23	40.03448276
5/16/2015	0.13125	0	4.433333333	14.33333333	64.73148148
6/12/2015	0	0	7.866666667	25.66666667	79.27272727
8/24/2015	0	0	5.766666667	19	78.13829787
2/10/2016	0.01375	0.1	10.16666667	27	34.70967742
7/31/2016	0.385	0	8.6	26	75.77702703
12/22/2016	0	0	10.5	34	42.77272727
1/11/2014	0.52	0	11.73333333	34.33333333	50.01036269
2/21/2014	0.05875	0	9	34	39.83088235
4/29/2014	0.036666667	0	15.56666667	34	47.04123711
7/26/2014	0.045	0	7.866666667	20.66666667	74.80434783
10/16/2015	0	0	9.966666667	26	58.64772727
10/20/2016	0	0	9.433333333	21.33333333	66.90721649
8/1/2013	0.6	0	7.1	21.33333333	71.01449275
6/13/2015	0	0	8.9	26.66666667	79.26666667
1/14/2016	0	None	8.433333333	25.33333333	31.47727273
2/23/2014	0	0	6.066666667	30.66666667	47.11363636
5/25/2014	0.055	0	5.6	20	66.94565217
9/10/2016	0.08	0	8.4	25	80.88636364
10/24/2016	None	0	11.93333333	34.33333333	56.24175824
3/8/2014	0	0	8.9	27	44.5
10/18/2014	0	0	9.9	26	63.05681818
2/3/2015	0.205	0	11.06666667	34	20.5
2/26/2016	0	0	16.53333333	37.66666667	34.30681818
9/16/2016	0	0	5.9	20	66.53409091
11/2/2013	0.04625	0	6	20.66666667	60
1/5/2014	0.113333333	0	5.5	24.66666667	33.7388535
9/28/2014	0	0	4.7	17.33333333	71.92045455
9/10/2015	0.96875	0	8.2	21	73.59649123
11/28/2015	0.023333333	0	7.85	20	53.25806452
4/7/2016	0.1	0	13.73333333	41	53.77570093
12/17/2016	0.421428571	2.8	6.2	21.33333333	32.57317073
12/4/2013	0	0	4.066666667	15	45.13186813
12/22/2014	0.04	0	7.866666667	21	41.20689655
8/10/2015	0	0	8.333333333	21.66666667	75.03809524
1/28/2016	0	0	4.6	18	36.88636364
12/3/2016	0	0	15.53333333	38	45.01136364
10/21/2013	0	0	8.1	23	58.52272727
11/15/2013	0	0	6.566666667	20	48.32954545
12/29/2013	1.193333333	0	8.366666667	29	43.3880597
1/18/2014	0.153333333	0.1	10.03333333	28	36.05357143
5/4/2014	0.04	0	14.83333333	41	58.28089888
4/30/2015	0	0	11.33333333	24.66666667	54.06315789
10/25/2015	0.0225	0	10.5	30.33333333	59.37142857
6/16/2016	0.11	0	3.233333333	16	69.70526316
11/20/2016	0.4	None	18.93333333	46	40.14563107
11/29/2016	1.95	0	10.4	33.66666667	57.73913043
12/11/2016	0.026666667	0.366666667	5.566666667	17.33333333	32.10185185
9/6/2013	0	0	6.233333333	20	64.15909091
7/8/2014	0.272	0	10.2	42	79.80851064
7/12/2015	0	0	5.4	17	80.02247191
2/27/2016	0	0	10.63333333	29.66666667	34.51136364
9/9/2013	0	0	7.333333333	19.66666667	65.85135135
10/26/2014	0.005	0	13.63333333	34.33333333	58.17777778
1/31/2015	0.00625	0	18.9	45.66666667	20.10227273
6/10/2015	0	0	7.666666667	23.33333333	73.78409091
9/28/2015	0.02	0	5.433333333	19	70.13207547
7/11/2016	0	0	7.066666667	20	73.0989011
4/19/2014	0	0	7.933333333	22.66666667	54.21590909
10/3/2014	0	0	6.533333333	19.33333333	62.32352941
6/4/2015	0	0	9.033333333	23	58.47368421
8/11/2015	0.882857143	0	9.466666667	32	74.98639456
1/27/2016	0.0075	0	9.9	27.66666667	41.85227273
4/16/2016	0	0	6.566666667	24.33333333	52.26966292
8/6/2016	0.115	0	8.633333333	24	78.69298246
10/8/2016	0.286666667	0	4.333333333	13.66666667	65.19379845
8/4/2013	0.011666667	0	9.533333333	28.33333333	74.04545455
3/2/2014	None	None	6.4	19	36.69318182
12/21/2014	None	None	6.233333333	14.33333333	34.21495327
2/13/2015	0	0	15.03333333	41.66666667	15.90909091
9/29/2013	0	0	5.033333333	16	62.66666667
11/28/2014	0.0075	0	11.23333333	29	32.86516854
1/2/2015	0	0	11.46666667	29	38.875
1/15/2016	0.01	0	6.066666667	22.33333333	42.9010989
8/14/2016	0.026666667	0	7.666666667	29.33333333	87.27659574
10/12/2016	0	0	3.966666667	15	59.06451613
10/29/2016	0	0	7.466666667	23	54.36781609
2/24/2014	0.015	0	14.83333333	34.33333333	35.81111111
4/23/2014	0.0025	0	17.7	43.33333333	52.84615385
10/4/2014	0.462857143	0	12.06666667	31.66666667	64.47407407
12/16/2014	0.22	0	4.9	16.66666667	43.56666667
2/5/2015	0	0.05	15.26666667	37.33333333	28.31632653
9/19/2015	0	0	7.266666667	22.33333333	73.82524272
8/23/2016	0	0	5.533333333	20	73.15909091
8/3/2013	0.026666667	0	7.666666667	20	73.80681818
8/21/2013	0	0	5.633333333	18.66666667	79.27272727
10/24/2013	0	0	11.93333333	28	47.55681818
1/8/2015	0	0	13.5	35.33333333	14.93181818
5/9/2015	0.01	0	6.366666667	16.66666667	59.64827586
5/11/2015	0	0	7.933333333	29	71.02272727
12/26/2015	0.041428571	0	9.6	23.66666667	52.42553191
3/4/2016	0.07875	1	11.5	27	32.55194805
3/7/2016	0	0	10.43333333	29.33333333	46.95454545
5/29/2016	0.01	0	8.466666667	24	73.97938144
9/3/2013	0.27625	0	7.033333333	22.33333333	75.12598425
7/29/2014	0	0	8.666666667	27.33333333	70.57954545
9/10/2014	0	0	7.9	18.33333333	68.44545455
2/24/2015	0	0	8.033333333	23.66666667	15.78888889
5/1/2015	0	0	6.966666667	19.33333333	51.70454545
6/27/2015	1.066666667	0	10.5	26.33333333	65.16101695
12/2/2016	0	0	14.36666667	31.33333333	46.39772727
12/24/2013	0.444	None	12.53333333	33.66666667	36.05681818
3/3/2014	0.02625	0.366666667	11	25	22.60952381
8/1/2014	0	0	6.633333333	22.33333333	75.65934066
8/30/2014	0	0	6.633333333	20.66666667	72.67032967
8/27/2014	0	0	6.3	23.33333333	78.68181818
12/24/2014	0.37375	0	8.4	23.66666667	48.55813953
4/2/2015	0	0	10.26666667	34.66666667	50.98876404
6/20/2015	0.32	0	8.633333333	21	68.03252033
12/14/2015	0.323333333	0	7.3	25.66666667	56.8164557
5/6/2016	0.491428571	0	12.5	33.66666667	50.1294964
7/13/2016	0	0	8.533333333	24	76.6043956
9/1/2016	0.24	0	4.566666667	16.33333333	74.24509804
1/19/2014	0.111428571	0	12.03333333	33.33333333	31.28409091
11/30/2014	0	0	7.566666667	23.66666667	49.75
8/15/2015	0	0	6.833333333	23.33333333	80.88372093
12/3/2015	0.076666667	0	13.16666667	32.66666667	49.18604651
3/6/2016	0	0	5.2	17.66666667	38.22727273
9/20/2016	0.41	0	4.266666667	15.66666667	73.63302752
10/7/2013	0.28	0	12.2	36.33333333	68.58503401
10/8/2013	0.17875	0	9.6	22	60.85227273
8/13/2014	1.60625	0	11.46666667	37	73.15972222
3/3/2016	0	0	9.766666667	31.33333333	31.71590909
9/17/2013	0.0125	0	7.966666667	28	57.22727273
10/27/2013	0	0	9.933333333	25	52.18181818
2/22/2014	0.07125	0	10.06666667	30.33333333	45.13636364
7/3/2014	0.78	0	6.166666667	34.66666667	76.6641791
2/21/2015	0.364	3.7	7.6	26	25.66906475
7/20/2015	0	0	7.866666667	21.33333333	87.59090909
1/23/2016	1.10875	28.5	21.63333333	46.33333333	27.14569536
4/20/2016	0	0	9.6	25	56.83146067
6/6/2016	0.44875	0	9.6	24.33333333	75.07368421
8/29/2016	0	0	8.433333333	22.33333333	81.89772727
5/9/2014	0.08125	0	6.133333333	21	58.57738095
12/30/2014	0	0	7.333333333	20.66666667	31.17045455
2/6/2015	0	0	11.2	29	20.31818182
11/15/2015	0	0	9.066666667	22.33333333	49.97727273
9/27/2013	0	0	6.733333333	18.33333333	61.5212766
10/6/2013	0.01	0	8.333333333	18.66666667	67.176
2/4/2014	0.525	0	4.733333333	18	29.36082474
5/16/2014	0.575	0	15.1	40.66666667	64.97945205
4/17/2016	0	0	5.266666667	16	55.98863636
6/10/2016	0	0	10.5	28.66666667	68.60215054
11/14/2016	0	0	5.366666667	18.66666667	54.27906977
12/30/2016	0.346666667	None	14.46666667	33.33333333	37.75
1/13/2014	0	0	8.833333333	29.33333333	42.93103448
2/25/2014	0	0	10.83333333	32	28.59090909
6/19/2014	0.06	0	6.233333333	21.33333333	73
6/24/2014	0	0	10.5	28.33333333	72.79545455
12/29/2014	0.05	0	9	24.66666667	39.89772727
2/2/2015	0.91375	5.1	15.16666667	37	27.54268293
6/11/2015	0	0	8.066666667	21.33333333	79.84090909
6/16/2015	0.14875	0	5.533333333	19.33333333	71.0078125
8/27/2015	0	0	7.5	21	73.81818182
11/24/2016	0.025	0	6.466666667	15.66666667	45.32222222
11/29/2013	0	0	7.3	21.66666667	34.07954545
7/21/2014	0	0	5.033333333	18	74.22222222
9/29/2014	0	0	3.366666667	15.33333333	71.44318182
1/12/2015	0.365	0	5.266666667	19.33333333	36.76870748
11/2/2015	0	0	3.466666667	15.33333333	58.89772727
2/1/2014	0	0	4.033333333	16.66666667	37.92222222
4/9/2014	0.004	0	12.1	34.66666667	51.79545455
1/26/2015	0.37	5.533333333	16.6	37	25.44444444
8/16/2016	0.08	0	9.666666667	30	83.36633663
9/23/2016	0.125	0	4.566666667	21	74.27083333
10/22/2016	1.07625	0	16.56666667	41	51.03571429
12/11/2013	0.15375	0	13.43333333	29.33333333	30.34090909
2/3/2014	0.621428571	7.266666667	9.333333333	21.33333333	32.56944444
3/10/2014	None	None	8.3	24.66666667	42.31958763
6/1/2014	0.011666667	0	6.533333333	19	66.07954545
8/7/2014	0	0	8.266666667	27	75.09302326
7/30/2015	1.513333333	0	8.133333333	30	79.02836879
2/19/2016	0	0	8	26.66666667	32.79207921
4/30/2016	0.01875	0	7.2	19.33333333	52.69318182
8/22/2016	0.095	0	12.96666667	32.66666667	73.68181818
9/10/2013	0.01	0	9.066666667	23	75.87850467
12/22/2013	0.01	0	9.766666667	29	59.4
4/21/2014	0	0	5.9	17.66666667	50.93181818
12/7/2015	0	0	5.5	18	47.98863636
5/20/2016	0	0	6.4	20.33333333	64.125
10/16/2016	0	0	7.933333333	19	62.61363636
8/2/2013	0.36875	0	8	24.5	75.75728155
11/27/2013	1.81875	0	16.9	44	49.575
1/31/2014	0	11.23333333	6.9	21	32.62765957
12/2/2014	0.07625	0	12.33333333	25.66666667	39.95454545
5/8/2015	0	0	5.366666667	20	62.02380952
11/6/2015	0.006	0	8.1	27.66666667	68.13793103
10/7/2016	0	0	5	17.66666667	63.21505376
6/28/2014	0	0	5.8	20.33333333	75.23863636
3/18/2015	0.011666667	0	15.63333333	39.66666667	33.36363636
9/30/2016	0.232	0	17.03333333	35.33333333	60.10852713
12/20/2016	0	0	5.866666667	22.66666667	28.45454545
3/14/2014	0	0	10.5	29.66666667	33.76136364
7/19/2014	0	0	6.366666667	20.5	72.37931034
8/20/2015	0.01	0	10.56666667	28.33333333	80.48333333
2/17/2016	0.431666667	0	11.2	25.33333333	38.12903226
4/25/2016	0	0	5.466666667	17	57.34090909
6/18/2016	0	0	5.433333333	19	72.36363636
9/13/2016	0	0	8.4	23.66666667	72.36363636
9/21/2016	0	0	4.566666667	20.66666667	74.70526316
10/21/2016	1.28	0	5.4	24	67.3583815
10/3/2013	0	0	4.366666667	15	70.59090909
11/12/2013	0.028333333	0.2	13.16666667	33.33333333	38.54054054
12/8/2014	0	0	14.56666667	28.66666667	30.70192308
3/21/2015	0.244285714	0.1	7.4	27	36.33050847
12/25/2015	0.036	0	1.6	12.66666667	59.34965035
2/21/2016	0.053333333	0	6.733333333	21.66666667	50.43181818
7/24/2016	0	0	7.866666667	23.66666667	82.61363636
9/2/2013	0.475	0	4	18.33333333	76.50769231
8/9/2013	0.14875	0	9.466666667	26.33333333	77.6635514
5/20/2014	0	0	8.133333333	25.33333333	67.7752809
10/30/2015	0	0	11.33333333	26.66666667	54.44318182
3/13/2016	0.01	0	5.9	21	55.72093023
5/21/2016	0.07	0	5.933333333	19.66666667	59.34090909
10/13/2016	0.01	0	6.9	25.5	60.65306122
7/22/2014	0	0	8.466666667	25.66666667	77.73863636
5/26/2015	0	0	9.866666667	26	72.86363636
11/21/2015	0	0	8.533333333	23	47.76136364
12/6/2015	0	0	4.833333333	14.66666667	46.34090909
3/30/2016	0	0	9.5	30.33333333	45.29545455
9/5/2013	0	0	9.533333333	24.33333333	72.10227273
2/17/2014	0	0	8.3	30.66666667	25.11363636
3/12/2014	0.283333333	0	10.33333333	38.66666667	47.14173228
8/19/2014	0	0	6.533333333	17	72.06521739
9/25/2014	0.1175	0	12.56666667	28	61.63888889
6/18/2015	0	0	6.833333333	17	66.84552846
1/9/2014	0	0	5.5	19	27.19318182
4/30/2014	2.1725	0.15	13.86666667	30.33333333	46.17460317
8/5/2014	0	0	5.533333333	19.66666667	78.81176471
4/6/2015	0	0	7.633333333	25	50
10/31/2013	0.053333333	0	None	26.66666667	60.87037037
4/16/2014	0.46625	0.2	12.76666667	34.33333333	39.72826087
5/13/2014	0	0	9.7	27.66666667	62.08695652
4/15/2015	0.015	0	9.666666667	34	60.73863636
4/18/2015	0	0	6.933333333	29	65.56179775
10/2/2015	0.6275	0	17.33333333	38	51.41322314
5/4/2016	0.075	0	10.73333333	24.33333333	50.46564886
5/14/2016	0.2	0	10.6	38	64.05747126
6/12/2016	0.04	0	16.23333333	42.33333333	76.4787234
6/29/2016	0.038	0	5.9	21.33333333	75.93043478
2/8/2014	0	0	7.1	21.33333333	25.81818182
8/22/2014	0.45875	0	7.066666667	19.66666667	70.45945946
3/6/2015	0.2925	0	7.633333333	24.66666667	20.35955056
9/7/2015	0	0	8.6	24.33333333	78.60674157
9/23/2015	0	0	5	19.66666667	67.46590909
6/30/2016	0	0	7.133333333	23.33333333	76.96590909
12/15/2013	1.12	0	12.8	35	36.23577236
1/6/2014	0.26875	0	15.53333333	37.66666667	45.84285714
2/19/2014	0.16625	0	6.9	27	38.66101695
6/18/2014	0	0	9.9	30.66666667	82.97727273
7/18/2014	0	0	5.7	22	74.03409091
8/11/2014	0	0	6.366666667	19.33333333	77.42045455
12/10/2014	1.45	0.766666667	13.7	28.66666667	36.76595745
3/10/2015	0.278	0	4.366666667	16.66666667	42.48760331
12/24/2016	0.271666667	0	8.5	23	42.75
6/6/2014	0.17875	0	9.766666667	22	68.69318182
4/28/2015	0	0	11.23333333	30.66666667	59.33707865
6/30/2015	0.04	0	9.866666667	28	74.5
9/21/2013	0.5	0	9.566666667	34	68.56302521
9/13/2014	0.246666667	0	9.333333333	23.66666667	63.99342105
1/25/2015	0.0475	0	11.6	31.33333333	37.14772727
4/16/2015	0	0	8.5	23	55.20454545
6/22/2015	0.17875	0	9.166666667	23.33333333	80.28409091
8/12/2015	0.331428571	0	9.133333333	22	77.86363636
4/24/2016	0.005	0	9.266666667	25	54.97802198
8/11/2016	0.123333333	0	7.133333333	29.66666667	84.33980583
9/22/2016	0	0	5.066666667	17	74.20454545
10/9/2013	0	0	11.2	27.33333333	58.76086957
11/26/2013	0.513333333	0	7.066666667	23.66666667	38.57943925
4/27/2014	0.02625	0	10.93333333	26.33333333	52.64772727
10/10/2014	None	0	4.133333333	15	59.11363636
12/13/2014	0	0	13.56666667	32.33333333	38.42391304
11/22/2016	0	0	18.5	45	39.77272727
11/19/2013	0	0	16.33333333	37	44.21590909
12/14/2013	0.58	4.3	13.96666667	33	27.39181287
5/10/2014	0.69	0	7.766666667	34.33333333	64.26388889
10/19/2014	0	0	13.96666667	32.66666667	51.55681818
6/3/2015	0.21	0	7.366666667	18	57.96491228
7/25/2015	0	0	6.633333333	20	77.79545455
8/22/2015	0	0	6.9	19.66666667	76.48863636
4/12/2016	0.09125	0	12.1	32.33333333	51.74766355
9/5/2016	0	0	12.46666667	33.66666667	74.52272727
9/26/2016	0	0	8.733333333	24	65.37362637
10/19/2013	0.01	0	5.5	22.66666667	59.07692308
12/18/2013	0.095	0	10.73333333	27.33333333	30.61956522
1/1/2014	0	0	7.9	24.66666667	29.56043956
4/25/2014	0.02	0	7.833333333	23.33333333	51.53409091
9/30/2014	0.035	0	6.333333333	19	66.60740741
11/18/2014	0.625	0	18.1	39	31.73863636
4/17/2015	0.088571429	0	8.2	24	60.08256881
8/13/2015	0	0	5.866666667	19	75.98863636
11/16/2015	0	0	6.533333333	20.33333333	57.89772727
1/10/2014	0.15	0.1	4.233333333	12	33.36477987
3/21/2014	0	0	11.73333333	33.66666667	44.31818182
9/3/2015	0	0	4.2	18.33333333	82.68965517
10/3/2015	1.08125	0	18.56666667	37.66666667	52.33333333
1/31/2016	0	20.03333333	6.866666667	20	43.51136364
6/9/2016	0.378571429	0	15.53333333	36.33333333	64.46808511
7/1/2016	0.52	0	7.166666667	27	73.96402878
7/15/2016	0.2725	0	8.1	23	85.125
9/13/2013	0.586666667	0	9.9	28	69.55172414
3/15/2014	0.0075	0	13.46666667	37.66666667	50.22727273
9/5/2015	0	0	6.633333333	19	71.86021505
3/1/2016	0.03875	0	11	30	45.91304348
3/13/2014	0.16875	0	22.76666667	45.66666667	24.21978022
1/10/2016	1.01875	0	15.96666667	39.66666667	51.50704225
2/23/2016	0.266666667	0	15.93333333	35	37.61206897
5/8/2016	0.094285714	0	9.233333333	36	55.75630252
7/5/2016	0.87375	0	6.633333333	18.66666667	76.87022901
10/15/2016	0	0	5.5	17	56.15909091
11/6/2016	0	0	12.7	28.66666667	54.17045455
8/22/2013	0.19	0	6.233333333	19	74.8
3/1/2014	0	0	5.666666667	27	29.57954545
3/30/2014	1.442857143	0	13.66666667	32.33333333	45.41958042
4/15/2014	0.377142857	0.1	16.73333333	38.66666667	50.38674033
5/8/2014	0.3425	0	5.4	18.5	54.67375887
11/19/2014	0	0	11.96666667	31	28.54545455
3/15/2015	0.577142857	0	16.63333333	46	42.14130435
7/10/2016	0.37	0	8.266666667	25.33333333	73.25
11/28/2016	0	0	6.7	18.66666667	46.48863636
12/1/2016	0.49875	0	13.43333333	35	52.07017544
9/24/2014	0	0	8.9	21.66666667	64.84090909
11/10/2015	0.326666667	0	12.46666667	33	55.73553719
9/9/2016	0.135	0	6.666666667	19	83.9673913
8/24/2013	0	0	7.666666667	21.33333333	70.71910112
7/2/2014	0.703333333	0	8.666666667	33.33333333	78.16101695
3/19/2015	0	0	9.9	26	35.52272727
3/20/2015	0.336666667	4.033333333	9.8	23.66666667	32.42276423
3/23/2015	0	0	11.96666667	29.66666667	31.22727273
7/17/2016	0.028	0	5.766666667	21.33333333	82.06741573
9/4/2013	0	0	9.966666667	22.33333333	73.98863636
6/10/2014	0.48	0	5.133333333	18	69.73758865
9/17/2014	0.21	0	4.6	16.33333333	64.98876404
12/5/2014	0.526666667	0	8.666666667	23	41.37815126
1/10/2015	0.03125	0	12.96666667	29	20.09090909
9/22/2015	0	0	9.233333333	21	66.54081633
12/30/2015	0.19	0	5.766666667	20.33333333	44.17322835
4/22/2016	0.02	0	6.366666667	20.33333333	67.55681818
9/8/2013	None	0	10.23333333	26.66666667	73.13953488
11/13/2013	0.01625	0	11.1	26.33333333	34.39772727
5/12/2015	0.0075	0	10.26666667	35.66666667	74.01869159
12/29/2015	0.45875	None	10.06666667	27.66666667	41.47368421
4/9/2016	0.07	0	9.6	29.33333333	39.94949495
4/22/2015	0.0725	0	10.86666667	39	55.93617021
5/23/2015	0	0	10.3	33.33333333	58.10227273
9/21/2015	0	0	10.2	26	65.73863636
4/28/2016	0	0	7.166666667	20.33333333	51.69318182
10/30/2016	0.49	0	7.566666667	37.33333333	63.69166667
9/7/2013	0	0	7.533333333	19.66666667	69.20454545
3/25/2014	0	0	7.733333333	24.66666667	32.63636364
5/12/2014	0	0	4.966666667	22.66666667	71.14772727
10/24/2014	0.13	0	8.866666667	23.66666667	55.65555556
6/28/2015	0.94375	0	9.366666667	30	66.97761194
1/2/2014	0.113333333	2.966666667	16.33333333	33.33333333	26.40495868
7/1/2014	0	0	10.66666667	30	78.81818182
1/30/2015	0.0675	1.033333333	15.73333333	43.66666667	32.14529915
3/5/2015	0.55625	7.133333333	10.3	26.33333333	27.85310734
4/19/2015	0	0	10.3	24	53.42696629
4/21/2015	0.633333333	0	9.4	28	57.38582677
1/24/2016	0.748333333	0.2	10.4	35.33333333	28.48453608
2/29/2016	0.06	5.9	None	32	50.48863636
3/10/2016	0	0	6.266666667	18.5	66.70454545
6/23/2015	0.036666667	0	10.03333333	35.33333333	81.54736842
10/31/2015	0	0	5.3	17	49.53409091
4/5/2016	0.26	0	12.8	32.66666667	34.16483516
7/23/2016	0	0	9.7	28	88.78651685
7/28/2016	None	0	6	24	82.26666667
12/25/2016	0.33375	0	9.1	23.66666667	43.57777778
10/12/2014	0.12125	0	4.933333333	18	54.88372093
1/28/2015	0.011428571	0	11.3	27	24.55681818
3/30/2015	None	None	12.23333333	38.33333333	43.48453608
5/18/2015	0	0	7.833333333	22	61.43939394
10/19/2015	0	0	8.066666667	27.33333333	45.21590909
11/29/2015	0.02	0	11	23	41.95238095
9/11/2016	0	0	11.3	32	78.19387755
3/28/2014	0.035	0	8.5	27.33333333	48.79787234
8/29/2014	0	0	6.766666667	19.66666667	69.82954545
2/20/2015	0	0	15.43333333	38	11.59090909
3/4/2015	0.5475	0	8.5	23.33333333	39.12280702
2/22/2016	0.03625	0	6.7	20.33333333	43.84269663
9/24/2016	0.295	0	8.433333333	25.66666667	63.73214286
10/12/2013	0.006666667	0	14.66666667	31.66666667	64.57142857
5/27/2015	0.05	0	9.7	32.33333333	71.17647059
7/27/2016	0	0	5.566666667	16.66666667	82.43181818
10/6/2016	0	0	3.933333333	14	62.75
5/18/2014	0	0	8.633333333	23	59.7752809
3/25/2016	0.055	0	8.633333333	25	56.85321101
4/26/2016	0.14	0	9.8	30	52.91851852
7/4/2016	0.506666667	0	7.933333333	25.33333333	73.9047619
11/25/2016	0.02	0	3.433333333	13.33333333	50.11956522
5/1/2014	2.9925	0	8.466666667	24.66666667	60.45323741
6/20/2014	0.035	0	8.3	21.66666667	73.26136364
10/22/2014	0.99	0	14.36666667	36.66666667	54.56028369
10/29/2014	0.03	0	7.766666667	27	61.79545455
12/23/2014	0.17625	0	10.03333333	25	45.34027778
1/6/2015	0.056666667	1.033333333	6.966666667	26	20.44186047
1/18/2015	1.9	0	5.133333333	22	38.05325444
1/17/2016	0.0325	0.533333333	8.7	21.33333333	34.2109375
3/9/2016	0	0	4.8	19.66666667	57
4/13/2016	0.10875	0	6.833333333	24	47.10227273
7/26/2016	0.93	0	8.6	25.33333333	82.97727273
4/2/2014	0.015	0	3.433333333	16.66666667	45.64772727
9/3/2014	0	0	7.066666667	24	78.61363636
3/29/2015	0	0	10.06666667	23.66666667	35.63636364
5/24/2015	0	0	9.333333333	24	66.43181818
2/9/2014	0.11	1.3	6.5	20.33333333	26.03125
5/3/2014	0.055	0	7	24.66666667	59.48351648
1/9/2015	0.086666667	1.533333333	14.86666667	37	26.56363636
8/11/2013	0	0	5.866666667	17.33333333	73.43820225
8/30/2013	0	0	8.033333333	20.66666667	75.66666667
1/30/2014	0	0	6.333333333	17.33333333	22.79545455
12/18/2014	0	0	14.03333333	34.33333333	39.91011236
5/31/2015	0.92	0	9.3	29.33333333	70.57894737
3/15/2016	0.258333333	0	8.6	33.33333333	50.17171717
6/1/2016	0	0	7.933333333	21	73.73863636
8/12/2013	0.142857143	0	4.2	15	74.05263158
6/3/2014	0.09	0	6.566666667	21.33333333	72.66666667
10/17/2014	0.04	0	9.433333333	23.66666667	65.17045455
8/30/2015	0.105	0	7.033333333	24	78.98888889
10/27/2016	1.09	0	9.533333333	24.66666667	49.52702703
12/31/2016	0.0025	1.066666667	13.13333333	34.33333333	39.25
1/16/2014	0	0	5.9	16.33333333	38.93162393
7/20/2014	0	0	7.466666667	20.33333333	71.66666667
7/30/2014	0	0	6.533333333	19	72.38636364
9/2/2014	0	0	8.7	34.66666667	83.625
9/18/2014	0	0	4.833333333	20.66666667	67.32954545
10/2/2014	0.006666667	0	7.266666667	19.66666667	63.38
10/16/2014	0.915	0	9.033333333	26.33333333	68.05369128
10/31/2014	0.033333333	0	9.6	27.66666667	50.56382979
3/11/2015	0.3025	0	9.8	28.33333333	49.06363636
5/6/2015	None	0	6.6	22	64.61363636
6/19/2015	0	0	5.566666667	20.66666667	75.28846154
1/20/2016	0	0	10.16666667	30.33333333	32.95454545
7/19/2016	0.11875	0	10.2	28.33333333	79.32954545
1/22/2014	0.165	0.4	15.46666667	35	12.47191011
3/11/2014	0	0	7.166666667	22	53.55681818
3/16/2014	0	0	12.66666667	31	34.46511628
6/21/2014	0	0	7.333333333	19	68.82954545
6/30/2014	0	0	8.9	25	75.35227273
10/15/2014	0.243333333	0	12.4	28.66666667	71.72093023
8/3/2015	0	0	9.7	27.33333333	81.84269663
12/10/2016	0	0	10.4	23.33333333	32.92045455
9/4/2014	0	0	6.433333333	22.33333333	77.55681818
11/13/2014	0.16	0	6.066666667	16.33333333	42.58653846
3/27/2015	0.42125	0	7.933333333	23	42.77165354
6/23/2016	0	0	4.866666667	16.33333333	74.38636364
10/30/2013	0	0	4.133333333	14	54.12
12/23/2016	0	0	9.5	26.33333333	43.03409091
9/20/2013	0	0	6.266666667	19.33333333	67.32954545
12/12/2014	0	0	13.43333333	29	35.04444444
7/6/2015	0	0	6.233333333	19.5	76.31313131
1/25/2016	0	0	4.1	15.66666667	33.04545455
1/17/2014	0	0	5.666666667	21	38.30681818
12/6/2014	0.89875	0	6.166666667	31	45.31428571
12/9/2014	1.484285714	0	17.7	41	40.7755102
2/11/2015	0	0	8.566666667	26.66666667	28.04545455
6/5/2015	0.13	0	4.966666667	18.33333333	60.2481203
7/4/2014	0.555	0	11.06666667	33	70.256
11/4/2014	0	0	7.933333333	19.33333333	60.23863636
11/26/2014	0.83	0.233333333	12.73333333	32.33333333	38.88405797
3/13/2015	0	0	8.033333333	20.66666667	37.26966292
7/11/2015	0	0	5	15	78.43181818
9/17/2015	0	0	4.433333333	17.66666667	76.42045455
11/7/2016	0	0	8.033333333	22	48.375
5/22/2014	0.265	0	5.533333333	16.33333333	60.58974359
7/6/2014	0	0	9.533333333	27	76.29069767
12/7/2014	0.72625	0	17.16666667	43.33333333	37.33695652
1/16/2015	0	0	15.43333333	41	32.10227273
11/27/2015	0	0	5.5	19	55.92045455
7/21/2016	0	0	9.966666667	26.66666667	79.43181818
11/16/2013	0.04375	0	4.233333333	17.66666667	51.05555556
11/28/2013	0.17875	0	13.2	42.66666667	32.89772727
4/1/2014	0.02375	0	7.8	24	46.16853933
1/30/2016	0	0	9.266666667	27.33333333	34.44318182
4/3/2016	0.22125	None	19.23333333	54.33333333	39.70093458
12/21/2016	0	0	6.266666667	20.66666667	36.72727273
12/5/2013	0.01	0	5.233333333	18.33333333	52.29605263
2/16/2014	0.05625	0	13.93333333	36.33333333	25.42045455
5/15/2014	0.13875	0	10.36666667	26	63.52631579
9/6/2015	0	0	4.866666667	17.33333333	73.84090909
12/19/2015	0.005714286	0	15.73333333	35.66666667	38.52272727
8/10/2013	0.01375	0	8.333333333	25.33333333	77.57954545
12/3/2014	0.1075	0	9.9	31	44.63970588
5/10/2016	0	0	7.066666667	20.66666667	56.79545455
2/12/2014	0	0	7.6	19.33333333	19.93684211
5/22/2015	0	0	10.93333333	33.33333333	64.71590909
10/21/2015	0	0	4.7	17.66666667	63.61363636
10/24/2015	0	0	7.166666667	17.33333333	50.51111111
12/15/2015	0.29875	0	15.2	38.33333333	59.75510204
6/26/2016	0	0	6.966666667	21.66666667	75.03409091
8/8/2016	0	0	5.333333333	13.33333333	78.75
8/27/2016	0	0	6.633333333	19	80.375
11/8/2016	0	0	4.033333333	13.66666667	55.23863636
3/5/2014	0	0	6.833333333	23.66666667	31.28409091
2/25/2015	0	0	9.066666667	27.66666667	29.85227273
3/1/2015	0.503333333	3.8	3.766666667	21	26.91946309
3/16/2016	0.016666667	0	5.233333333	17.66666667	52.06521739
6/5/2016	0.531666667	0	8.1	36.33333333	68.0890411
8/4/2016	0	0	5.3	17.33333333	74.05555556
9/6/2014	0.12	0	8.633333333	29	78.76576577
6/24/2015	0.025	0	8.8	25	76.90909091
9/30/2015	1.0425	0	13.2	33.33333333	71.81884058
10/12/2015	0	0	6.666666667	20	64.01136364
11/17/2015	0	0	8.6	23.66666667	45.98863636
3/24/2016	0	0	12.36666667	28.66666667	47.48148148
12/16/2016	0	0	10.56666667	30.33333333	23.31818182
4/5/2014	0.091428571	0	13.56666667	40.33333333	46.22
7/3/2015	0.012	0	6	18.33333333	73.46590909
8/17/2015	0	0	6.366666667	20	83.34090909
2/3/2016	0.62	0	11.36666667	38.66666667	51.92366412
7/22/2016	0	0	10.96666667	26.33333333	84.09090909
12/27/2016	0.01	0	12.4	33.66666667	54.12149533
8/27/2013	0.0275	0	8.866666667	23.66666667	77.94
6/17/2014	0	0	6.6	20.33333333	77.90909091
8/15/2014	0	0	8.633333333	22	68.60227273
2/15/2015	0.011428571	0.25	23	46.33333333	16.23469388
2/1/2016	0.01	0	7.966666667	22.66666667	50.40909091
3/8/2016	0	0	5.366666667	18.66666667	51.86516854
3/19/2016	0	0	6.6	23.66666667	42.26136364
7/12/2016	0	0	8.533333333	25	74.94382022
10/1/2013	0	0	5.4	17.33333333	69.68181818
2/23/2015	0.008	0	16.13333333	35.33333333	23.09090909
7/16/2015	0.0275	0	8.266666667	25.66666667	71.68181818
10/8/2015	0	0	5.466666667	16.33333333	63.04545455
8/9/2016	0	0	6.666666667	22	79.43181818
11/16/2016	0.78875	0	8.533333333	19.66666667	53.61538462
1/21/2014	0.353333333	8.633333333	13.86666667	32.66666667	19.51639344
5/4/2015	0	0	8.4	28.33333333	67.57303371
5/25/2015	0	0	9.366666667	28.33333333	71.52272727
8/2/2015	0	0	5.9	20.66666667	80.21590909
10/17/2015	0	0	11.2	27.66666667	50.32954545
3/28/2016	0.328333333	0	14.6	47.66666667	48.34074074
3/4/2014	0.004	0	6.266666667	20.66666667	21.96590909
1/21/2015	0	0	5.766666667	17	31.09090909
9/12/2015	0.243333333	0	8.7	27.33333333	73.63414634
2/14/2016	0	0	11.4	36.33333333	9.613636364
7/30/2016	0.2375	0	6.333333333	20.66666667	76.640625
8/26/2016	0.004	0	10.6	24	83.13793103
8/8/2013	0.33	0	9.133333333	22.66666667	74.32846715
9/22/2013	1.03125	0	11.53333333	28.33333333	63.86138614
3/17/2014	0	0	9.3	24.33333333	28.87777778
4/10/2014	0	0	11.6	32	50.07954545
5/11/2014	0.49375	0	7.033333333	21.66666667	69.42528736
5/24/2014	0.54	0	6.266666667	19.33333333	60.30534351
1/11/2015	0	0	8.566666667	23.66666667	29.14772727
6/26/2015	0	0	6.633333333	23.33333333	73.72727273
3/20/2016	0.056666667	0.1	11.63333333	25.66666667	36.51694915
7/4/2015	0.01	0	5.3	16	72.15909091
7/13/2015	0	0	5.9	19.66666667	78.04545455
7/22/2015	0	0	10.9	27.33333333	78
7/29/2015	0	0	7	23.33333333	85.5
9/1/2015	0	0	5.133333333	16.33333333	80.25
5/28/2014	0	0	10.86666667	24.33333333	57.70192308
7/14/2014	0.615714286	0	6.1	22	75.49264706
12/20/2015	0	0	9.766666667	30.33333333	39.62921348
12/9/2013	0.23	None	10.63333333	29	36.47857143
3/12/2016	0	0	7.266666667	20.66666667	49.67045455
5/17/2014	1.188333333	0	8.533333333	23	61.87777778
11/7/2014	0.215	0	14.7	35.66666667	47.79347826
7/14/2015	0.5	0	5.333333333	19.66666667	76.23404255
11/4/2015	0	0	4.533333333	17.66666667	60.07692308
2/18/2016	0	0	12.16666667	27	32.18292683
11/16/2014	0.025	0	5.9	17.33333333	40.59090909
8/9/2015	0	0	7	23	75.3258427
12/8/2015	0	0	6.166666667	20	44.51485149
4/24/2014	0	0	16.13333333	36.66666667	52.11363636
9/9/2014	0	0	11.03333333	27	68.97087379
9/12/2013	1.053333333	0	7.833333333	31	75.79831933
10/4/2013	0.015	0	5.166666667	19	72.57303371
9/16/2014	0.183333333	0	4.4	16	63.05172414
2/18/2015	0.026	0.1	5.5	22	25.31372549
12/20/2013	0	0	6.033333333	23.66666667	46.15909091
12/27/2014	0	0	5.033333333	19	47.14772727
5/15/2016	0	0	19.05	43.5	52.72727273
12/4/2016	0	0	9	23	42.69318182
9/23/2013	0	0	9.033333333	22.66666667	58.11363636
7/12/2014	0	0	7.466666667	24.33333333	74.98837209
8/12/2014	0.223333333	0	11.63333333	32.33333333	74.35833333
9/19/2014	0	0	10.4	26	60.6741573
7/27/2015	0.164	0	7.133333333	22.66666667	78.26041667
10/18/2015	0	0	10.2	28.33333333	43.36363636
12/13/2015	0	0	5.333333333	20	57.56842105
9/1/2013	0.015	0	6.466666667	19	77.45238095
11/21/2013	0	0	6.166666667	16.33333333	45.04166667
7/11/2014	0	0	6.233333333	19.66666667	75.76086957
10/7/2014	0.036666667	0	11.76666667	27	67.58426966
1/13/2015	0.31625	0	12.56666667	28.66666667	26.82105263
1/15/2015	0	0	8	21.66666667	30.39325843
10/28/2016	0.64125	0	15.46666667	41	47.49473684
12/2/2013	0	0	4.366666667	14.66666667	43.61363636
1/15/2014	0.296666667	0	4.366666667	15.66666667	39.6446281
2/14/2014	1.04125	2.533333333	16.03333333	41	35.49565217
11/9/2014	0	0	5.433333333	21	50.46590909
2/7/2015	0.015	0.2	6.566666667	18.33333333	31.16831683
5/28/2015	0.024	0	6.733333333	22.33333333	71.83333333
10/11/2016	0	0	5.733333333	17	54.91304348
10/26/2016	0	0	9.133333333	22.33333333	45.67045455
9/25/2015	0	0	9	21.33333333	67.94318182
9/28/2016	0	0	12.66666667	29.33333333	64.43076923
10/14/2016	0.004	0	7.466666667	23	54.85227273
