Pickup Date	Average Tip Amount	Average Total Amount
8/1/2013	1.449688326	14.86458554
8/2/2013	1.389136852	14.91291804
8/3/2013	1.208635272	14.04720499
8/4/2013	1.32803469	15.19240035
8/5/2013	1.371045702	16.3811181
8/6/2013	1.378103954	14.67120668
8/7/2013	1.419417212	14.87295382
8/8/2013	1.420087504	14.89485453
8/9/2013	1.344624341	14.82277404
8/10/2013	1.202619998	14.36264303
8/11/2013	1.323826943	15.70788904
8/12/2013	1.36839652	15.01448449
8/13/2013	1.396237659	14.8084046
8/14/2013	1.418028867	16.4961839
8/15/2013	1.459644178	15.43609529
8/16/2013	1.442770008	15.86903739
8/17/2013	1.232274368	14.89242247
8/18/2013	1.334608312	15.50636805
8/19/2013	1.374886304	15.51361379
8/20/2013	1.373408819	14.95320738
8/21/2013	1.421128642	15.08341332
8/22/2013	1.449093477	15.24591844
8/23/2013	1.377822627	15.26986115
8/24/2013	1.207482798	14.52332053
8/25/2013	1.316822626	15.45449589
8/26/2013	1.357820114	15.0832276
8/27/2013	1.360922003	14.74565393
8/28/2013	1.405250178	14.99103802
8/29/2013	1.443008341	15.52336558
8/30/2013	1.344340732	15.32851772
8/31/2013	1.133170242	14.35890606
9/1/2013	1.124332028	14.61526086
9/2/2013	1.310017125	15.34448875
9/3/2013	1.428474007	15.36974602
9/4/2013	1.395356838	14.89368599
9/5/2013	1.383912503	14.655091
9/6/2013	1.36676134	14.82990423
9/7/2013	1.26903739	14.49347826
9/8/2013	1.361262708	15.18616732
9/9/2013	1.455198908	15.25173193
9/10/2013	1.477231423	15.17126884
9/11/2013	1.482342482	14.99224882
9/12/2013	1.554911194	15.7216181
9/13/2013	1.49463386	15.64541203
9/14/2013	1.213828871	14.09754586
9/15/2013	1.367183682	15.25291812
9/16/2013	1.472152317	15.40574007
9/17/2013	1.500097635	15.34761071
9/18/2013	1.533319837	15.42901149
9/19/2013	1.528640407	15.5040617
9/20/2013	1.478063792	15.57049703
9/21/2013	1.267219304	14.548699
9/22/2013	1.429557082	15.80956701
9/23/2013	1.545933562	16.06605995
9/24/2013	1.528076695	15.54379019
9/25/2013	1.566371848	15.67979647
9/26/2013	1.555579768	15.72821276
9/27/2013	1.493746747	15.63189062
9/28/2013	1.274277565	14.64314832
9/29/2013	1.405001332	15.55444181
9/30/2013	1.476873245	15.50857914
10/1/2013	1.467438532	15.0992526
10/2/2013	1.489409926	15.13673316
10/3/2013	1.517923568	15.48163308
10/4/2013	1.440037283	15.24000194
10/5/2013	1.229646929	14.03507025
10/6/2013	1.415431079	15.54156373
10/7/2013	1.465517296	15.27789692
10/8/2013	1.487600992	15.15207022
10/9/2013	1.522177369	15.31525961
10/10/2013	1.548877806	15.62435815
10/11/2013	1.480788286	15.65575936
10/12/2013	1.279573916	14.79450276
10/13/2013	1.364210738	15.53748858
10/14/2013	1.401687544	15.11195399
10/15/2013	1.481937747	15.2959637
10/16/2013	1.513585	15.31462407
10/17/2013	1.549965339	15.65454612
10/18/2013	1.470875415	15.4794539
10/19/2013	1.261090644	14.32938282
10/20/2013	1.403260736	15.42358852
10/21/2013	1.475205558	15.333197
10/22/2013	1.483046725	14.99612514
10/23/2013	1.523070876	15.1914605
10/24/2013	1.5452574	15.55231357
10/25/2013	1.468278344	15.29912976
10/26/2013	1.271722215	14.32039135
10/27/2013	1.409264532	15.35780521
10/28/2013	1.474327071	15.29436705
10/29/2013	1.466952701	14.90017084
10/30/2013	1.506023209	15.10990521
10/31/2013	1.472655431	15.24819457
11/1/2013	1.440556012	15.43960018
11/2/2013	1.228992967	13.93644605
11/3/2013	1.376941891	14.89621522
11/4/2013	1.504272883	15.43490962
11/5/2013	1.489252019	14.75157019
11/6/2013	1.557781577	15.30314875
11/7/2013	1.604728751	15.83015453
11/8/2013	1.516722613	15.67678635
11/9/2013	1.281672621	14.26505168
11/10/2013	1.406399179	15.24626414
11/11/2013	1.53336976	15.45018093
11/12/2013	1.534648779	15.037108
11/13/2013	1.549200112	15.06132979
11/14/2013	1.571862106	15.38118362
11/15/2013	1.519789527	15.49789619
11/16/2013	1.304000743	14.33724139
11/17/2013	1.420303877	15.13117913
11/18/2013	1.531038093	15.30726714
11/19/2013	1.512663294	14.87479242
11/20/2013	1.553287268	15.13901529
11/21/2013	1.586085795	15.54103321
11/22/2013	1.509896764	15.31691916
11/23/2013	1.288353026	14.06592804
11/24/2013	1.307812741	14.11382637
11/25/2013	1.378233748	14.5501957
11/26/2013	1.517485951	15.70978624
11/27/2013	1.325594454	14.4988717
11/28/2013	1.159359642	14.31906051
11/29/2013	0.995760187	13.2756806
11/30/2013	1.134897359	13.98879103
12/1/2013	1.405262784	15.70850731
12/2/2013	1.558043927	15.89322058
12/3/2013	1.54044258	15.3836813
12/4/2013	1.600410499	15.79469461
12/5/2013	1.579798996	15.68447752
12/6/2013	1.534963682	15.71630388
12/7/2013	1.306137602	14.40626693
12/8/2013	1.407361788	15.01697684
12/9/2013	1.531515859	15.3163659
12/10/2013	1.524601464	14.84223755
12/11/2013	1.668542971	16.10752652
12/12/2013	1.674715577	16.26690767
12/13/2013	1.574542183	15.7838867
12/14/2013	1.32564833	14.10121289
12/15/2013	1.393457406	14.7752628
12/16/2013	1.529798376	15.48505388
12/17/2013	1.517886756	14.89760098
12/18/2013	1.623353038	15.82741544
12/19/2013	1.620285268	15.97185254
12/20/2013	1.531206991	15.72298264
12/21/2013	1.342406742	14.99093724
12/22/2013	1.273964528	15.05259948
12/23/2013	1.24066786	14.67917103
12/24/2013	1.066221715	13.42462703
12/25/2013	1.05226434	14.10480644
12/26/2013	1.072984758	14.29403216
12/27/2013	1.109387736	14.68775174
12/28/2013	1.120940037	14.77601899
12/29/2013	1.154121079	14.53232169
12/30/2013	1.178261807	14.68237687
12/31/2013	1.128308207	13.41431745
1/1/2014	1.217186071	14.9978519
1/2/2014	1.17427501	13.96286506
1/3/2014	1.220642313	14.32682668
1/4/2014	1.219150161	13.79327331
1/5/2014	1.336613396	14.4551787
1/6/2014	1.427705468	14.82638794
1/7/2014	1.370000413	13.81949154
1/8/2014	1.403063643	13.97030748
1/9/2014	1.455436477	14.37134987
1/10/2014	1.425644196	14.34612756
1/11/2014	1.276383034	13.36918819
1/12/2014	1.431779041	14.56992401
1/13/2014	1.484426869	14.51018038
1/14/2014	1.521618206	14.5476123
1/15/2014	1.587574554	15.08579151
1/16/2014	1.564223073	14.94425948
1/17/2014	1.519455795	15.0941622
1/18/2014	1.260138464	13.5063415
1/19/2014	1.309960645	13.89587758
1/20/2014	1.471685383	14.71875939
1/21/2014	1.633061149	15.97512961
1/22/2014	1.516157714	14.49536666
1/23/2014	1.649522511	15.77057286
1/24/2014	1.525704421	14.99789157
1/25/2014	1.28097374	13.30813998
1/26/2014	1.403311248	14.21856208
1/27/2014	1.497698787	14.51063464
1/28/2014	1.498486447	14.25592217
1/29/2014	1.54827811	14.60646751
1/30/2014	1.590276332	15.03633936
1/31/2014	1.511730282	14.88910239
2/1/2014	1.329683792	13.86175385
2/2/2014	1.385751489	14.12410009
2/3/2014	1.490362915	14.65019345
2/4/2014	1.557416879	14.78849329
2/5/2014	1.492629796	14.11833743
2/6/2014	1.650461035	15.60780532
2/7/2014	1.55819357	15.27375421
2/8/2014	1.316784758	13.62152601
2/9/2014	1.407055894	14.17600086
2/10/2014	1.907450254	15.53873149
2/11/2014	1.899957816	15.36853248
2/12/2014	1.965640491	15.8896017
2/13/2014	1.568550556	14.04998041
2/14/2014	1.525055649	15.54468674
2/15/2014	1.249614413	13.74391598
2/16/2014	1.281417185	13.98623575
2/17/2014	1.411048472	14.54360795
2/18/2014	1.452633945	14.75087807
2/19/2014	1.583571472	15.55633644
2/20/2014	1.564721185	15.62512821
2/21/2014	1.518720081	14.13261476
2/22/2014	0.797222222	11.80638889
2/23/2014	1.430675871	15.14312354
2/24/2014	0.658862537	12.95765024
2/25/2014	0.674113114	12.74359603
2/26/2014	0.920667693	13.50410991
2/27/2014	1.134028572	14.08097788
2/28/2014	0.670263468	13.21006517
3/1/2014	1.332455167	14.04376252
3/2/2014	1.418280169	14.64877972
3/3/2014	1.388217098	13.76215152
3/4/2014	1.491288974	14.42777358
3/5/2014	1.538611026	14.77209064
3/6/2014	1.564791862	15.06505299
3/7/2014	1.49555321	14.94115054
3/8/2014	1.317161099	14.16249287
3/9/2014	1.410988455	14.98629078
3/10/2014	1.502435836	14.96764295
3/11/2014	1.537243479	15.01531662
3/12/2014	1.567107439	15.01985939
3/13/2014	1.517604552	14.56032676
3/14/2014	1.518735041	15.05314488
3/15/2014	1.32894374	14.21645951
3/16/2014	1.412924223	14.81838183
3/17/2014	1.51007482	15.22041153
3/18/2014	1.514127708	14.77682462
3/19/2014	1.536681926	14.83774367
3/20/2014	1.605131396	15.4360346
3/21/2014	1.531154687	15.28926408
3/22/2014	1.330207569	14.28356957
3/23/2014	1.446067484	15.07167615
3/24/2014	1.499882883	14.87479608
3/25/2014	1.515043195	14.64752777
3/26/2014	1.522484421	14.61760545
3/27/2014	1.585830969	15.28396869
3/28/2014	1.510540185	15.1177879
3/29/2014	1.298435122	13.79528693
3/30/2014	1.455929381	15.06377457
3/31/2014	1.543681134	15.27249128
4/1/2014	1.511039633	14.79767852
4/2/2014	1.560205051	15.0538973
4/3/2014	1.584897679	15.44901027
4/4/2014	1.493989091	14.94124238
4/5/2014	1.331649174	14.28444979
4/6/2014	1.448442197	15.19650677
4/7/2014	1.494371922	14.85403568
4/8/2014	1.544562529	14.99770558
4/9/2014	1.573502148	15.22932965
4/10/2014	1.619178138	15.71186575
4/11/2014	1.538529498	15.55327523
4/12/2014	1.304287944	14.29873986
4/13/2014	1.390487954	15.0421707
4/14/2014	1.42266491	15.10789634
4/15/2014	1.408629635	14.37360502
4/16/2014	1.479512458	14.96774571
4/17/2014	1.527856952	15.54602173
4/18/2014	1.35859087	14.55404529
4/19/2014	1.195630532	13.89550412
4/20/2014	1.323649043	14.94137283
4/21/2014	1.467245355	15.2289654
4/22/2014	1.505078691	15.03671475
4/23/2014	1.54407426	15.23700232
4/24/2014	1.619268143	15.93499434
4/25/2014	1.530263461	15.53035323
4/26/2014	1.351819687	14.56987196
4/27/2014	1.477797741	15.55511617
4/28/2014	1.543014376	15.42055744
4/29/2014	1.513282153	14.83189321
4/30/2014	1.578917032	15.44738075
5/1/2014	1.643434292	16.05151271
5/2/2014	1.569204044	16.01019837
5/3/2014	1.339996544	14.61299643
5/4/2014	1.449566522	15.37010988
5/5/2014	1.550531704	15.62894537
5/6/2014	1.566178154	15.39065417
5/7/2014	1.626916034	15.83976379
5/8/2014	1.631762773	15.88231188
5/9/2014	1.556089873	15.58259126
5/10/2014	1.344922052	14.48624546
5/11/2014	1.46105093	15.67439394
5/12/2014	1.58362157	15.7826118
5/13/2014	1.58105948	15.43502444
5/14/2014	1.68940075	16.28541907
5/15/2014	1.674826988	16.25942832
5/16/2014	1.572756272	15.83394514
5/17/2014	1.451379357	15.57212054
5/18/2014	1.504770224	15.93338518
5/19/2014	1.561411378	15.80810065
5/20/2014	1.604976831	15.97639258
5/21/2014	1.636564132	16.07832895
5/22/2014	1.635827282	16.20383798
5/23/2014	1.518454185	15.7449132
5/24/2014	1.260169657	14.68228853
5/25/2014	1.239494338	14.8622701
5/26/2014	1.447056792	15.88768602
5/27/2014	1.533505508	15.64078852
5/28/2014	1.581228633	15.82333254
5/29/2014	1.596957727	15.84458162
5/30/2014	1.531967672	15.62481956
5/31/2014	1.353205646	14.69479865
6/1/2014	1.545066559	16.43473493
6/2/2014	1.567558671	15.73525128
6/3/2014	1.558085408	15.3539475
6/4/2014	1.610996131	15.56577556
6/5/2014	1.636353161	15.88661797
6/6/2014	1.563164235	16.04061484
6/7/2014	1.30700054	14.53204223
6/8/2014	1.469503674	15.84355174
6/9/2014	1.600200863	15.91707228
6/10/2014	1.58396368	15.52328331
6/11/2014	1.643406713	15.87044923
6/12/2014	1.653230722	15.99028019
6/13/2014	1.579475252	15.6915596
6/14/2014	1.351833835	14.67776768
6/15/2014	1.459188219	15.62819213
6/16/2014	1.572605503	15.7074004
6/17/2014	1.579451247	15.58815497
6/18/2014	1.60696152	15.69794984
6/19/2014	1.634242158	15.98440038
6/20/2014	1.563908665	15.83967007
6/21/2014	1.338351827	14.73628872
6/22/2014	1.46613752	15.66353999
6/23/2014	1.559687793	15.72893327
6/24/2014	1.579529654	15.50204931
6/25/2014	1.61425289	15.6978671
6/26/2014	1.680234438	16.22937997
6/27/2014	1.596744617	16.12457578
6/28/2014	1.361366257	14.81574704
6/29/2014	1.488685118	15.97391403
6/30/2014	1.487738238	15.38074584
7/1/2014	1.46539774	14.80391523
7/2/2014	1.498331581	15.12850335
7/3/2014	1.490350269	15.48649216
7/4/2014	1.274668019	14.74115592
7/5/2014	1.167179084	14.39833501
7/6/2014	1.424074467	15.86052077
7/7/2014	1.489421655	15.33624209
7/8/2014	1.472804221	14.77323044
7/9/2014	1.549778674	15.23866297
7/10/2014	1.582226625	15.44841347
7/11/2014	1.51455809	15.4119282
7/12/2014	1.317777114	14.4298029
7/13/2014	1.429202481	15.08403181
7/14/2014	1.517479496	15.25396315
7/15/2014	1.548546938	15.22694725
7/16/2014	1.626084963	15.757914
7/17/2014	1.62917518	15.89806472
7/18/2014	1.5313467	15.5775133
7/19/2014	1.306746696	14.38993621
7/20/2014	1.447924509	15.45437536
7/21/2014	1.529755324	15.53163333
7/22/2014	1.529647671	15.25718969
7/23/2014	1.567145229	15.37880054
7/24/2014	1.626577788	15.85625213
7/25/2014	1.533077443	15.72463192
7/26/2014	1.299942079	14.53272797
7/27/2014	1.411176	15.24163669
7/28/2014	1.519360336	15.50880618
7/29/2014	1.530664921	15.29470423
7/30/2014	1.577451174	15.57259322
7/31/2014	1.634017528	16.03786099
8/1/2014	1.536033752	15.71485269
8/2/2014	1.323182296	14.57219557
8/3/2014	1.432675412	15.36872479
8/4/2014	1.513917757	15.61195759
8/5/2014	1.525672194	15.36113173
8/6/2014	1.57507777	15.51623301
8/7/2014	1.61895034	15.97780763
8/8/2014	1.509381003	15.55502983
8/9/2014	1.321574433	14.73126816
8/10/2014	1.443917966	15.71156492
8/11/2014	1.51851585	15.57732276
8/12/2014	1.514414885	15.18732539
8/13/2014	1.555516962	15.29999436
8/14/2014	1.597554947	15.87382025
8/15/2014	1.527149711	15.74275178
8/16/2014	1.335256818	14.96116437
8/17/2014	1.446056596	15.67194954
8/18/2014	1.518870764	15.64520198
8/19/2014	1.499853419	15.19656208
8/20/2014	1.547773393	15.48752231
8/21/2014	1.575113052	15.7268343
8/22/2014	1.523131642	15.83927989
8/23/2014	1.324757893	14.8941453
8/24/2014	1.454551133	15.98698027
8/25/2014	1.474997696	15.46078021
8/26/2014	1.479926755	15.16973168
8/27/2014	1.504486564	15.23847899
8/28/2014	1.543830405	15.70096731
8/29/2014	1.465003045	15.71189351
8/30/2014	1.220682814	14.63898726
8/31/2014	1.253458539	14.98171937
9/1/2014	1.45936972	15.79368229
9/2/2014	1.534611436	15.44831521
9/3/2014	1.559285321	15.47794548
9/4/2014	1.613132809	15.71660167
9/5/2014	1.545711551	15.45311423
9/6/2014	1.368200345	14.52806928
9/7/2014	1.475091108	15.26928728
9/8/2014	1.591695769	15.70759901
9/9/2014	1.625705332	15.65729554
9/10/2014	1.662933446	15.80799428
9/11/2014	1.620985384	15.47793713
9/12/2014	1.604878202	15.91759348
9/13/2014	1.361652681	14.45921247
9/14/2014	1.500359683	15.46337085
9/15/2014	1.577145434	15.57663257
9/16/2014	1.610347227	15.51504348
9/17/2014	1.682086519	16.03363688
9/18/2014	1.719334591	16.39716022
9/19/2014	1.641105535	16.20786415
9/20/2014	1.401760017	15.0596687
9/21/2014	1.637452947	16.93571059
9/22/2014	1.669305752	16.53137727
9/23/2014	1.70388163	16.41523962
9/24/2014	1.649323273	15.97617428
9/25/2014	1.610923984	15.81560816
9/26/2014	1.542758983	15.77229015
9/27/2014	1.376248349	15.03052007
9/28/2014	1.504189426	15.74879942
9/29/2014	1.646563488	16.08657061
9/30/2014	1.617809651	15.47464321
10/1/2014	1.629886703	15.48127236
10/2/2014	1.647528815	15.76236583
10/3/2014	1.526443658	15.360789
10/4/2014	1.274563346	13.82512875
10/5/2014	1.517866266	15.7893524
10/6/2014	1.573525449	15.60329651
10/7/2014	1.592153303	15.4136935
10/8/2014	1.652597575	15.77509527
10/9/2014	1.657691831	15.90300672
10/10/2014	1.611095822	16.08455383
10/11/2014	1.354862057	14.63702318
10/12/2014	1.499016428	16.00801846
10/13/2014	1.524309377	15.33246891
10/14/2014	1.6290965	15.89157591
10/15/2014	1.622568038	15.69977642
10/16/2014	1.661223495	15.88091245
10/17/2014	1.614271675	16.05660299
10/18/2014	1.375492007	14.64015515
10/19/2014	1.497406896	15.43909031
10/20/2014	1.603327153	15.74111422
10/21/2014	1.612906253	15.43009536
10/22/2014	1.66684136	15.79182913
10/23/2014	1.720921922	16.32011592
10/24/2014	1.629417607	16.05050844
10/25/2014	1.380329166	14.73190991
10/26/2014	1.522838488	15.70167715
10/27/2014	1.583786364	15.64631482
10/28/2014	1.620039927	15.69627391
10/29/2014	1.643386575	15.62224659
10/30/2014	1.69244782	16.22777609
10/31/2014	1.554688503	15.72524498
11/1/2014	1.357112703	14.37502447
11/2/2014	1.488612996	15.17581728
11/3/2014	1.626865847	15.93284653
11/4/2014	1.6084378	15.36459387
11/5/2014	1.703433608	15.93422016
11/6/2014	1.721750514	16.08562083
11/7/2014	1.655343135	16.325841
11/8/2014	1.406821694	14.69630553
11/9/2014	1.524380956	15.46606986
11/10/2014	1.629507434	15.74831319
11/11/2014	1.668980249	15.77934575
11/12/2014	1.713944074	15.87955191
11/13/2014	1.737810977	16.24245179
11/14/2014	1.661687238	15.91105769
11/15/2014	1.421552328	14.71872462
11/16/2014	1.55139023	15.48481472
11/17/2014	1.669574123	15.84780192
11/18/2014	1.686032688	15.60686319
11/19/2014	1.730305499	16.00315497
11/20/2014	1.726708593	16.35697782
11/21/2014	1.651172342	15.87575205
11/22/2014	1.389810601	14.37062787
11/23/2014	1.453265826	14.92567649
11/24/2014	1.486996453	14.95739244
11/25/2014	1.64354335	16.22096717
11/26/2014	1.426633603	14.85185281
11/27/2014	1.272577252	14.64736649
11/28/2014	1.089875986	13.46764294
11/29/2014	1.271828444	14.46625808
11/30/2014	1.560025934	16.12551061
12/1/2014	1.702045795	16.53821864
12/2/2014	1.671501762	15.73359582
12/3/2014	1.741165097	16.2608614
12/4/2014	1.76117948	16.4959121
12/5/2014	1.644265407	15.89689561
12/6/2014	1.413346683	14.57052502
12/7/2014	1.527861334	15.25096641
12/8/2014	1.668408471	15.80984045
12/9/2014	1.719168485	15.75334694
12/10/2014	1.800613964	16.33131113
12/11/2014	1.840367021	16.88919895
12/12/2014	1.737884584	16.60271622
12/13/2014	1.487834949	15.17197304
12/14/2014	1.548069849	15.5738035
12/15/2014	1.666855972	15.88029022
12/16/2014	1.669962139	15.61457249
12/17/2014	1.715445035	15.87631318
12/18/2014	1.746267417	16.21204517
12/19/2014	1.657137322	15.91342014
12/20/2014	1.422867456	14.74925468
12/21/2014	1.390203275	14.75223059
12/22/2014	1.405741758	14.94939976
12/23/2014	1.405144302	14.98876639
12/24/2014	1.211859277	13.78121998
12/25/2014	1.1571041	14.75422841
12/26/2014	1.147781622	14.86775639
12/27/2014	1.196988403	15.21639917
12/28/2014	1.333341381	15.63491457
12/29/2014	1.287507836	15.14243422
12/30/2014	1.296607599	14.9893879
12/31/2014	1.224248199	13.71237987
1/1/2015	1.290452562	15.29616351
1/2/2015	1.270076662	14.84526092
1/3/2015	1.279060368	14.10640968
1/4/2015	1.503428205	15.5232545
1/5/2015	1.517049115	15.20441736
1/6/2015	1.515344481	14.75799
1/7/2015	1.499840398	14.38046605
1/8/2015	1.553066464	14.63092684
1/9/2015	1.568236936	14.97767005
1/10/2015	1.41023673	13.92211368
1/11/2015	1.538310785	14.81648175
1/12/2015	1.613776482	15.0378443
1/13/2015	1.644274926	14.94725143
1/14/2015	1.675253668	15.11478887
1/15/2015	1.697319811	15.44362915
1/16/2015	1.603877455	15.16707308
1/17/2015	1.386020545	13.94422716
1/18/2015	10.67049327	23.41892664
1/19/2015	1.593798773	15.07546348
1/20/2015	1.661336024	15.17071734
1/21/2015	1.666800789	14.94760455
1/22/2015	1.709456195	15.25328951
1/23/2015	1.656542577	15.25065026
1/24/2015	1.421544754	13.67363742
1/25/2015	1.577589874	14.91750223
1/26/2015	1.559729244	14.70620377
1/27/2015	1.24464951	11.95811891
1/28/2015	1.670519386	15.21537469
1/29/2015	1.748293982	15.82208195
1/30/2015	1.645074975	15.20754283
1/31/2015	1.461235494	13.9821256
2/1/2015	1.561855036	14.6421855
2/2/2015	1.61930456	14.90268617
2/3/2015	1.809656255	16.15248111
2/4/2015	1.804810272	16.03172093
2/5/2015	1.764660802	15.74981223
2/6/2015	1.708226983	15.57556875
2/7/2015	1.479735234	14.21260665
2/8/2015	1.586582653	14.93377249
2/9/2015	1.614560022	14.58735058
2/10/2015	1.734629387	15.3303356
2/11/2015	1.789710045	15.72258739
2/12/2015	1.816829663	16.11757015
2/13/2015	1.808550706	16.7481541
2/14/2015	1.488482074	14.8044898
2/15/2015	1.44564011	14.42484348
2/16/2015	1.562344008	14.83638255
2/17/2015	1.707667977	15.68512898
2/18/2015	1.705940476	15.61762383
2/19/2015	1.693832754	15.39701692
2/20/2015	1.641521127	15.87731524
2/21/2015	1.505623903	14.58237132
2/22/2015	1.646904091	15.53589782
2/23/2015	1.726841073	15.60002726
2/24/2015	1.727471365	15.83217198
2/25/2015	1.787369304	15.8136149
2/26/2015	1.79661586	15.90043015
2/27/2015	1.719718449	15.83457251
2/28/2015	1.492176168	14.57313561
3/1/2015	1.614874916	16.90473958
3/2/2015	1.80095341	16.33949658
3/3/2015	1.788631501	16.15110874
3/4/2015	1.788885299	15.81050795
3/5/2015	1.629215072	14.8567624
3/6/2015	1.853629399	16.97396877
3/7/2015	1.515704256	14.81120652
3/8/2015	1.634577507	15.93091432
3/9/2015	1.731650238	16.14594096
3/10/2015	1.784204236	16.20416232
3/11/2015	1.800983481	16.11198519
3/12/2015	1.803267	16.15860475
3/13/2015	1.722980135	15.94904652
3/14/2015	1.481104221	14.46832965
3/15/2015	1.585714289	15.35774339
3/16/2015	1.746231194	16.24073194
3/17/2015	1.670979725	15.5618105
3/18/2015	1.73901252	15.78011122
3/19/2015	1.793465513	16.18054009
3/20/2015	1.662653967	15.41921596
3/21/2015	1.519728839	14.89666034
3/22/2015	1.641099516	16.94656299
3/23/2015	1.730967336	15.90346859
3/24/2015	1.735328479	15.71020588
3/25/2015	1.77740878	15.94947046
3/26/2015	1.820456939	16.47171289
3/27/2015	1.736683051	16.10150322
3/28/2015	1.487153382	14.93675477
3/29/2015	1.630082262	15.82241457
3/30/2015	1.708230198	16.08093764
3/31/2015	1.709366046	15.90066389
4/1/2015	1.723776177	15.96759724
4/2/2015	1.771834997	16.58631346
4/3/2015	1.563652109	15.45878078
4/4/2015	1.325530678	14.19060001
4/5/2015	1.500526581	15.46347277
4/6/2015	1.641717366	16.03273905
4/7/2015	1.630280769	15.39862074
4/8/2015	1.681721497	15.67810409
4/9/2015	1.708487811	15.77756155
4/10/2015	1.641621737	15.63913942
4/11/2015	1.516721297	15.22003242
4/12/2015	1.637725072	17.63175148
4/13/2015	1.709550073	16.6475227
4/14/2015	1.740881817	15.88363774
4/15/2015	1.809366838	16.45003742
4/16/2015	1.830514888	16.55606296
4/17/2015	1.751292905	16.33073344
4/18/2015	1.567282667	15.48191578
4/19/2015	1.664564541	16.08216192
4/20/2015	1.707517527	15.84087736
4/21/2015	1.805802153	16.36568641
4/22/2015	1.816523077	16.36356481
4/23/2015	1.828983693	16.62023015
4/24/2015	1.767866488	16.59002852
4/25/2015	1.53590673	15.24507124
4/26/2015	1.691172848	16.37704893
4/27/2015	1.739291202	16.0693129
4/28/2015	1.752913598	15.99554139
4/29/2015	1.827160508	16.577413
4/30/2015	1.862976128	16.89651098
5/1/2015	1.753198139	16.58467855
5/2/2015	1.48769556	14.91635714
5/3/2015	1.647364517	16.35625039
5/4/2015	1.770973324	16.62957808
5/5/2015	1.757357251	16.06198328
5/6/2015	1.814444732	16.35380804
5/7/2015	1.875718918	17.03142334
5/8/2015	1.776514313	16.64601843
5/9/2015	1.513906226	15.15545239
5/10/2015	1.616204652	16.09317296
5/11/2015	1.794714158	16.6275724
5/12/2015	1.824125413	16.64059865
5/13/2015	1.88736116	17.0557679
5/14/2015	1.949071548	17.7073503
5/15/2015	1.837558573	17.25287965
5/16/2015	1.618789355	16.07892383
5/17/2015	1.710068882	16.69775521
5/18/2015	1.766701013	16.65131779
5/19/2015	1.83928667	16.87591483
5/20/2015	1.854743621	16.95748297
5/21/2015	1.84534507	16.9522161
5/22/2015	1.698690031	16.48635402
5/23/2015	1.391042136	15.07301455
5/24/2015	1.382450267	15.27916744
5/25/2015	1.624868476	16.3684411
5/26/2015	1.739290735	16.39988337
5/27/2015	1.763217065	16.39373127
5/28/2015	1.828323687	16.81025786
5/29/2015	1.74388617	16.5513212
5/30/2015	1.540190525	15.41514479
5/31/2015	1.746179938	17.12369659
6/1/2015	1.806015219	16.70239132
6/2/2015	1.834658033	16.56009503
6/3/2015	1.823552099	16.5929501
6/4/2015	1.832664284	16.85198263
6/5/2015	1.760545332	16.60018738
6/6/2015	1.494773642	15.12331654
6/7/2015	1.679708415	16.50405183
6/8/2015	1.771300341	16.57691814
6/9/2015	1.788753999	16.36476848
6/10/2015	1.829402187	16.6002079
6/11/2015	1.846396511	16.78943811
6/12/2015	1.743668025	16.45626243
6/13/2015	1.48843464	15.19079901
6/14/2015	1.635523091	16.19525235
6/15/2015	1.779546508	16.54895926
6/16/2015	1.820221269	16.44908551
6/17/2015	1.852457085	16.6998709
6/18/2015	1.845910157	16.65577745
6/19/2015	1.739714643	16.36152154
6/20/2015	1.49822185	15.15210089
6/21/2015	1.608230715	16.0068498
6/22/2015	1.756834093	16.49897965
6/23/2015	1.736221702	15.95596316
6/24/2015	1.830574699	16.71400333
6/25/2015	1.848458998	16.94042325
6/26/2015	1.757391342	17.40670509
6/27/2015	1.535919575	15.69679734
6/28/2015	1.705617335	16.76602744
6/29/2015	1.716702363	16.36885922
6/30/2015	1.721827155	16.07758046
7/1/2015	1.719896994	16.05686935
7/2/2015	1.688615335	16.70532289
7/3/2015	1.406705559	14.94529671
7/4/2015	1.290484252	14.80165397
7/5/2015	1.585470332	16.38343252
7/6/2015	1.673859051	16.25388323
7/7/2015	1.68717819	15.87470396
7/8/2015	1.699067254	15.78183487
7/9/2015	1.73216546	16.04512893
7/10/2015	1.690518454	16.16025584
7/11/2015	1.470278021	14.93522017
7/12/2015	1.621445426	15.94397148
7/13/2015	1.71984047	16.24413199
7/14/2015	1.739079049	16.06072972
7/15/2015	1.807842598	16.43312584
7/16/2015	1.84245016	16.96126151
7/17/2015	1.751927558	16.70609853
7/18/2015	1.47610999	15.11485438
7/19/2015	1.585790968	15.75798959
7/20/2015	1.710597721	16.26251463
7/21/2015	1.772107081	16.41027825
7/22/2015	1.816542889	16.73866191
7/23/2015	1.812524713	16.66836156
7/24/2015	1.716002649	16.38798388
7/25/2015	1.476412836	15.39994662
7/26/2015	1.598929788	16.03364013
7/27/2015	1.724531414	16.41807572
7/28/2015	1.714891352	15.96341611
7/29/2015	1.760595813	16.084062
7/30/2015	1.837875128	16.93987806
7/31/2015	1.767942534	17.35929283
8/1/2015	1.492609957	15.45177066
8/2/2015	1.594427459	16.08772071
8/3/2015	1.694113266	16.25300589
8/4/2015	1.706386182	16.05495316
8/5/2015	1.757132607	16.22973207
8/6/2015	1.791976818	16.56850325
8/7/2015	1.704794478	16.35106371
8/8/2015	1.474096209	15.27771154
8/9/2015	1.64564384	16.54996115
8/10/2015	1.70711793	16.39699437
8/11/2015	1.702310072	15.82352786
8/12/2015	1.760771678	16.47842419
8/13/2015	1.792907122	16.6245491
8/14/2015	1.720024212	16.59363042
8/15/2015	1.483843871	15.43782973
8/16/2015	1.59989138	16.13686475
8/17/2015	1.691751174	16.27025905
8/18/2015	1.684828052	15.92941179
8/19/2015	1.734378844	16.19404754
8/20/2015	1.748294803	16.41452008
8/21/2015	1.701419877	16.51994956
8/22/2015	1.464402233	15.37174728
8/23/2015	1.6182124	16.39525639
8/24/2015	1.68052406	16.28310843
8/25/2015	1.682280389	15.93988586
8/26/2015	1.731303449	16.19148469
8/27/2015	1.762928288	16.783522
8/28/2015	1.679452085	16.37840414
8/29/2015	1.46517601	15.37748157
8/30/2015	1.585134114	16.10906448
8/31/2015	1.67704957	16.1173474
9/1/2015	1.692723647	15.94017229
9/2/2015	1.714350536	16.01158168
9/3/2015	1.743480042	16.40747325
9/4/2015	1.642683191	16.46644003
9/5/2015	1.367933927	15.1866561
9/6/2015	1.387671103	15.60127312
9/7/2015	1.68104168	16.78393504
9/8/2015	1.77061229	16.93348069
9/9/2015	1.842905512	16.90012507
9/10/2015	1.898741872	17.39131348
9/11/2015	1.846052929	17.21483918
9/12/2015	1.560738618	15.52636057
9/13/2015	1.657169881	16.1176189
9/14/2015	1.733623613	16.34710757
9/15/2015	1.804208239	16.42123276
9/16/2015	1.901878154	17.17483094
9/17/2015	1.928181907	17.40944274
9/18/2015	1.841704483	17.07547619
9/19/2015	1.558259807	15.51124342
9/20/2015	1.613775816	16.12923178
9/21/2015	1.788435335	16.62820665
9/22/2015	1.727936432	15.78581283
9/23/2015	1.677076441	15.57993516
9/24/2015	1.76863103	16.2533588
9/25/2015	1.672416733	15.86809732
9/26/2015	1.556147134	15.66815607
9/27/2015	1.733461318	16.80653234
9/28/2015	1.980730016	19.42517492
9/29/2015	1.889685796	16.93873048
9/30/2015	1.935625028	17.18354712
10/1/2015	1.938296021	17.42134825
10/2/2015	1.781835386	16.53544031
10/3/2015	1.496269652	14.64563033
10/4/2015	1.689301084	16.1028894
10/5/2015	1.754947114	16.23838872
10/6/2015	1.795650925	16.23654147
10/7/2015	1.891059885	16.89940422
10/8/2015	1.901043628	17.15198133
10/9/2015	1.856288627	17.29200798
10/10/2015	1.556024315	15.6570126
10/11/2015	1.689750488	16.71032872
10/12/2015	1.761896175	16.57595853
10/13/2015	1.834498993	16.66583433
10/14/2015	1.87568016	16.8001427
10/15/2015	1.920152594	17.2132124
10/16/2015	1.831445509	16.89471271
10/17/2015	1.539367046	15.19993522
10/18/2015	1.693012111	16.29082444
10/19/2015	1.811161326	16.57046063
10/20/2015	1.834129716	16.5989105
10/21/2015	1.916227418	17.14530296
10/22/2015	1.90200094	17.1065675
10/23/2015	1.82217026	16.89546737
10/24/2015	1.568023291	16.00653624
10/25/2015	1.692070219	16.20430835
10/26/2015	1.802853592	16.64643349
10/27/2015	1.808052392	16.31616262
10/28/2015	1.85888206	16.68030318
10/29/2015	1.942524588	17.49785077
10/30/2015	1.835442305	17.1022312
10/31/2015	1.525170664	15.10795946
11/1/2015	1.730046758	16.74409618
11/2/2015	1.863658033	17.14725845
11/3/2015	1.811364641	16.33199718
11/4/2015	1.889763765	16.69501019
11/5/2015	1.939930725	17.1843721
11/6/2015	1.835471839	16.84833238
11/7/2015	1.565979686	15.20960721
11/8/2015	1.742431841	16.31672974
11/9/2015	1.881613664	16.78192195
11/10/2015	1.900346845	16.73067872
11/11/2015	1.94284086	16.87511011
11/12/2015	1.931667736	17.00911097
11/13/2015	1.847620141	16.65054797
11/14/2015	1.592134683	15.29607097
11/15/2015	1.770500283	16.50778242
11/16/2015	1.911318782	16.9528352
11/17/2015	1.903447752	16.50752833
11/18/2015	1.959914031	16.89852887
11/19/2015	1.99001366	17.33601566
11/20/2015	1.923076153	17.21392203
11/21/2015	1.574681584	15.09284245
11/22/2015	1.626129826	15.53576964
11/23/2015	1.659540602	15.49756042
11/24/2015	1.764500976	16.23835026
11/25/2015	1.650517944	16.64462107
11/26/2015	1.422896018	15.30433235
11/27/2015	1.278085867	14.3131579
11/28/2015	1.445300329	15.08382672
11/29/2015	1.710107539	16.47417068
11/30/2015	1.886330269	16.95122822
12/1/2015	1.890273338	16.77977995
12/2/2015	1.947962928	16.90088075
12/3/2015	1.940966102	17.15512707
12/4/2015	1.865256686	16.86206864
12/5/2015	1.579461274	15.29540468
12/6/2015	1.728464753	16.10012563
12/7/2015	1.86901738	16.6628527
12/8/2015	1.966642422	17.00600973
12/9/2015	2.020092865	17.36698473
12/10/2015	2.03884141	17.68110152
12/11/2015	1.947193346	17.41495665
12/12/2015	1.666582418	16.01363675
12/13/2015	1.770049541	16.670184
12/14/2015	1.80886194	16.0541717
12/15/2015	1.888833421	16.41271525
12/16/2015	1.919403192	16.52374889
12/17/2015	1.983008662	17.13650894
12/18/2015	1.856780389	16.59129344
12/19/2015	1.585150572	15.1387419
12/20/2015	1.58547708	15.30146768
12/21/2015	1.618901642	15.45314957
12/22/2015	1.658959082	15.77714915
12/23/2015	1.62725818	15.95013075
12/24/2015	1.37730652	14.70548916
12/25/2015	1.321825628	15.62863901
12/26/2015	1.310449966	15.33066007
12/27/2015	1.509640677	22.67922604
12/28/2015	1.468035476	15.83147241
12/29/2015	1.471301134	15.56304169
12/30/2015	1.57332545	16.46902194
12/31/2015	1.414156697	14.6856149
1/1/2016	1.451316603	15.63876223
1/2/2016	1.465754043	15.18943333
1/3/2016	1.663457344	16.09889312
1/4/2016	1.640309874	15.36654135
1/5/2016	1.65786554	15.09434234
1/6/2016	1.678885194	15.11897176
1/7/2016	1.730956916	15.30274523
1/8/2016	1.696222766	15.15874775
1/9/2016	1.543231941	14.33165939
1/10/2016	1.675048411	15.17258873
1/11/2016	1.776707311	15.5713527
1/12/2016	1.767912546	15.17686864
1/13/2016	1.78841311	15.14215376
1/14/2016	1.857873316	15.78436069
1/15/2016	1.840942086	16.06371551
1/16/2016	1.593853185	14.76511895
1/17/2016	1.634041952	15.00343713
1/18/2016	1.680688241	14.97955166
1/19/2016	1.853720478	15.8260624
1/20/2016	1.888370156	15.96265673
1/21/2016	1.893120455	16.11279515
1/22/2016	1.762940348	15.42298871
1/23/2016	1.690284401	14.88149445
1/24/2016	1.634055544	15.0983885
1/25/2016	2.094979988	18.63197362
1/26/2016	2.089821913	18.02772949
1/27/2016	1.979502471	16.81368018
1/28/2016	1.953901737	16.56725907
1/29/2016	1.843930745	16.00875711
1/30/2016	1.610913426	15.0073689
1/31/2016	1.740967469	15.74649967
2/1/2016	1.859628726	16.09985688
2/2/2016	1.848178238	15.60420196
2/3/2016	1.867263986	15.66642643
2/4/2016	1.905014302	16.02700493
2/5/2016	1.754199583	15.23933446
2/6/2016	1.560228973	14.42953937
2/7/2016	1.682500054	15.16103823
2/8/2016	1.771491077	15.41456278
2/9/2016	1.793757069	15.28379471
2/10/2016	1.840746828	15.53591657
2/11/2016	1.85686451	15.84236104
2/12/2016	1.865605202	16.74220577
2/13/2016	1.517160639	14.28509165
2/14/2016	1.54422082	14.51571206
2/15/2016	1.663642121	14.96065655
2/16/2016	1.874371137	16.76752836
2/17/2016	1.840090963	15.98515002
2/18/2016	1.83445615	15.91766372
2/19/2016	1.787583222	15.80882492
2/20/2016	1.622435478	15.02627273
2/21/2016	1.736749328	15.78690963
2/22/2016	1.845155244	15.98278667
2/23/2016	1.84132102	16.08107159
2/24/2016	1.855242847	15.64110422
2/25/2016	1.964809096	16.54280628
2/26/2016	1.797115257	15.78397253
2/27/2016	1.571300765	14.62851394
2/28/2016	1.746279802	15.99720594
2/29/2016	1.84267979	16.1244471
3/1/2016	1.820611302	15.70099869
3/2/2016	1.838730322	15.67702005
3/3/2016	1.877462154	16.00625257
3/4/2016	1.80315012	15.82081311
3/5/2016	1.5813526	14.75764454
3/6/2016	1.738817158	15.87982828
3/7/2016	1.856441034	16.28680806
3/8/2016	1.855065058	15.94146196
3/9/2016	1.9084702	16.32303326
3/10/2016	1.942617428	17.70467151
3/11/2016	1.846393615	16.35806953
3/12/2016	1.617863183	15.1715295
3/13/2016	1.754165379	16.14768674
3/14/2016	1.809303632	15.90062156
3/15/2016	1.860154315	16.10138458
3/16/2016	1.910626033	16.56646711
3/17/2016	1.936246763	16.9352369
3/18/2016	1.835699163	16.42256439
3/19/2016	1.603525668	15.01043928
3/20/2016	1.728404199	16.48750777
3/21/2016	1.81151961	16.14173166
3/22/2016	1.850739728	16.28450591
3/23/2016	1.863200775	16.34435225
3/24/2016	1.864302569	16.50338653
3/25/2016	1.707301864	15.9225669
3/26/2016	1.483434159	14.72632439
3/27/2016	1.639879527	15.90312722
3/28/2016	1.756827676	16.09794326
3/29/2016	1.791750513	15.89471947
3/30/2016	1.84501589	16.17698723
3/31/2016	1.88558979	16.59819075
4/1/2016	1.836255945	16.53484441
4/2/2016	1.602819863	15.00134179
4/3/2016	1.698683324	15.66871279
4/4/2016	1.822888764	16.06346764
4/5/2016	1.875642427	16.33391854
4/6/2016	1.882727919	16.21322215
4/7/2016	1.917323418	16.53486338
4/8/2016	1.830467082	16.24514678
4/9/2016	1.571268223	14.7302154
4/10/2016	1.7627611	16.1126531
4/11/2016	1.849451587	16.38349038
4/12/2016	1.850830532	16.03089521
4/13/2016	1.908782236	16.44496641
4/14/2016	1.961568506	16.92556981
4/15/2016	1.869671138	16.59804557
4/16/2016	1.638106575	15.37611558
4/17/2016	1.795154214	16.45378591
4/18/2016	1.891173211	16.783907
4/19/2016	1.891925393	16.49367074
4/20/2016	1.917553553	16.61416813
4/21/2016	2.007354811	17.49844039
4/22/2016	1.906844731	17.17677463
4/23/2016	1.582493179	15.24707833
4/24/2016	1.737531801	16.11229847
4/25/2016	1.848364268	16.45404618
4/26/2016	1.811814405	15.8190629
4/27/2016	1.898343117	16.51219451
4/28/2016	1.897778638	16.5458509
4/29/2016	1.80461028	16.26212464
4/30/2016	1.596402968	15.22560623
5/1/2016	1.703398964	15.84030428
5/2/2016	1.857863306	16.62781534
5/3/2016	1.863670012	16.34991101
5/4/2016	1.895684902	16.55617744
5/5/2016	1.951395496	16.97096159
5/6/2016	1.868413896	16.75096743
5/7/2016	1.564143816	14.98086688
5/8/2016	1.705513664	16.0811146
5/9/2016	1.901675447	16.93988104
5/10/2016	1.877451874	16.49197277
5/11/2016	1.949354653	16.92542361
5/12/2016	2.01053711	17.58463927
5/13/2016	1.950538986	17.4337124
5/14/2016	1.662678265	15.74874972
5/15/2016	1.772514402	16.35932907
5/16/2016	1.901191775	16.98162859
5/17/2016	1.981275332	17.46640131
5/18/2016	2.052704532	17.97603349
5/19/2016	2.016728485	17.75007948
5/20/2016	1.897636344	17.21147047
5/21/2016	1.65362396	15.86494146
5/22/2016	1.784130942	16.65679643
5/23/2016	1.855010491	16.70741979
5/24/2016	1.878010851	16.45762769
5/25/2016	1.923790749	16.88386449
5/26/2016	1.954162924	17.39477682
5/27/2016	1.753627391	16.58358645
5/28/2016	1.428630532	15.04794539
5/29/2016	1.474867832	15.54191405
5/30/2016	1.738017574	16.73829646
5/31/2016	1.830072414	16.74173117
6/1/2016	1.874096374	16.95708772
6/2/2016	1.891805646	17.22076078
6/3/2016	1.826230615	16.67210923
6/4/2016	1.601112453	15.43064019
6/5/2016	1.781001617	16.57993866
6/6/2016	1.944782755	17.33285957
6/7/2016	1.910644435	16.76018995
6/8/2016	2.008581852	17.50010093
6/9/2016	2.014827066	17.56975528
6/10/2016	1.873280168	17.36599252
6/11/2016	1.583107817	15.3356578
6/12/2016	1.769384732	16.72687544
6/13/2016	1.875229021	16.86800137
6/14/2016	1.892805589	16.68838697
6/15/2016	1.939831131	16.9630007
6/16/2016	1.950527848	16.97389523
6/17/2016	1.888616959	17.02196654
6/18/2016	1.598877427	15.62590398
6/19/2016	1.712772244	16.3006293
6/20/2016	1.849318931	16.68545781
6/21/2016	1.822520236	16.17566434
6/22/2016	1.916354208	16.88344236
6/23/2016	1.910532729	16.73849662
6/24/2016	1.862896651	17.0118843
6/25/2016	1.62213726	15.72245774
6/26/2016	1.831215076	17.3559088
6/27/2016	1.818507332	16.62854148
6/28/2016	1.824749248	16.30743837
6/29/2016	1.922576845	16.88525657
6/30/2016	1.947980773	20.8378886
7/1/2016	1.744128591	None
7/2/2016	1.532095218	None
7/3/2016	1.395617955	None
7/4/2016	1.635455624	None
7/5/2016	1.735259837	None
7/6/2016	1.682190169	None
7/7/2016	1.772469463	None
7/8/2016	1.732551266	None
7/9/2016	1.621834504	None
7/10/2016	1.748261421	None
7/11/2016	1.842111556	None
7/12/2016	1.845376087	None
7/13/2016	1.899235385	None
7/14/2016	1.970609739	None
7/15/2016	1.876420443	None
7/16/2016	1.593547867	None
7/17/2016	1.709711439	None
7/18/2016	1.819757592	None
7/19/2016	1.882440569	None
7/20/2016	1.915245624	None
7/21/2016	1.957662445	None
7/22/2016	1.819039987	None
7/23/2016	1.526309411	None
7/24/2016	1.689197954	None
7/25/2016	1.793073072	None
7/26/2016	1.872859797	None
7/27/2016	1.845366993	None
7/28/2016	1.891179992	None
7/29/2016	1.866113053	None
7/30/2016	1.584901823	None
7/31/2016	1.669686402	None
8/1/2016	1.855670469	None
8/2/2016	1.849454758	None
8/3/2016	1.86317441	None
8/4/2016	1.868753155	None
8/5/2016	1.757768125	None
8/6/2016	1.544517495	None
8/7/2016	1.670212782	None
8/8/2016	1.767248192	None
8/9/2016	1.772766892	None
8/10/2016	1.819755931	None
8/11/2016	1.826800665	None
8/12/2016	1.784305805	None
8/13/2016	1.511065845	None
8/14/2016	1.615034834	None
8/15/2016	1.769164344	None
8/16/2016	1.734203056	None
8/17/2016	1.837703239	None
8/18/2016	1.847855056	None
8/19/2016	1.750387713	None
8/20/2016	1.554502454	None
8/21/2016	1.668186125	None
8/22/2016	1.821313567	None
8/23/2016	1.807258965	None
8/24/2016	1.808542207	None
8/25/2016	1.826205311	None
8/26/2016	1.756742849	None
8/27/2016	1.518562293	None
8/28/2016	1.642629207	None
8/29/2016	1.73903364	None
8/30/2016	1.729701224	None
8/31/2016	1.78674128	None
9/1/2016	1.800860719	None
9/2/2016	1.713809773	None
9/3/2016	1.424795393	None
9/4/2016	1.470413559	None
9/5/2016	1.755328943	None
9/6/2016	1.817988116	None
9/7/2016	1.882542701	None
9/8/2016	1.920367981	None
9/9/2016	1.853773177	None
9/10/2016	1.608875675	None
9/11/2016	1.708775779	None
9/12/2016	1.894155125	None
9/13/2016	1.906657005	None
9/14/2016	1.985193562	None
9/15/2016	2.015442884	None
9/16/2016	1.917700635	None
9/17/2016	1.691309665	None
9/18/2016	1.817733579	None
9/19/2016	2.098694791	None
9/20/2016	2.019712612	None
9/21/2016	2.052315369	None
9/22/2016	2.024364016	None
9/23/2016	1.914359618	None
9/24/2016	1.628200499	None
9/25/2016	1.788904954	None
9/26/2016	1.88839806	None
9/27/2016	1.888672984	None
9/28/2016	1.933229437	None
9/29/2016	1.97385838	None
9/30/2016	1.931196858	None
10/1/2016	1.66801447	None
10/2/2016	1.738398444	None
10/3/2016	1.742649348	None
10/4/2016	1.805967642	None
10/5/2016	1.930731273	None
10/6/2016	1.959324325	None
10/7/2016	1.914162859	None
10/8/2016	1.602578203	None
10/9/2016	1.701846011	None
10/10/2016	1.765496432	None
10/11/2016	1.796485517	None
10/12/2016	1.767062619	None
10/13/2016	1.955398349	None
10/14/2016	1.891848433	None
10/15/2016	1.640910485	None
10/16/2016	1.7552234	None
10/17/2016	1.859557293	None
10/18/2016	1.884633481	None
10/19/2016	1.95960311	None
10/20/2016	1.996208422	None
10/21/2016	1.940678764	None
10/22/2016	1.600946271	None
10/23/2016	1.765428359	None
10/24/2016	1.840424687	None
10/25/2016	1.874398016	None
10/26/2016	1.959051144	None
10/27/2016	2.036937919	None
10/28/2016	1.908731032	None
10/29/2016	1.637941543	None
10/30/2016	1.765530105	None
10/31/2016	1.752318973	None
11/1/2016	1.877938607	None
11/2/2016	1.934839832	None
11/3/2016	1.988251612	None
11/4/2016	1.934424922	None
11/5/2016	1.618868785	None
11/6/2016	1.786246514	None
11/7/2016	1.889289584	None
11/8/2016	1.799892563	None
11/9/2016	2.035808564	None
11/10/2016	2.016541311	None
11/11/2016	1.916530549	None
11/12/2016	1.662257766	None
11/13/2016	1.855370448	None
11/14/2016	1.987329263	None
11/15/2016	1.994368764	None
11/16/2016	2.092268422	None
11/17/2016	2.06217421	None
11/18/2016	1.947596073	None
11/19/2016	1.657097324	None
11/20/2016	1.662124523	None
11/21/2016	1.732968298	None
11/22/2016	1.822271452	None
11/23/2016	1.715516957	None
11/24/2016	1.4214383	None
11/25/2016	1.316021032	None
11/26/2016	1.485693694	None
11/27/2016	1.787969522	None
11/28/2016	1.926074201	None
11/29/2016	1.92781676	None
11/30/2016	1.956884203	None
12/1/2016	1.955452119	None
12/2/2016	1.86966427	None
12/3/2016	1.628914952	None
12/4/2016	1.77743959	None
12/5/2016	1.919349947	None
12/6/2016	2.00886586	None
12/7/2016	2.055515494	None
12/8/2016	2.081285844	None
12/9/2016	1.949609066	None
12/10/2016	1.704418153	None
12/11/2016	1.794414104	None
12/12/2016	1.912694726	None
12/13/2016	1.948632982	None
12/14/2016	1.98081614	None
12/15/2016	2.016326196	None
12/16/2016	1.962056032	None
12/17/2016	1.652917259	None
12/18/2016	1.674409682	None
12/19/2016	1.719131402	None
12/20/2016	1.758305486	None
12/21/2016	1.758610292	None
12/22/2016	1.706265899	None
12/23/2016	1.575793996	None
12/24/2016	1.274963261	None
12/25/2016	1.318763141	None
12/26/2016	1.42968473	None
12/27/2016	1.512413273	None
12/28/2016	1.498826025	None
12/29/2016	1.478407662	None
12/30/2016	1.477801794	None
12/31/2016	1.388764336	None
