('8/19/2014', 24834)
('8/5/2014', 28094)
('9/14/2014', 28122)
('5/29/2014', 24930)
('5/21/2014', 23508)
('9/4/2014', 38360)
('5/6/2014', 19300)
('9/21/2014', 28620)
('5/2/2014', 24235)
('9/8/2014', 30360)
('9/20/2014', 38864)
('8/16/2014', 26234)
('6/11/2014', 25716)
('5/23/2014', 26465)
('4/26/2014', 24925)
('7/8/2014', 25763)
('4/1/2014', 14546)
('7/26/2014', 27708)
('6/13/2014', 31207)
('9/2/2014', 28831)
('8/4/2014', 24952)
('5/26/2014', 10202)
('8/24/2014', 22036)
('5/30/2014', 24413)
('9/24/2014', 31301)
('5/9/2014', 26385)
('8/28/2014', 28597)
('9/1/2014', 19961)
('5/25/2014', 10841)
('9/22/2014', 28312)
('8/7/2014', 32759)
('8/10/2014', 20584)
('4/7/2014', 19550)
('8/8/2014', 30411)
('5/15/2014', 26301)
('6/14/2014', 19327)
('7/24/2014', 32050)
('9/11/2014', 36439)
('8/25/2014', 22093)
('8/6/2014', 30495)
('4/29/2014', 22835)
('8/2/2014', 28678)
('9/13/2014', 43205)
('8/11/2014', 22632)
('4/3/2014', 20701)
('6/24/2014', 20779)
('9/29/2014', 29201)
('5/17/2014', 22294)
('7/18/2014', 29860)
('4/6/2014', 13445)
('5/24/2014', 14651)
('6/20/2014', 24271)
('7/20/2014', 21212)
('9/12/2014', 39540)
('6/1/2014', 15967)
('4/12/2014', 18170)
('8/23/2014', 27097)
('8/22/2014', 29512)
('5/3/2014', 22234)
('5/8/2014', 27513)
('8/3/2014', 23146)
('8/20/2014', 27955)
('6/17/2014', 21807)
('7/31/2014', 33541)
('4/11/2014', 20420)
('5/12/2014', 17470)
('4/18/2014', 18074)
('4/2/2014', 17474)
('6/18/2014', 24647)
('9/6/2014', 40520)
('6/2/2014', 17503)
('5/13/2014', 19498)
('8/1/2014', 32353)
('6/4/2014', 22831)
('5/1/2014', 23375)
('5/22/2014', 26802)
('4/17/2014', 20973)
('7/4/2014', 14148)
('7/5/2014', 10890)
('8/18/2014', 21956)
('6/15/2014', 14511)
('9/26/2014', 37504)
('4/22/2014', 16975)
('5/31/2014', 21261)
('9/3/2014', 32631)
('8/13/2014', 29788)
('7/21/2014', 23578)
('7/17/2014', 30710)
('4/19/2014', 14602)
('7/25/2014', 29975)
('4/9/2014', 16843)
('4/8/2014', 16188)
('5/20/2014', 20860)
('7/22/2014', 29029)
('6/28/2014', 21208)
('6/16/2014', 17778)
('9/27/2014', 39468)
('6/25/2014', 26460)
('8/27/2014', 27018)
('7/23/2014', 34073)
('6/30/2014', 18395)
('5/5/2014', 17859)
('8/21/2014', 32304)
('6/26/2014', 28516)
('4/4/2014', 26714)
('6/9/2014', 23244)
('6/8/2014', 15749)
('9/17/2014', 35531)
('4/23/2014', 20346)
('6/19/2014', 28594)
('8/12/2014', 29646)
('7/6/2014', 11443)
('9/25/2014', 38203)
('8/9/2014', 26286)
('9/15/2014', 29454)
('5/7/2014', 21891)
('9/28/2014', 29656)
('5/27/2014', 17004)
('6/23/2014', 17735)
('7/7/2014', 18280)
('5/16/2014', 32493)
('5/14/2014', 22218)
('9/19/2014', 41017)
('5/11/2014', 14901)
('4/10/2014', 20041)
('6/29/2014', 17107)
('6/10/2014', 22874)
('8/17/2014', 21209)
('8/31/2014', 23271)
('7/29/2014', 27589)
('6/27/2014', 24895)
('7/16/2014', 28607)
('4/15/2014', 20641)
('9/16/2014', 36092)
('8/29/2014', 27424)
('9/7/2014', 30134)
('6/21/2014', 19940)
('6/5/2014', 28371)
('5/19/2014', 18315)
('9/30/2014', 33431)
('7/2/2014', 26480)
('4/13/2014', 12112)
('9/5/2014', 42319)
('7/13/2014', 21082)
('9/23/2014', 30316)
('4/25/2014', 25095)
('7/30/2014', 30740)
('6/22/2014', 16322)
('7/3/2014', 21597)
('4/16/2014', 17717)
('7/9/2014', 27817)
('5/18/2014', 16508)
('4/14/2014', 12674)
('6/3/2014', 22674)
('8/15/2014', 28974)
('8/26/2014', 24550)
('7/10/2014', 30541)
('4/30/2014', 36251)
('4/21/2014', 13162)
('7/28/2014', 23981)
('8/14/2014', 30457)
('7/14/2014', 27350)
('4/24/2014', 23352)
('8/30/2014', 23930)
('4/27/2014', 14677)
('7/12/2014', 25936)
('7/11/2014', 28752)
('4/28/2014', 15475)
('5/4/2014', 13918)
('7/27/2014', 22590)
('7/1/2014', 21228)
('4/20/2014', 11017)
('6/12/2014', 29844)
('4/5/2014', 19521)
('7/19/2014', 25726)
('5/28/2014', 22240)
('6/6/2014', 24683)
('5/10/2014', 22550)
('9/18/2014', 40274)
('6/7/2014', 20889)
('9/10/2014', 35910)
('9/9/2014', 34560)
('7/15/2014', 33845)
