Pickup_year	Dropoff_Year	Date_delta	Count
2016	2016	12	1
2014	2014	-88	1
2014	2014	5	1
2014	2014	-40	1
2016	2016	-13	2
2016	1996	-7305	2
2016	2016	-26	1
2016	2016	88	1
2015	2015	47	1
2014	2014	-67	2
2016	2016	37	1
2015	2015	-1	38
2014	2014	-30	1
2016	2016	-86	1
2016	2016	31	2
2016	2016	48	1
2013	2013	7	4
2016	2016	-59	1
2014	2014	-52	1
2016	2016	-36	1
2014	2014	-11	2
2015	2015	25	2
2016	2016	125	4
2016	2016	18	4
2014	2014	-85	1
2016	2016	-6	1
2015	2016	478	10
2014	2014	-24	1
2015	2015	-8	1
2016	2016	8	2
2016	2016	39	1
2014	2014	-20	1
2016	2016	22	1
2014	2014	-44	1
2016	2016	-39	2
2015	2016	1	2362
2016	2016	-21	1
2014	2014	-58	1
2015	2015	222	3
2015	2015	228	6
2013	2013	0	69409904
2016	2016	-12	2
2014	2014	-23	1
2014	2014	-1	81
2015	2253	87065	6
2015	2015	23	1
2016	2016	83	1
2016	2016	-81	1
2015	2022	2807	1
2016	2016	-41	1
2016	2016	62	2
2014	2014	-8	5
2014	2014	-76	1
2016	2016	134	1
2016	2016	-15	1
2016	2016	126	1
2016	2016	129	1
2014	2014	-71	1
2014	2014	-55	2
2016	2016	38	2
2014	2014	-49	2
2016	2016	-62	2
2016	2016	-11	8
2015	2015	91	1
2016	2016	4	5
2016	2016	-47	1
2013	2013	9	1
2016	2016	-46	2
2016	2016	28	3
2016	2016	13	2
2016	2016	74	1
2014	2014	-73	1
2015	2015	188	1
2016	2016	-17	1
2016	2015	-373	1
2016	2016	40	3
2014	2014	-42	1
2016	2016	99	1
2016	2016	-55	2
2015	2015	12	4
2016	2016	81	1
2015	2015	160	1
2015	2016	381	9
2015	2015	-79	1
2014	2014	6	5
2014	2014	-57	1
2014	2014	-13	4
2016	2004	-4337	1
2015	2015	11	1
2016	2004	-4365	1
2015	2016	380	7
2016	2016	-24	1
2016	2016	15	1
2015	2015	17	1
2016	2016	20	1
2016	2016	2	12
2016	2016	14	1
2015	1900	-42362	1
2015	2015	-3	3
2016	2009	-2354	1
2014	2014	1	1571365
2015	2015	0	144494864
2015	2015	24	4
2014	2014	3	12
2016	2015	-365	1
2015	1900	-42214	1
2016	2016	45	1
2014	2014	-56	7
2014	2014	-62	2
2016	2016	11	2
2016	2016	105	2
2015	2016	518	2
2013	2013	3	1
2014	2014	-80	1
2015	2015	61	1
2015	2010	-2089	1
2014	2014	12	2
2015	2015	-5	1
2015	2015	35	80
2015	2015	20	7
2016	2016	35	1
2016	2016	-31	1
2016	2016	-3	2
2016	2016	1	1507337
2014	2014	-14	2
2015	2015	32	5
2013	2013	2	8
2016	2016	-45	1
2014	2014	-43	1
2016	2016	-32	2
2014	2014	-63	2
2014	2014	-17	1
2013	2014	1	1982
2016	2016	21	1
2013	2013	-4	1
2014	2014	-41	2
2016	2016	-30	1
2015	2015	-4	1
2016	2016	116	1
2016	2016	131	1
2015	2015	6	1
2014	2014	-86	1
2014	2014	-2	29
2016	2016	60	1
2013	2013	5	1
2016	2016	130	1
2015	2015	-14	16
2014	2014	-78	1
2015	2015	151	1
2015	2015	8	3
2014	2014	-74	1
2016	2016	66	2
2014	2014	-72	1
2014	2014	-35	1
2016	2016	-9	1
2014	2014	-15	2
2016	2016	-57	1
2014	2014	-6	5
2016	2016	75	1
2014	2014	-79	1
2015	2015	28	12
2013	2013	14	1
2016	2016	-63	1
2016	2016	-93	1
2016	2016	-22	1
2014	2014	-38	1
2016	2016	-2	12
2014	2014	-53	1
2014	2014	-46	1
2014	2014	-34	1
2016	2016	47	1
2014	2014	-28	1
2014	2014	-36	1
2014	2014	9	2
2016	2016	-66	1
2015	2015	67	1
2016	2016	23	1
2016	2016	-33	1
2014	2014	8	5
2015	2015	26	3
2016	2016	-56	1
2016	2016	-64	1
2015	2016	336	1
2014	2014	-64	1
2016	2017	1	1942
2014	2014	-4	14
2015	2015	14	9
2016	2016	80	2
2015	2015	10	24
2014	2014	-26	1
2016	2016	-14	2
2014	2014	-31	1
2015	1973	-15305	1
2016	2016	101	1
2014	2014	-69	1
2016	2016	-83	1
2014	2014	7	7
2015	2015	22	1
2016	2016	51	1
2016	2016	118	2
2016	2016	-35	1
2016	2016	-19	1
2014	2014	-16	2
2015	2015	9	4
2016	2016	29	2
2014	2014	-50	1
2016	2016	17	1
2016	2016	-60	2
2015	2015	34	5
2016	2016	-48	2
2014	2014	-68	1
2016	2016	115	1
2016	2016	-5	1
2016	2016	27	2
2016	2016	-20	2
2013	2013	-2	2
2014	2014	-18	1
2016	2016	79	1
2016	2016	10	1
2014	2014	-45	2
2016	2016	3	5
2016	2016	122	1
2014	2014	-10	4
2016	2016	94	1
2016	2016	-4	4
2016	2016	-18	2
2016	2016	56	2
2015	2015	3	6
2015	2008	-2624	1
2014	2014	-22	1
2016	2016	-67	1
2014	2014	-12	5
2016	2016	-34	2
2015	2015	29	2
2015	2015	18	3
2016	2016	-95	1
2015	2015	7	7
2016	2016	-1	6
2016	2016	132	2
2014	2014	-59	2
2016	2016	6	1
2015	2015	48	4
2016	2016	-10	1
2015	2015	223	1
2013	2013	1	656998
2015	2015	4	7
2014	2014	-61	1
2016	2016	-52	1
2016	2016	-38	1
2015	2015	242	2
2014	2014	2	41
2016	2016	69	1
2013	2014	22	1
2016	2016	-25	3
2016	2016	0	129655488
2014	2014	-29	2
2016	2016	91	1
2016	2016	7	4
2014	2014	-27	1
2015	2016	2	1
2014	2014	4	10
2013	2013	-1	11
2014	2014	-77	1
2015	2015	55	1
2013	2013	-3	1
2014	2014	-48	1
2015	2015	31	39
2016	2016	26	4
2016	2016	133	1
2014	2014	-25	2
2014	2014	-3	14
2015	2015	150	1
2014	2014	-51	2
2015	2015	1	1615251
2013	2013	11	10
2016	2016	32	2
2015	2015	187	6
2016	2016	42	2
2014	2014	0	158455560
2016	2016	-76	1
2016	2016	-61	2
2015	2015	59	3
2016	2016	-28	1
2014	2014	-83	1
2016	2016	-43	1
2014	2014	-7	6
2014	2014	-65	2
2013	2013	25	1
2014	2015	1	1839
2014	2014	-32	1
2016	2016	-54	1
2016	2016	-27	2
2015	2012	-1041	1
2016	2016	-53	2
2015	2015	5	4
2014	2014	-81	1
2014	2014	14	1
2014	2014	-5	6
2014	2014	-9	4
2014	2014	-39	1
2014	2014	-19	1
2014	2014	10	2
2016	2016	-7	33
2016	2016	19	1
2016	2016	-92	1
2014	2014	-84	1
2016	2016	82	1
2015	2015	21	9
2016	2016	-50	1
2014	2014	-21	3
2016	2016	-49	2
2016	2016	100	1
2016	2016	24	1
2016	2016	54	2
2015	2015	68	1
2015	2015	229	15
2015	2015	90	1
2015	2015	-2	7
2014	2014	-87	1
2016	2016	-8	2
2016	2016	119	1
2016	2016	-42	1
2016	2016	-40	1
2016	2016	85	1
2015	2015	19	53
2016	2016	41	2
2015	2015	16	2
2014	2014	-37	2
2015	2016	339	1
2015	2015	-22	1
2015	2015	2	24
2015	2015	77	25
2014	2014	-33	1
