Pickup_date	pickup_hour	Count
2014-02-12	7	19340
2014-02-22	16	9
2014-02-05	23	19283
2014-02-24	23	4448
2014-02-28	19	9493
2014-02-25	0	2872
2014-02-02	12	22084
2014-02-04	8	26967
2014-02-21	0	1
2014-02-25	12	6602
2014-02-15	0	14901
2014-02-16	2	11234
2014-02-12	8	22410
2014-02-13	4	2009
2014-02-07	12	22425
2014-02-26	23	17105
2014-02-07	5	5204
2014-02-02	7	5712
2014-02-01	8	11492
2014-02-04	20	29705
2014-02-16	4	5526
2014-02-07	16	17333
2014-02-21	7	121
2014-02-15	8	5083
2014-02-22	1	2
2014-02-25	2	1195
2014-02-10	13	15902
2014-02-02	10	17768
2014-02-19	10	10936
2014-02-18	1	2702
2014-02-16	17	12642
2014-02-13	11	6832
2014-02-23	4	6212
2014-02-18	6	5633
2014-02-08	22	31887
2014-02-15	20	13618
2014-02-25	15	6888
2014-02-10	9	19757
2014-02-14	4	1444
2014-02-25	22	6858
2014-02-12	12	18987
2014-02-15	17	12602
2014-02-22	3	3
2014-02-10	6	9619
2014-02-10	1	3710
2014-02-17	4	2110
2014-02-28	5	1669
2014-02-08	4	10413
2014-02-23	14	11393
2014-02-23	13	11646
2014-02-22	21	15
2014-02-08	5	4965
2014-02-14	7	9066
2014-02-17	17	12203
2014-02-23	18	12340
2014-02-09	21	18181
2014-02-02	22	29696
2014-02-20	20	1
2014-02-15	23	16165
2014-02-18	22	5
2014-02-09	22	15866
2014-02-10	16	15561
2014-02-06	2	4715
2014-02-10	3	1613
2014-02-15	12	12105
2014-02-24	9	6409
2014-02-28	10	6929
2014-02-13	18	12960
2014-02-18	16	9454
2014-02-23	1	13970
2014-02-25	10	6463
2014-02-05	1	7189
2014-02-04	2	3156
2014-02-09	4	12213
2014-02-02	13	21998
2014-02-14	20	17727
2014-02-24	20	7132
2014-02-07	10	23200
2014-02-26	1	2114
2014-02-17	22	9741
2014-02-01	10	19776
2014-02-12	23	18834
2014-02-06	9	25933
2014-02-05	15	20056
2014-02-14	6	4945
2014-02-13	1	7314
2014-02-02	2	25149
2014-02-11	5	3338
2014-02-05	5	3219
2014-02-16	7	2572
2014-02-09	3	18975
2014-02-11	19	26369
2014-02-15	5	2558
2014-02-24	8	6563
2014-02-02	19	15687
2014-02-03	3	4436
2014-02-09	11	23146
2014-02-09	2	24436
2014-02-09	5	5284
2014-02-13	6	5613
2014-02-04	17	23117
2014-02-05	17	22303
2014-02-27	17	18485
2014-02-06	21	30949
2014-02-07	13	22180
2014-02-22	8	2
2014-02-07	11	22829
2014-02-08	16	22978
2014-02-21	9	11721
2014-02-22	2	1
2014-02-09	10	19615
2014-02-13	8	9000
2014-02-13	9	8207
2014-02-23	6	2403
2014-02-12	11	18364
2014-02-17	1	5239
2014-02-05	21	27246
2014-02-01	17	25095
2014-02-03	18	24418
2014-02-17	3	2544
2014-02-07	14	23387
2014-02-24	6	3561
2014-02-25	11	6206
2014-02-27	10	18374
2014-02-11	23	18142
2014-02-23	23	6222
2014-02-11	2	2832
2014-02-05	0	11615
2014-02-15	6	2641
2014-02-01	3	18034
2014-02-05	20	27058
2014-02-07	0	19706
2014-02-13	16	8356
2014-02-15	21	13456
2014-02-24	10	5961
2014-02-26	11	5977
2014-02-26	4	1105
2014-02-20	2	614
2014-02-06	17	21051
2014-02-08	10	21507
2014-02-11	6	10016
2014-02-19	22	13732
2014-02-11	14	19829
2014-02-27	23	7172
2014-02-23	19	10994
2014-02-09	14	25073
2014-02-28	23	8603
2014-02-10	15	17268
2014-02-09	18	27478
2014-02-10	12	16181
2014-02-23	8	4848
2014-02-23	3	9967
2014-02-18	4	1134
2014-02-05	22	25130
2014-02-02	11	20213
2014-02-13	21	13834
2014-02-26	10	6500
2014-02-04	22	25773
2014-02-01	23	32483
2014-02-08	6	5334
2014-02-19	9	12525
2014-02-09	1	29076
2014-02-16	9	6248
2014-02-12	9	21326
2014-02-16	12	11764
2014-02-01	0	31295
2014-02-02	0	31190
2014-02-17	13	10887
2014-02-18	8	11964
2014-02-25	8	6931
2014-02-24	18	8168
2014-02-20	13	12
2014-02-01	18	30460
2014-02-05	11	18599
2014-02-02	9	13336
2014-02-17	2	3660
2014-02-26	21	17039
2014-02-08	18	32655
2014-02-11	4	1727
2014-02-22	23	21
2014-02-03	10	18351
2014-02-03	1	8742
2014-02-20	23	9
2014-02-08	1	25701
2014-02-01	9	16268
2014-02-13	5	2425
2014-02-24	2	1217
2014-02-06	6	13144
2014-02-15	16	11460
2014-02-07	23	32677
2014-02-04	6	12524
2014-02-06	3	3150
2014-02-19	3	521
2014-02-09	23	12505
2014-02-27	20	8583
2014-02-22	7	4
2014-02-22	15	6
2014-02-15	19	16462
2014-02-10	20	23093
2014-02-27	9	20079
2014-02-08	9	18335
2014-02-17	20	11243
2014-02-03	22	17763
2014-02-05	16	17799
2014-02-19	1	2
2014-02-26	3	1053
2014-02-22	17	7
2014-02-16	6	1951
2014-02-14	11	11039
2014-02-18	5	2190
2014-02-16	13	12310
2014-02-08	12	27266
2014-02-09	16	23124
2014-02-02	5	6037
2014-02-24	4	1038
2014-02-20	17	4
2014-02-07	17	21903
2014-02-03	19	24255
2014-02-26	12	6516
2014-02-07	18	29329
2014-02-11	21	25900
2014-02-13	19	13073
2014-02-16	5	2332
2014-02-04	13	21373
2014-02-06	7	23230
2014-02-17	18	13977
2014-02-13	13	8655
2014-02-19	4	1244
2014-02-24	7	5964
2014-02-28	8	7296
2014-02-15	2	9830
2014-02-19	14	10079
2014-02-28	21	8696
2014-02-15	4	5195
2014-02-27	12	18713
2014-02-25	21	7807
2014-02-19	17	11740
2014-02-12	19	26517
2014-02-03	21	20240
2014-02-14	14	11844
2014-02-24	3	958
2014-02-22	18	6
2014-02-14	12	10864
2014-02-28	17	6793
2014-02-23	7	2804
2014-02-13	2	4424
2014-02-22	9	2
2014-02-27	5	3421
2014-02-25	19	8060
2014-02-28	12	7297
2014-02-11	13	18540
2014-02-18	13	9555
2014-02-21	6	5
2014-02-18	2	1457
2014-02-03	0	13438
2014-02-23	2	12771
2014-02-09	15	24779
2014-02-07	3	5641
2014-02-27	3	2600
2014-02-23	5	2779
2014-02-18	17	11562
2014-02-08	17	26029
2014-02-14	16	9402
2014-02-28	2	2553
2014-02-08	20	31090
2014-02-21	2	1
2014-02-26	19	8824
2014-02-20	8	2
2014-02-24	21	6671
2014-02-01	7	7288
2014-02-11	17	19044
2014-02-28	14	7834
2014-02-02	23	20925
2014-02-16	23	10176
2014-02-13	10	7032
2014-02-15	18	15126
2014-02-19	18	14820
2014-02-01	16	22204
2014-02-16	21	11244
2014-02-11	16	14658
2014-02-26	5	1442
2014-02-07	21	31766
2014-02-12	14	18462
2014-02-03	14	18019
2014-02-12	5	3522
2014-02-17	6	2795
2014-02-19	20	15183
2014-02-08	14	26889
2014-02-03	15	18995
2014-02-26	22	21857
2014-02-24	13	6297
2014-02-19	12	11730
2014-02-17	8	7004
2014-02-05	13	18839
2014-02-26	18	8211
2014-02-25	5	1313
2014-02-15	10	9586
2014-02-13	20	13426
2014-02-24	19	7843
2014-02-01	1	27529
2014-02-03	16	16157
2014-02-03	20	21635
2014-02-08	19	33629
2014-02-20	0	5550
2014-02-14	21	16273
2014-02-25	7	6447
2014-02-05	18	29156
2014-02-08	13	27977
2014-02-10	21	22263
2014-02-12	3	2167
2014-02-04	23	18801
2014-02-23	0	946
2014-02-06	13	22577
2014-02-13	3	2870
2014-02-25	17	6669
2014-02-11	0	8113
2014-02-06	10	23530
2014-02-28	0	5402
2014-02-18	12	10086
2014-02-01	11	23088
2014-02-11	1	4612
2014-02-26	16	5307
2014-02-25	9	6504
2014-02-20	15	11
2014-02-16	15	11220
2014-02-04	3	2146
2014-02-10	17	19558
2014-02-11	18	24823
2014-02-12	16	13310
2014-02-19	19	15888
2014-02-27	0	10992
2014-02-04	11	22043
2014-02-23	15	10684
2014-02-28	13	7435
2014-02-08	11	24571
2014-02-10	19	24711
2014-02-12	20	25617
2014-02-01	5	5768
2014-02-01	19	32221
2014-02-07	15	21283
2014-02-15	13	12328
2014-02-14	1	4085
2014-02-19	5	2033
2014-02-20	5	229
2014-02-14	13	11229
2014-02-20	1	1344
2014-02-06	18	28645
2014-02-08	15	26522
2014-02-06	4	3014
2014-02-26	6	3634
2014-02-25	4	936
2014-02-22	11	1
2014-02-18	19	7581
2014-02-16	11	10746
2014-02-18	18	13537
2014-02-02	6	4811
2014-02-06	11	22565
2014-02-12	13	17987
2014-02-11	10	20792
2014-02-13	23	9240
2014-02-13	12	8360
2014-02-04	7	22245
2014-02-20	6	73
2014-02-17	12	10821
2014-02-27	2	3873
2014-02-28	6	4097
2014-02-18	9	11818
2014-02-21	3	1
2014-02-18	20	555
2014-02-07	9	26085
2014-02-08	23	33549
2014-02-13	15	9246
2014-02-15	9	7582
2014-02-27	16	15095
2014-02-19	7	10692
2014-02-23	12	11720
2014-02-11	3	1757
2014-02-16	1	13239
2014-02-06	15	21257
2014-02-08	8	12552
2014-02-05	7	16538
2014-02-05	10	19732
2014-02-14	5	1940
2014-02-15	22	15045
2014-02-03	5	5486
2014-02-28	18	8705
2014-02-17	21	10467
2014-02-16	0	15085
2014-02-24	5	1390
2014-02-15	7	3376
2014-02-10	10	16422
2014-02-04	16	18630
2014-02-07	22	32964
2014-02-23	21	8767
2014-02-10	2	2277
2014-02-12	15	16410
2014-02-02	3	19973
2014-02-11	22	23223
2014-02-02	1	28871
2014-02-27	19	8687
2014-02-06	22	30012
2014-02-06	0	13077
2014-02-04	5	4629
2014-02-10	23	13174
2014-02-18	23	5
2014-02-16	22	11238
2014-02-15	1	12302
2014-02-16	20	11734
2014-02-05	3	2694
2014-02-04	14	23261
2014-02-12	2	3550
2014-02-20	16	5
2014-02-06	16	16731
2014-02-04	15	22682
2014-02-19	21	14569
2014-02-05	6	9213
2014-02-03	6	12002
2014-02-22	20	10
2014-02-14	19	17902
2014-02-26	14	6529
2014-02-08	2	20903
2014-02-10	0	6831
2014-02-12	18	24139
2014-02-16	16	11236
2014-02-04	1	5010
2014-02-17	16	10724
2014-02-07	4	4555
2014-02-04	0	8327
2014-02-26	9	6608
2014-02-22	22	6
2014-02-09	0	31912
2014-02-09	7	5579
2014-02-27	22	8001
2014-02-28	9	6875
2014-02-25	1	1798
2014-02-04	21	29133
2014-02-23	20	9833
2014-02-14	17	12605
2014-02-13	14	9464
2014-02-07	20	32668
2014-02-02	14	21783
2014-02-27	14	19720
2014-02-17	7	4212
2014-02-25	6	3708
2014-02-11	12	19308
2014-02-14	22	16070
2014-02-27	1	6322
2014-02-19	13	10415
2014-02-25	3	850
2014-02-19	8	12816
2014-02-28	16	5550
2014-02-18	10	10704
2014-02-21	10	245
2014-02-02	17	28303
2014-02-27	11	18069
2014-02-25	18	8022
2014-02-16	10	8621
2014-02-02	15	20451
2014-02-04	18	30660
2014-02-23	9	6557
2014-02-03	2	5958
2014-02-05	8	20626
2014-02-10	7	16784
2014-02-25	16	5478
2014-02-20	14	17
2014-02-03	11	17875
2014-02-10	11	15578
2014-02-15	3	7480
2014-02-28	1	3541
2014-02-13	17	10123
2014-02-14	10	11099
2014-02-23	22	7484
2014-02-01	6	5420
2014-02-01	15	24944
2014-02-02	21	21699
2014-02-13	22	11160
2014-02-11	15	18486
2014-02-17	19	13234
2014-02-19	16	8546
2014-02-01	4	12156
2014-02-01	12	25274
2014-02-27	8	21023
2014-02-05	12	19680
2014-02-05	2	4349
2014-02-24	17	6731
2014-02-25	23	5064
2014-02-23	16	10404
2014-02-22	13	1
2014-02-09	12	25602
2014-02-17	10	9014
2014-02-24	16	5747
2014-02-26	8	6940
2014-02-06	12	23319
2014-02-07	19	33526
2014-02-14	18	16143
2014-02-03	4	4231
2014-02-26	20	10799
2014-02-04	10	22807
2014-02-23	10	9035
2014-02-18	0	4609
2014-02-24	11	6045
2014-02-06	19	31680
2014-02-03	23	13958
2014-02-03	7	19705
2014-02-06	14	23884
2014-02-07	8	26908
2014-02-12	4	2197
2014-02-19	6	5552
2014-02-24	1	1728
2014-02-28	4	1508
2014-02-17	14	10883
2014-02-22	10	3
2014-02-07	7	23339
2014-02-13	7	8927
2014-02-05	9	21467
2014-02-16	14	11749
2014-02-14	23	16158
2014-02-23	17	11353
2014-02-26	2	1388
2014-02-27	7	18184
2014-02-02	20	17412
2014-02-04	9	25778
2014-02-01	22	30369
2014-02-27	4	2482
2014-02-03	13	17311
2014-02-06	1	7579
2014-02-14	15	10958
2014-02-08	3	15735
2014-02-09	9	13661
2014-02-16	19	13133
2014-02-24	14	6835
2014-02-10	8	20027
2014-02-05	19	29999
2014-02-22	6	3
2014-02-18	3	935
2014-02-19	2	6
2014-02-03	8	21405
2014-02-09	6	4754
2014-02-11	11	19595
2014-02-14	3	1707
2014-02-11	7	19260
2014-02-26	13	6223
2014-02-16	3	8419
2014-02-19	15	9562
2014-02-24	22	6114
2014-02-01	2	23597
2014-02-05	4	1984
2014-02-27	13	18511
2014-02-28	3	1706
2014-02-17	23	7705
2014-02-17	5	1747
2014-02-08	0	30316
2014-02-12	10	18800
2014-02-21	8	7750
2014-02-10	22	18700
2014-02-22	19	6
2014-02-26	7	6444
2014-02-26	0	3293
2014-02-28	11	7172
2014-02-26	17	6659
2014-02-12	22	24082
2014-02-20	3	30
2014-02-09	8	8924
2014-02-18	7	9544
2014-02-19	0	2
2014-02-28	20	8930
2014-02-25	20	7699
2014-02-16	18	13780
2014-02-17	9	8243
2014-02-13	0	12165
2014-02-27	15	18690
2014-02-25	13	6390
2014-02-24	0	2648
2014-02-11	8	22721
2014-02-12	0	10851
2014-02-03	17	19395
2014-02-05	14	20069
2014-02-07	2	8125
2014-02-07	6	12697
2014-02-08	21	30015
2014-02-14	2	2527
2014-02-03	12	17938
2014-02-02	18	26769
2014-02-10	14	17090
2014-02-12	6	10344
2014-02-01	20	29071
2014-02-17	0	7617
2014-02-07	1	12480
2014-02-02	8	9609
2014-02-14	8	11607
2014-02-14	0	6985
2014-02-04	19	31186
2014-02-03	9	20800
2014-02-04	12	21835
2014-02-17	11	9941
2014-02-16	8	3916
2014-02-01	21	29370
2014-02-01	14	25077
2014-02-06	20	31172
2014-02-10	18	24239
2014-02-28	15	7017
2014-02-09	20	19518
2014-02-06	5	4742
2014-02-02	16	21459
2014-02-12	17	18082
2014-02-10	4	1783
2014-02-09	17	24448
2014-02-17	15	10885
2014-02-28	22	8730
2014-02-26	15	6635
2014-02-06	8	26573
2014-02-10	5	3525
2014-02-27	18	9494
2014-02-18	15	10441
2014-02-14	9	12296
2014-02-01	13	25504
2014-02-24	12	6024
2014-02-12	1	5890
2014-02-19	11	12308
2014-02-18	11	10066
2014-02-24	15	6919
2014-02-18	14	10175
2014-02-15	14	11633
2014-02-11	9	22432
2014-02-12	21	25001
2014-02-18	21	5
2014-02-20	4	133
2014-02-11	20	26816
2014-02-15	11	11988
2014-02-09	13	26185
2014-02-06	23	26240
2014-02-28	7	6562
2014-02-02	4	13290
2014-02-04	4	2656
2014-02-09	19	23439
2014-02-27	21	8399
2014-02-27	6	10085
2014-02-25	14	6937
2014-02-23	11	10721
2014-02-08	7	7609
2014-02-19	23	10338
2014-02-15	15	11662
